[ 2015-09-14T19:42:05+08:00 ] 127.0.0.1 /wisdom/index.php/
INFO: [ app_init ] --START--
INFO: Run Behavior\BuildLiteBehavior [ RunTime:0.000000s ]
INFO: [ app_init ] --END-- [ RunTime:0.001000s ]
INFO: [ app_begin ] --START--
INFO: Run Behavior\ReadHtmlCacheBehavior [ RunTime:0.000000s ]
INFO: [ app_begin ] --END-- [ RunTime:0.000000s ]

[ 2015-09-14T19:42:05+08:00 ] 127.0.0.1 /wisdom/index.php/Home/Login/login.html
INFO: [ app_init ] --START--
INFO: Run Behavior\BuildLiteBehavior [ RunTime:0.000000s ]
INFO: [ app_init ] --END-- [ RunTime:0.001000s ]
INFO: [ app_begin ] --START--
INFO: Run Behavior\ReadHtmlCacheBehavior [ RunTime:0.001000s ]
INFO: [ app_begin ] --END-- [ RunTime:0.001000s ]
INFO: [ view_parse ] --START--
INFO: [ template_filter ] --START--
INFO: Run Behavior\ContentReplaceBehavior [ RunTime:0.000000s ]
INFO: [ template_filter ] --END-- [ RunTime:0.000000s ]
INFO: Run Behavior\ParseTemplateBehavior [ RunTime:0.018001s ]
INFO: [ view_parse ] --END-- [ RunTime:0.019001s ]
INFO: [ view_filter ] --START--
INFO: Run Behavior\WriteHtmlCacheBehavior [ RunTime:0.000000s ]
INFO: [ view_filter ] --END-- [ RunTime:0.001000s ]
INFO: [ app_end ] --START--
INFO: Run Behavior\ShowPageTraceBehavior [ RunTime:0.001000s ]
INFO: [ app_end ] --END-- [ RunTime:0.001000s ]

[ 2015-09-14T19:42:16+08:00 ] 127.0.0.1 /wisdom/index.php/Home/Office/index
INFO: [ app_init ] --START--
INFO: Run Behavior\BuildLiteBehavior [ RunTime:0.000000s ]
INFO: [ app_init ] --END-- [ RunTime:0.001000s ]
INFO: [ app_begin ] --START--
INFO: Run Behavior\ReadHtmlCacheBehavior [ RunTime:0.001000s ]
INFO: [ app_begin ] --END-- [ RunTime:0.001000s ]
SQL: SHOW COLUMNS FROM `t_user_role` [ RunTime:0.0110s ]
SQL: SELECT * FROM `t_user_role` WHERE ( f_user_id=9433 ) LIMIT 1   [ RunTime:0.0110s ]
NOTIC: [8] Undefined variable: access_array D:\wamp\www\wisdom\App\Home\Controller\CommonController.class.php 第 44 行.
SQL: SHOW COLUMNS FROM `t_syscolumn` [ RunTime:0.0120s ]
SQL: SELECT * FROM `t_syscolumn` WHERE ( F_SYS_COLUMN_PID=0 and F_SYS_COLUMN_STATE=1 ) ORDER BY F_SYS_COLUMN_SORT  [ RunTime:0.0100s ]
SQL: SELECT * FROM `t_syscolumn` WHERE ( F_SYS_COLUMN_PID=1 and F_SYS_COLUMN_STATE=1 ) ORDER BY F_SYS_COLUMN_SORT  [ RunTime:0.0100s ]
NOTIC: [8] Undefined variable: url D:\wamp\www\wisdom\App\Home\Controller\OfficeController.class.php 第 298 行.
NOTIC: [8] Undefined variable: url D:\wamp\www\wisdom\App\Home\Controller\OfficeController.class.php 第 275 行.
INFO: [ view_parse ] --START--
INFO: [ template_filter ] --START--
INFO: Run Behavior\ContentReplaceBehavior [ RunTime:0.001000s ]
INFO: [ template_filter ] --END-- [ RunTime:0.001000s ]
NOTIC: [2] in_array() expects parameter 2 to be array, null given D:\wamp\www\wisdom\App\Runtime\Cache\Home\0b01e5905be889cb10a466b2c620d50c.php 第 59 行.
NOTIC: [2] in_array() expects parameter 2 to be array, null given D:\wamp\www\wisdom\App\Runtime\Cache\Home\0b01e5905be889cb10a466b2c620d50c.php 第 60 行.
NOTIC: [8] Undefined variable: getWorkSet_userNames D:\wamp\www\wisdom\App\Runtime\Cache\Home\0b01e5905be889cb10a466b2c620d50c.php 第 403 行.
NOTIC: [8] Undefined variable: getWorkSet_userIds D:\wamp\www\wisdom\App\Runtime\Cache\Home\0b01e5905be889cb10a466b2c620d50c.php 第 415 行.
NOTIC: [8] Undefined variable: getNoticeList_list D:\wamp\www\wisdom\App\Runtime\Cache\Home\0b01e5905be889cb10a466b2c620d50c.php 第 635 行.
INFO: Run Behavior\ParseTemplateBehavior [ RunTime:0.029002s ]
INFO: [ view_parse ] --END-- [ RunTime:0.029002s ]
INFO: [ view_filter ] --START--
INFO: Run Behavior\WriteHtmlCacheBehavior [ RunTime:0.001000s ]
INFO: [ view_filter ] --END-- [ RunTime:0.001000s ]
INFO: [ app_end ] --START--
INFO: Run Behavior\ShowPageTraceBehavior [ RunTime:0.001000s ]
INFO: [ app_end ] --END-- [ RunTime:0.001000s ]

[ 2015-09-14T19:42:20+08:00 ] 127.0.0.1 /wisdom/index.php/Home/Business/index
INFO: [ app_init ] --START--
INFO: Run Behavior\BuildLiteBehavior [ RunTime:0.000000s ]
INFO: [ app_init ] --END-- [ RunTime:0.001000s ]
INFO: [ app_begin ] --START--
INFO: Run Behavior\ReadHtmlCacheBehavior [ RunTime:0.001001s ]
INFO: [ app_begin ] --END-- [ RunTime:0.001001s ]
SQL: SHOW COLUMNS FROM `t_user_role` [ RunTime:0.0070s ]
SQL: SELECT * FROM `t_user_role` WHERE ( f_user_id=9433 ) LIMIT 1   [ RunTime:0.0060s ]
NOTIC: [8] Undefined variable: access_array D:\wamp\www\wisdom\App\Home\Controller\CommonController.class.php 第 44 行.
SQL: SHOW COLUMNS FROM `t_syscolumn` [ RunTime:0.0080s ]
SQL: SELECT * FROM `t_syscolumn` WHERE ( F_SYS_COLUMN_PID=0 and F_SYS_COLUMN_STATE=1 ) ORDER BY F_SYS_COLUMN_SORT  [ RunTime:0.0070s ]
SQL: SELECT * FROM `t_syscolumn` WHERE ( F_SYS_COLUMN_PID=2 and F_SYS_COLUMN_STATE=1 ) ORDER BY F_SYS_COLUMN_SORT  [ RunTime:0.0060s ]
SQL: SELECT * FROM `t_syscolumn`  [ RunTime:0.0100s ]
INFO: [ view_parse ] --START--
INFO: [ template_filter ] --START--
INFO: Run Behavior\ContentReplaceBehavior [ RunTime:0.000000s ]
INFO: [ template_filter ] --END-- [ RunTime:0.000000s ]
NOTIC: [2] in_array() expects parameter 2 to be array, null given D:\wamp\www\wisdom\App\Runtime\Cache\Home\908a50a48ac88a7e4aa32f5d48247994.php 第 59 行.
NOTIC: [2] in_array() expects parameter 2 to be array, null given D:\wamp\www\wisdom\App\Runtime\Cache\Home\908a50a48ac88a7e4aa32f5d48247994.php 第 60 行.
INFO: Run Behavior\ParseTemplateBehavior [ RunTime:0.019001s ]
INFO: [ view_parse ] --END-- [ RunTime:0.020001s ]
INFO: [ view_filter ] --START--
INFO: Run Behavior\WriteHtmlCacheBehavior [ RunTime:0.000000s ]
INFO: [ view_filter ] --END-- [ RunTime:0.000000s ]
INFO: [ app_end ] --START--
INFO: Run Behavior\ShowPageTraceBehavior [ RunTime:0.000000s ]
INFO: [ app_end ] --END-- [ RunTime:0.000000s ]

[ 2015-09-14T19:42:21+08:00 ] 127.0.0.1 /wisdom/index.php/Home/Business/review
INFO: [ app_init ] --START--
INFO: Run Behavior\BuildLiteBehavior [ RunTime:0.001000s ]
INFO: [ app_init ] --END-- [ RunTime:0.001000s ]
INFO: [ app_begin ] --START--
INFO: Run Behavior\ReadHtmlCacheBehavior [ RunTime:0.000000s ]
INFO: [ app_begin ] --END-- [ RunTime:0.000000s ]
SQL: SHOW COLUMNS FROM `t_user_role` [ RunTime:0.0040s ]
SQL: SELECT * FROM `t_user_role` WHERE ( f_user_id=9433 ) LIMIT 1   [ RunTime:0.0050s ]
NOTIC: [8] Undefined variable: access_array D:\wamp\www\wisdom\App\Home\Controller\CommonController.class.php 第 44 行.
SQL: SHOW COLUMNS FROM `t_syscolumn` [ RunTime:0.0040s ]
SQL: SELECT * FROM `t_syscolumn` WHERE ( F_SYS_COLUMN_PID=0 and F_SYS_COLUMN_STATE=1 ) ORDER BY F_SYS_COLUMN_SORT  [ RunTime:0.0040s ]
SQL: SELECT * FROM `t_syscolumn` WHERE ( F_SYS_COLUMN_PID=2 and F_SYS_COLUMN_STATE=1 ) ORDER BY F_SYS_COLUMN_SORT  [ RunTime:0.0050s ]
SQL: SELECT * FROM `t_syscolumn`  [ RunTime:0.0040s ]
INFO: [ view_parse ] --START--
INFO: [ template_filter ] --START--
INFO: Run Behavior\ContentReplaceBehavior [ RunTime:0.001000s ]
INFO: [ template_filter ] --END-- [ RunTime:0.001000s ]
NOTIC: [2] in_array() expects parameter 2 to be array, null given D:\wamp\www\wisdom\App\Runtime\Cache\Home\9f840edf1e07acb8899c4917ba19d635.php 第 59 行.
NOTIC: [2] in_array() expects parameter 2 to be array, null given D:\wamp\www\wisdom\App\Runtime\Cache\Home\9f840edf1e07acb8899c4917ba19d635.php 第 60 行.
NOTIC: [2] in_array() expects parameter 2 to be array, null given D:\wamp\www\wisdom\App\Runtime\Cache\Home\9f840edf1e07acb8899c4917ba19d635.php 第 212 行.
NOTIC: [2] in_array() expects parameter 2 to be array, null given D:\wamp\www\wisdom\App\Runtime\Cache\Home\9f840edf1e07acb8899c4917ba19d635.php 第 384 行.
NOTIC: [2] in_array() expects parameter 2 to be array, null given D:\wamp\www\wisdom\App\Runtime\Cache\Home\9f840edf1e07acb8899c4917ba19d635.php 第 384 行.
NOTIC: [2] in_array() expects parameter 2 to be array, null given D:\wamp\www\wisdom\App\Runtime\Cache\Home\9f840edf1e07acb8899c4917ba19d635.php 第 401 行.
NOTIC: [2] in_array() expects parameter 2 to be array, null given D:\wamp\www\wisdom\App\Runtime\Cache\Home\9f840edf1e07acb8899c4917ba19d635.php 第 401 行.
INFO: Run Behavior\ParseTemplateBehavior [ RunTime:0.023001s ]
INFO: [ view_parse ] --END-- [ RunTime:0.023001s ]
INFO: [ view_filter ] --START--
INFO: Run Behavior\WriteHtmlCacheBehavior [ RunTime:0.000000s ]
INFO: [ view_filter ] --END-- [ RunTime:0.000000s ]
INFO: [ app_end ] --START--
INFO: Run Behavior\ShowPageTraceBehavior [ RunTime:0.000000s ]
INFO: [ app_end ] --END-- [ RunTime:0.000000s ]

