[ 2015-08-21T15:54:08+08:00 ] 127.0.0.1 /wisdom/index.php/Mobileweb/Authority/index?dealerid=63
INFO: [ app_init ] --START--
INFO: Run Behavior\BuildLiteBehavior [ RunTime:0.000000s ]
INFO: [ app_init ] --END-- [ RunTime:0.000000s ]
INFO: [ app_begin ] --START--
INFO: Run Behavior\ReadHtmlCacheBehavior [ RunTime:0.001000s ]
INFO: [ app_begin ] --END-- [ RunTime:0.001000s ]
SQL: SHOW COLUMNS FROM `t_authorization` [ RunTime:0.2510s ]
SQL: SELECT * FROM `t_authorization` WHERE ( f_dealerid=63 ) LIMIT 1   [ RunTime:0.2480s ]
SQL: SHOW COLUMNS FROM `t_dealerbaseinfo` [ RunTime:0.8510s ]
SQL: SELECT * FROM `t_dealerbaseinfo` LEFT JOIN t_task ON t_task.f_tid = t_dealerbaseinfo.f_taskid  WHERE ( f_dealerid=63 ) LIMIT 1   [ RunTime:0.2490s ]
NOTIC: [8] Undefined index: list D:\wamp\www\wisdom\App\Mobileweb\Controller\AuthorityController.class.php 第 37 行.
INFO: [ view_parse ] --START--
INFO: [ template_filter ] --START--
INFO: Run Behavior\ContentReplaceBehavior [ RunTime:0.000000s ]
INFO: [ template_filter ] --END-- [ RunTime:0.001000s ]
NOTIC: [8] Undefined variable: detail D:\wamp\www\wisdom\App\Runtime\Cache\Mobileweb\7292e91e6d08e7e75b3010d9354406b3.php 第 30 行.
INFO: Run Behavior\ParseTemplateBehavior [ RunTime:0.010001s ]
INFO: [ view_parse ] --END-- [ RunTime:0.010001s ]
INFO: [ view_filter ] --START--
INFO: Run Behavior\WriteHtmlCacheBehavior [ RunTime:0.001000s ]
INFO: [ view_filter ] --END-- [ RunTime:0.001000s ]
INFO: [ app_end ] --START--
INFO: Run Behavior\ShowPageTraceBehavior [ RunTime:0.000000s ]
INFO: [ app_end ] --END-- [ RunTime:0.000000s ]

[ 2015-08-21T15:54:45+08:00 ] 127.0.0.1 /wisdom/index.php/Mobileweb/Authority/index?dealerid=1
INFO: [ app_init ] --START--
INFO: Run Behavior\BuildLiteBehavior [ RunTime:0.000000s ]
INFO: [ app_init ] --END-- [ RunTime:0.000000s ]
INFO: [ app_begin ] --START--
INFO: Run Behavior\ReadHtmlCacheBehavior [ RunTime:0.000000s ]
INFO: [ app_begin ] --END-- [ RunTime:0.000000s ]
SQL: SHOW COLUMNS FROM `t_authorization` [ RunTime:0.0100s ]
SQL: SELECT * FROM `t_authorization` WHERE ( f_dealerid=1 ) LIMIT 1   [ RunTime:0.0100s ]
SQL: SHOW COLUMNS FROM `t_dealerbaseinfo` [ RunTime:0.0100s ]
SQL: SELECT * FROM `t_dealerbaseinfo` LEFT JOIN t_task ON t_task.f_tid = t_dealerbaseinfo.f_taskid  WHERE ( f_dealerid=1 ) LIMIT 1   [ RunTime:0.0100s ]
NOTIC: [8] Undefined index: list D:\wamp\www\wisdom\App\Mobileweb\Controller\AuthorityController.class.php 第 30 行.
NOTIC: [8] Undefined index: list D:\wamp\www\wisdom\App\Mobileweb\Controller\AuthorityController.class.php 第 37 行.
INFO: [ view_parse ] --START--
INFO: [ template_filter ] --START--
INFO: Run Behavior\ContentReplaceBehavior [ RunTime:0.000000s ]
INFO: [ template_filter ] --END-- [ RunTime:0.000000s ]
NOTIC: [8] Undefined variable: detail D:\wamp\www\wisdom\App\Runtime\Cache\Mobileweb\7292e91e6d08e7e75b3010d9354406b3.php 第 30 行.
INFO: Run Behavior\ParseTemplateBehavior [ RunTime:0.009001s ]
INFO: [ view_parse ] --END-- [ RunTime:0.009001s ]
INFO: [ view_filter ] --START--
INFO: Run Behavior\WriteHtmlCacheBehavior [ RunTime:0.001000s ]
INFO: [ view_filter ] --END-- [ RunTime:0.001000s ]
INFO: [ app_end ] --START--
INFO: Run Behavior\ShowPageTraceBehavior [ RunTime:0.001000s ]
INFO: [ app_end ] --END-- [ RunTime:0.001000s ]

