[ 2015-08-28T00:06:02+08:00 ] 127.0.0.1 /wisdom/index.php/Taskadmin/Salesreport/index
INFO: [ app_init ] --START--
INFO: Run Behavior\BuildLiteBehavior [ RunTime:0.001000s ]
INFO: [ app_init ] --END-- [ RunTime:0.001000s ]
INFO: [ app_begin ] --START--
INFO: Run Behavior\ReadHtmlCacheBehavior [ RunTime:0.000000s ]
INFO: [ app_begin ] --END-- [ RunTime:0.000000s ]
INFO: [ view_parse ] --START--
INFO: [ template_filter ] --START--
INFO: Run Behavior\ContentReplaceBehavior [ RunTime:0.000000s ]
INFO: [ template_filter ] --END-- [ RunTime:0.000000s ]
INFO: Run Behavior\ParseTemplateBehavior [ RunTime:0.014001s ]
INFO: [ view_parse ] --END-- [ RunTime:0.014001s ]
INFO: [ view_filter ] --START--
INFO: Run Behavior\WriteHtmlCacheBehavior [ RunTime:0.000000s ]
INFO: [ view_filter ] --END-- [ RunTime:0.000000s ]
INFO: [ app_end ] --START--
INFO: Run Behavior\ShowPageTraceBehavior [ RunTime:0.001000s ]
INFO: [ app_end ] --END-- [ RunTime:0.001000s ]

[ 2015-08-28T00:35:51+08:00 ] 127.0.0.1 /wisdom/index.php/Taskadmin/Review/index
INFO: [ app_init ] --START--
INFO: Run Behavior\BuildLiteBehavior [ RunTime:0.000000s ]
INFO: [ app_init ] --END-- [ RunTime:0.000000s ]
INFO: [ app_begin ] --START--
INFO: Run Behavior\ReadHtmlCacheBehavior [ RunTime:0.000000s ]
INFO: [ app_begin ] --END-- [ RunTime:0.000000s ]
INFO: [ view_parse ] --START--
INFO: [ template_filter ] --START--
INFO: Run Behavior\ContentReplaceBehavior [ RunTime:0.000000s ]
INFO: [ template_filter ] --END-- [ RunTime:0.000000s ]
INFO: Run Behavior\ParseTemplateBehavior [ RunTime:0.007000s ]
INFO: [ view_parse ] --END-- [ RunTime:0.007000s ]
INFO: [ view_filter ] --START--
INFO: Run Behavior\WriteHtmlCacheBehavior [ RunTime:0.001000s ]
INFO: [ view_filter ] --END-- [ RunTime:0.001000s ]

[ 2015-08-28T00:35:53+08:00 ] 127.0.0.1 /wisdom/index.php/Taskadmin/Index/index.html
INFO: [ app_init ] --START--
INFO: Run Behavior\BuildLiteBehavior [ RunTime:0.000000s ]
INFO: [ app_init ] --END-- [ RunTime:0.001000s ]
INFO: [ app_begin ] --START--
INFO: Run Behavior\ReadHtmlCacheBehavior [ RunTime:0.001000s ]
INFO: [ app_begin ] --END-- [ RunTime:0.001000s ]
INFO: [ view_parse ] --START--
INFO: [ template_filter ] --START--
INFO: Run Behavior\ContentReplaceBehavior [ RunTime:0.000000s ]
INFO: [ template_filter ] --END-- [ RunTime:0.000000s ]
INFO: Run Behavior\ParseTemplateBehavior [ RunTime:0.017001s ]
INFO: [ view_parse ] --END-- [ RunTime:0.017001s ]
INFO: [ view_filter ] --START--
INFO: Run Behavior\WriteHtmlCacheBehavior [ RunTime:0.000000s ]
INFO: [ view_filter ] --END-- [ RunTime:0.001000s ]
INFO: [ app_end ] --START--
INFO: Run Behavior\ShowPageTraceBehavior [ RunTime:0.000000s ]
INFO: [ app_end ] --END-- [ RunTime:0.000000s ]

[ 2015-08-28T00:35:53+08:00 ] 127.0.0.1 /wisdom/index.php/Taskadmin/Index/verify_c.html?8290
INFO: [ app_init ] --START--
INFO: Run Behavior\BuildLiteBehavior [ RunTime:0.000000s ]
INFO: [ app_init ] --END-- [ RunTime:0.001000s ]
INFO: [ app_begin ] --START--
INFO: Run Behavior\ReadHtmlCacheBehavior [ RunTime:0.000000s ]
INFO: [ app_begin ] --END-- [ RunTime:0.001000s ]
INFO: [ app_end ] --START--
INFO: Run Behavior\ShowPageTraceBehavior [ RunTime:0.001001s ]
INFO: [ app_end ] --END-- [ RunTime:0.001001s ]

[ 2015-08-28T13:42:17+08:00 ] 127.0.0.1 /wisdom/index.php/Taskadmin/Index/check_verify_c.html?code=71025
INFO: [ app_init ] --START--
INFO: Run Behavior\BuildLiteBehavior [ RunTime:0.000000s ]
INFO: [ app_init ] --END-- [ RunTime:0.001000s ]
INFO: [ app_begin ] --START--
INFO: Run Behavior\ReadHtmlCacheBehavior [ RunTime:0.001000s ]
INFO: [ app_begin ] --END-- [ RunTime:0.001000s ]
INFO: [ app_end ] --START--
INFO: Run Behavior\ShowPageTraceBehavior [ RunTime:0.001000s ]
INFO: [ app_end ] --END-- [ RunTime:0.001000s ]

[ 2015-08-28T13:42:17+08:00 ] 127.0.0.1 /wisdom/index.php/Taskadmin/Index/verify_c.html?6325
INFO: [ app_init ] --START--
INFO: Run Behavior\BuildLiteBehavior [ RunTime:0.000000s ]
INFO: [ app_init ] --END-- [ RunTime:0.000000s ]
INFO: [ app_begin ] --START--
INFO: Run Behavior\ReadHtmlCacheBehavior [ RunTime:0.000000s ]
INFO: [ app_begin ] --END-- [ RunTime:0.000000s ]
INFO: [ app_end ] --START--
INFO: Run Behavior\ShowPageTraceBehavior [ RunTime:0.000000s ]
INFO: [ app_end ] --END-- [ RunTime:0.000000s ]

[ 2015-08-28T13:42:21+08:00 ] 127.0.0.1 /wisdom/index.php/Taskadmin/Index/check_verify_c.html?code=8406
INFO: [ app_init ] --START--
INFO: Run Behavior\BuildLiteBehavior [ RunTime:0.000000s ]
INFO: [ app_init ] --END-- [ RunTime:0.001000s ]
INFO: [ app_begin ] --START--
INFO: Run Behavior\ReadHtmlCacheBehavior [ RunTime:0.001000s ]
INFO: [ app_begin ] --END-- [ RunTime:0.001000s ]
INFO: [ app_end ] --START--
INFO: Run Behavior\ShowPageTraceBehavior [ RunTime:0.001000s ]
INFO: [ app_end ] --END-- [ RunTime:0.001000s ]

[ 2015-08-28T13:42:21+08:00 ] 127.0.0.1 /wisdom/index.php/Taskadmin/Index/main.html
INFO: [ app_init ] --START--
INFO: Run Behavior\BuildLiteBehavior [ RunTime:0.001000s ]
INFO: [ app_init ] --END-- [ RunTime:0.001000s ]
INFO: [ app_begin ] --START--
INFO: Run Behavior\ReadHtmlCacheBehavior [ RunTime:0.001000s ]
INFO: [ app_begin ] --END-- [ RunTime:0.001000s ]
INFO: [ view_parse ] --START--
INFO: [ template_filter ] --START--
INFO: Run Behavior\ContentReplaceBehavior [ RunTime:0.000000s ]
INFO: [ template_filter ] --END-- [ RunTime:0.000000s ]
INFO: Run Behavior\ParseTemplateBehavior [ RunTime:0.012000s ]
INFO: [ view_parse ] --END-- [ RunTime:0.012000s ]
INFO: [ view_filter ] --START--
INFO: Run Behavior\WriteHtmlCacheBehavior [ RunTime:0.000000s ]
INFO: [ view_filter ] --END-- [ RunTime:0.001000s ]
INFO: [ app_end ] --START--
INFO: Run Behavior\ShowPageTraceBehavior [ RunTime:0.000000s ]
INFO: [ app_end ] --END-- [ RunTime:0.001000s ]

[ 2015-08-28T13:42:23+08:00 ] 127.0.0.1 /wisdom/index.php/Taskadmin/Salesreport/index
INFO: [ app_init ] --START--
INFO: Run Behavior\BuildLiteBehavior [ RunTime:0.000000s ]
INFO: [ app_init ] --END-- [ RunTime:0.001000s ]
INFO: [ app_begin ] --START--
INFO: Run Behavior\ReadHtmlCacheBehavior [ RunTime:0.001000s ]
INFO: [ app_begin ] --END-- [ RunTime:0.001000s ]
INFO: [ view_parse ] --START--
INFO: [ template_filter ] --START--
INFO: Run Behavior\ContentReplaceBehavior [ RunTime:0.000000s ]
INFO: [ template_filter ] --END-- [ RunTime:0.000000s ]
INFO: Run Behavior\ParseTemplateBehavior [ RunTime:0.020001s ]
INFO: [ view_parse ] --END-- [ RunTime:0.020001s ]
INFO: [ view_filter ] --START--
INFO: Run Behavior\WriteHtmlCacheBehavior [ RunTime:0.001001s ]
INFO: [ view_filter ] --END-- [ RunTime:0.001001s ]
INFO: [ app_end ] --START--
INFO: Run Behavior\ShowPageTraceBehavior [ RunTime:0.001000s ]
INFO: [ app_end ] --END-- [ RunTime:0.002000s ]

[ 2015-08-28T13:42:26+08:00 ] 127.0.0.1 /wisdom/index.php/Taskadmin/Task/index?access=100
INFO: [ app_init ] --START--
INFO: Run Behavior\BuildLiteBehavior [ RunTime:0.000000s ]
INFO: [ app_init ] --END-- [ RunTime:0.001000s ]
INFO: [ app_begin ] --START--
INFO: Run Behavior\ReadHtmlCacheBehavior [ RunTime:0.001000s ]
INFO: [ app_begin ] --END-- [ RunTime:0.001000s ]
INFO: [ view_parse ] --START--
INFO: [ template_filter ] --START--
INFO: Run Behavior\ContentReplaceBehavior [ RunTime:0.000000s ]
INFO: [ template_filter ] --END-- [ RunTime:0.000000s ]
NOTIC: [8] Undefined variable: tab D:\wamp\www\wisdom\App\Runtime\Cache\Taskadmin\782a28071b1ea47d710045b1ce2d13dc.php 第 59 行.
INFO: Run Behavior\ParseTemplateBehavior [ RunTime:0.014000s ]
INFO: [ view_parse ] --END-- [ RunTime:0.014000s ]
INFO: [ view_filter ] --START--
INFO: Run Behavior\WriteHtmlCacheBehavior [ RunTime:0.001001s ]
INFO: [ view_filter ] --END-- [ RunTime:0.001001s ]
INFO: [ app_end ] --START--
INFO: Run Behavior\ShowPageTraceBehavior [ RunTime:0.001000s ]
INFO: [ app_end ] --END-- [ RunTime:0.001000s ]

[ 2015-08-28T13:42:27+08:00 ] 127.0.0.1 /wisdom/index.php/Taskadmin/Task/add_business
INFO: [ app_init ] --START--
INFO: Run Behavior\BuildLiteBehavior [ RunTime:0.000000s ]
INFO: [ app_init ] --END-- [ RunTime:0.001000s ]
INFO: [ app_begin ] --START--
INFO: Run Behavior\ReadHtmlCacheBehavior [ RunTime:0.001000s ]
INFO: [ app_begin ] --END-- [ RunTime:0.001000s ]
SQL: SHOW COLUMNS FROM `t_tasktype` [ RunTime:0.0090s ]
SQL: SELECT * FROM `t_tasktype` WHERE ( F_PARENTID=0 )  [ RunTime:0.0080s ]
INFO: [ view_parse ] --START--
INFO: [ template_filter ] --START--
INFO: Run Behavior\ContentReplaceBehavior [ RunTime:0.001001s ]
INFO: [ template_filter ] --END-- [ RunTime:0.001001s ]
NOTIC: [8] Undefined variable: reModi D:\wamp\www\wisdom\App\Runtime\Cache\Taskadmin\f5769bc3bc4fd22bec93eaaa5de20912.php 第 31 行.
NOTIC: [8] Undefined variable: reModi D:\wamp\www\wisdom\App\Runtime\Cache\Taskadmin\f5769bc3bc4fd22bec93eaaa5de20912.php 第 55 行.
NOTIC: [8] Undefined variable: reModi D:\wamp\www\wisdom\App\Runtime\Cache\Taskadmin\f5769bc3bc4fd22bec93eaaa5de20912.php 第 60 行.
NOTIC: [8] Undefined variable: reModi D:\wamp\www\wisdom\App\Runtime\Cache\Taskadmin\f5769bc3bc4fd22bec93eaaa5de20912.php 第 76 行.
NOTIC: [8] Undefined variable: reModi D:\wamp\www\wisdom\App\Runtime\Cache\Taskadmin\f5769bc3bc4fd22bec93eaaa5de20912.php 第 81 行.
NOTIC: [8] Undefined variable: reModi D:\wamp\www\wisdom\App\Runtime\Cache\Taskadmin\f5769bc3bc4fd22bec93eaaa5de20912.php 第 92 行.
NOTIC: [8] Undefined variable: reModi D:\wamp\www\wisdom\App\Runtime\Cache\Taskadmin\f5769bc3bc4fd22bec93eaaa5de20912.php 第 92 行.
NOTIC: [8] Undefined variable: reModi D:\wamp\www\wisdom\App\Runtime\Cache\Taskadmin\f5769bc3bc4fd22bec93eaaa5de20912.php 第 98 行.
NOTIC: [8] Undefined variable: reModi D:\wamp\www\wisdom\App\Runtime\Cache\Taskadmin\f5769bc3bc4fd22bec93eaaa5de20912.php 第 107 行.
NOTIC: [8] Undefined variable: reModi D:\wamp\www\wisdom\App\Runtime\Cache\Taskadmin\f5769bc3bc4fd22bec93eaaa5de20912.php 第 108 行.
NOTIC: [8] Undefined variable: reModi D:\wamp\www\wisdom\App\Runtime\Cache\Taskadmin\f5769bc3bc4fd22bec93eaaa5de20912.php 第 114 行.
NOTIC: [8] Undefined variable: reModi D:\wamp\www\wisdom\App\Runtime\Cache\Taskadmin\f5769bc3bc4fd22bec93eaaa5de20912.php 第 120 行.
NOTIC: [8] Undefined variable: reModi D:\wamp\www\wisdom\App\Runtime\Cache\Taskadmin\f5769bc3bc4fd22bec93eaaa5de20912.php 第 128 行.
NOTIC: [8] Undefined variable: reModi D:\wamp\www\wisdom\App\Runtime\Cache\Taskadmin\f5769bc3bc4fd22bec93eaaa5de20912.php 第 145 行.
NOTIC: [8] Undefined variable: reModi D:\wamp\www\wisdom\App\Runtime\Cache\Taskadmin\f5769bc3bc4fd22bec93eaaa5de20912.php 第 151 行.
NOTIC: [8] Undefined variable: reModi D:\wamp\www\wisdom\App\Runtime\Cache\Taskadmin\f5769bc3bc4fd22bec93eaaa5de20912.php 第 157 行.
NOTIC: [8] Undefined variable: reModi D:\wamp\www\wisdom\App\Runtime\Cache\Taskadmin\f5769bc3bc4fd22bec93eaaa5de20912.php 第 158 行.
NOTIC: [8] Undefined variable: reModi D:\wamp\www\wisdom\App\Runtime\Cache\Taskadmin\f5769bc3bc4fd22bec93eaaa5de20912.php 第 159 行.
NOTIC: [8] Undefined variable: reModi D:\wamp\www\wisdom\App\Runtime\Cache\Taskadmin\f5769bc3bc4fd22bec93eaaa5de20912.php 第 160 行.
NOTIC: [8] Undefined variable: reModi D:\wamp\www\wisdom\App\Runtime\Cache\Taskadmin\f5769bc3bc4fd22bec93eaaa5de20912.php 第 161 行.
NOTIC: [8] Undefined variable: reModi D:\wamp\www\wisdom\App\Runtime\Cache\Taskadmin\f5769bc3bc4fd22bec93eaaa5de20912.php 第 161 行.
NOTIC: [8] Undefined variable: reModi D:\wamp\www\wisdom\App\Runtime\Cache\Taskadmin\f5769bc3bc4fd22bec93eaaa5de20912.php 第 167 行.
NOTIC: [8] Undefined variable: reModi D:\wamp\www\wisdom\App\Runtime\Cache\Taskadmin\f5769bc3bc4fd22bec93eaaa5de20912.php 第 174 行.
NOTIC: [8] Undefined variable: reModi D:\wamp\www\wisdom\App\Runtime\Cache\Taskadmin\f5769bc3bc4fd22bec93eaaa5de20912.php 第 239 行.
NOTIC: [8] Undefined variable: reModi D:\wamp\www\wisdom\App\Runtime\Cache\Taskadmin\f5769bc3bc4fd22bec93eaaa5de20912.php 第 246 行.
NOTIC: [8] Undefined variable: reModi D:\wamp\www\wisdom\App\Runtime\Cache\Taskadmin\f5769bc3bc4fd22bec93eaaa5de20912.php 第 253 行.
NOTIC: [8] Undefined variable: reModi D:\wamp\www\wisdom\App\Runtime\Cache\Taskadmin\f5769bc3bc4fd22bec93eaaa5de20912.php 第 260 行.
NOTIC: [8] Undefined variable: reModi D:\wamp\www\wisdom\App\Runtime\Cache\Taskadmin\f5769bc3bc4fd22bec93eaaa5de20912.php 第 267 行.
NOTIC: [8] Undefined variable: reModi D:\wamp\www\wisdom\App\Runtime\Cache\Taskadmin\f5769bc3bc4fd22bec93eaaa5de20912.php 第 274 行.
NOTIC: [8] Undefined variable: reModi D:\wamp\www\wisdom\App\Runtime\Cache\Taskadmin\f5769bc3bc4fd22bec93eaaa5de20912.php 第 281 行.
NOTIC: [8] Undefined variable: reModi D:\wamp\www\wisdom\App\Runtime\Cache\Taskadmin\f5769bc3bc4fd22bec93eaaa5de20912.php 第 313 行.
NOTIC: [8] Undefined variable: reModi D:\wamp\www\wisdom\App\Runtime\Cache\Taskadmin\f5769bc3bc4fd22bec93eaaa5de20912.php 第 329 行.
NOTIC: [8] Undefined variable: reModi D:\wamp\www\wisdom\App\Runtime\Cache\Taskadmin\f5769bc3bc4fd22bec93eaaa5de20912.php 第 345 行.
NOTIC: [8] Undefined variable: reModi D:\wamp\www\wisdom\App\Runtime\Cache\Taskadmin\f5769bc3bc4fd22bec93eaaa5de20912.php 第 361 行.
NOTIC: [8] Undefined variable: reModi D:\wamp\www\wisdom\App\Runtime\Cache\Taskadmin\f5769bc3bc4fd22bec93eaaa5de20912.php 第 377 行.
NOTIC: [8] Undefined variable: reModi D:\wamp\www\wisdom\App\Runtime\Cache\Taskadmin\f5769bc3bc4fd22bec93eaaa5de20912.php 第 393 行.
NOTIC: [8] Undefined variable: reModi D:\wamp\www\wisdom\App\Runtime\Cache\Taskadmin\f5769bc3bc4fd22bec93eaaa5de20912.php 第 460 行.
INFO: Run Behavior\ParseTemplateBehavior [ RunTime:0.032002s ]
INFO: [ view_parse ] --END-- [ RunTime:0.032002s ]
INFO: [ view_filter ] --START--
INFO: Run Behavior\WriteHtmlCacheBehavior [ RunTime:0.001000s ]
INFO: [ view_filter ] --END-- [ RunTime:0.001000s ]
INFO: [ app_end ] --START--
INFO: Run Behavior\ShowPageTraceBehavior [ RunTime:0.001000s ]
INFO: [ app_end ] --END-- [ RunTime:0.001000s ]

[ 2015-08-28T13:42:27+08:00 ] 127.0.0.1 /wisdom/index.php/Taskadmin/Fun/jsislogin
INFO: [ app_init ] --START--
INFO: Run Behavior\BuildLiteBehavior [ RunTime:0.000000s ]
INFO: [ app_init ] --END-- [ RunTime:0.001000s ]
INFO: [ app_begin ] --START--
INFO: Run Behavior\ReadHtmlCacheBehavior [ RunTime:0.001000s ]
INFO: [ app_begin ] --END-- [ RunTime:0.001000s ]
INFO: [ app_end ] --START--
INFO: Run Behavior\ShowPageTraceBehavior [ RunTime:0.001000s ]
INFO: [ app_end ] --END-- [ RunTime:0.001000s ]

[ 2015-08-28T13:42:28+08:00 ] 127.0.0.1 /wisdom/index.php/Taskadmin/Fun/getBigTrade
INFO: [ app_init ] --START--
INFO: Run Behavior\BuildLiteBehavior [ RunTime:0.000000s ]
INFO: [ app_init ] --END-- [ RunTime:0.000000s ]
INFO: [ app_begin ] --START--
INFO: Run Behavior\ReadHtmlCacheBehavior [ RunTime:0.000000s ]
INFO: [ app_begin ] --END-- [ RunTime:0.002000s ]
SQL: SHOW COLUMNS FROM `t_tradetype` [ RunTime:0.0100s ]
SQL: SELECT * FROM `t_tradetype` WHERE ( f_parentID=0 )  [ RunTime:0.0110s ]
INFO: [ app_end ] --START--
INFO: Run Behavior\ShowPageTraceBehavior [ RunTime:0.001000s ]
INFO: [ app_end ] --END-- [ RunTime:0.001000s ]

[ 2015-08-28T13:42:28+08:00 ] 127.0.0.1 /wisdom/index.php/Taskadmin/Task/add_push.html
INFO: [ app_init ] --START--
INFO: Run Behavior\BuildLiteBehavior [ RunTime:0.000000s ]
INFO: [ app_init ] --END-- [ RunTime:0.001000s ]
INFO: [ app_begin ] --START--
INFO: Run Behavior\ReadHtmlCacheBehavior [ RunTime:0.000000s ]
INFO: [ app_begin ] --END-- [ RunTime:0.000000s ]
SQL: SHOW COLUMNS FROM `t_tasktype` [ RunTime:0.0050s ]
SQL: SELECT * FROM `t_tasktype` WHERE ( F_PARENTID=0 )  [ RunTime:0.0040s ]
INFO: [ view_parse ] --START--
INFO: [ template_filter ] --START--
INFO: Run Behavior\ContentReplaceBehavior [ RunTime:0.000000s ]
INFO: [ template_filter ] --END-- [ RunTime:0.000000s ]
NOTIC: [8] Undefined variable: reModi D:\wamp\www\wisdom\App\Runtime\Cache\Taskadmin\0775dce2181b25cfb990dc4d9f1a8672.php 第 55 行.
NOTIC: [8] Undefined variable: reModi D:\wamp\www\wisdom\App\Runtime\Cache\Taskadmin\0775dce2181b25cfb990dc4d9f1a8672.php 第 60 行.
NOTIC: [8] Undefined variable: reModi D:\wamp\www\wisdom\App\Runtime\Cache\Taskadmin\0775dce2181b25cfb990dc4d9f1a8672.php 第 72 行.
NOTIC: [8] Undefined variable: reModi D:\wamp\www\wisdom\App\Runtime\Cache\Taskadmin\0775dce2181b25cfb990dc4d9f1a8672.php 第 72 行.
NOTIC: [8] Undefined variable: reModi D:\wamp\www\wisdom\App\Runtime\Cache\Taskadmin\0775dce2181b25cfb990dc4d9f1a8672.php 第 79 行.
NOTIC: [8] Undefined variable: reModi D:\wamp\www\wisdom\App\Runtime\Cache\Taskadmin\0775dce2181b25cfb990dc4d9f1a8672.php 第 88 行.
NOTIC: [8] Undefined variable: reModi D:\wamp\www\wisdom\App\Runtime\Cache\Taskadmin\0775dce2181b25cfb990dc4d9f1a8672.php 第 89 行.
NOTIC: [8] Undefined variable: reModi D:\wamp\www\wisdom\App\Runtime\Cache\Taskadmin\0775dce2181b25cfb990dc4d9f1a8672.php 第 96 行.
NOTIC: [8] Undefined variable: reModi D:\wamp\www\wisdom\App\Runtime\Cache\Taskadmin\0775dce2181b25cfb990dc4d9f1a8672.php 第 103 行.
NOTIC: [8] Undefined variable: reModi D:\wamp\www\wisdom\App\Runtime\Cache\Taskadmin\0775dce2181b25cfb990dc4d9f1a8672.php 第 112 行.
NOTIC: [8] Undefined variable: reModi D:\wamp\www\wisdom\App\Runtime\Cache\Taskadmin\0775dce2181b25cfb990dc4d9f1a8672.php 第 125 行.
NOTIC: [8] Undefined variable: reModi D:\wamp\www\wisdom\App\Runtime\Cache\Taskadmin\0775dce2181b25cfb990dc4d9f1a8672.php 第 130 行.
NOTIC: [8] Undefined variable: reModi D:\wamp\www\wisdom\App\Runtime\Cache\Taskadmin\0775dce2181b25cfb990dc4d9f1a8672.php 第 131 行.
NOTIC: [8] Undefined variable: reModi D:\wamp\www\wisdom\App\Runtime\Cache\Taskadmin\0775dce2181b25cfb990dc4d9f1a8672.php 第 135 行.
NOTIC: [8] Undefined variable: reModi D:\wamp\www\wisdom\App\Runtime\Cache\Taskadmin\0775dce2181b25cfb990dc4d9f1a8672.php 第 143 行.
NOTIC: [8] Undefined variable: reModi D:\wamp\www\wisdom\App\Runtime\Cache\Taskadmin\0775dce2181b25cfb990dc4d9f1a8672.php 第 151 行.
NOTIC: [8] Undefined variable: reModi D:\wamp\www\wisdom\App\Runtime\Cache\Taskadmin\0775dce2181b25cfb990dc4d9f1a8672.php 第 280 行.
INFO: Run Behavior\ParseTemplateBehavior [ RunTime:0.019001s ]
INFO: [ view_parse ] --END-- [ RunTime:0.020001s ]
INFO: [ view_filter ] --START--
INFO: Run Behavior\WriteHtmlCacheBehavior [ RunTime:0.000000s ]
INFO: [ view_filter ] --END-- [ RunTime:0.000000s ]
INFO: [ app_end ] --START--
INFO: Run Behavior\ShowPageTraceBehavior [ RunTime:0.000000s ]
INFO: [ app_end ] --END-- [ RunTime:0.000000s ]

[ 2015-08-28T13:42:29+08:00 ] 127.0.0.1 /wisdom/index.php/Taskadmin/Fun/getTasktype
INFO: [ app_init ] --START--
INFO: Run Behavior\BuildLiteBehavior [ RunTime:0.000000s ]
INFO: [ app_init ] --END-- [ RunTime:0.000000s ]
INFO: [ app_begin ] --START--
INFO: Run Behavior\ReadHtmlCacheBehavior [ RunTime:0.001000s ]
INFO: [ app_begin ] --END-- [ RunTime:0.001000s ]
SQL: SHOW COLUMNS FROM `t_tasktype` [ RunTime:0.0080s ]
SQL: SELECT * FROM `t_tasktype` WHERE ( F_PARENTID=2 )  [ RunTime:0.0080s ]
INFO: [ app_end ] --START--
INFO: Run Behavior\ShowPageTraceBehavior [ RunTime:0.001000s ]
INFO: [ app_end ] --END-- [ RunTime:0.001000s ]

[ 2015-08-28T13:42:29+08:00 ] 127.0.0.1 /wisdom/index.php/Taskadmin/Fun/jsislogin
INFO: [ app_init ] --START--
INFO: Run Behavior\BuildLiteBehavior [ RunTime:0.000000s ]
INFO: [ app_init ] --END-- [ RunTime:0.001000s ]
INFO: [ app_begin ] --START--
INFO: Run Behavior\ReadHtmlCacheBehavior [ RunTime:0.000000s ]
INFO: [ app_begin ] --END-- [ RunTime:0.000000s ]
INFO: [ app_end ] --START--
INFO: Run Behavior\ShowPageTraceBehavior [ RunTime:0.001000s ]
INFO: [ app_end ] --END-- [ RunTime:0.001000s ]

[ 2015-08-28T13:42:32+08:00 ] 127.0.0.1 /wisdom/index.php/Taskadmin/Fun/searchCname.html
INFO: [ app_init ] --START--
INFO: Run Behavior\BuildLiteBehavior [ RunTime:0.000000s ]
INFO: [ app_init ] --END-- [ RunTime:0.000000s ]
INFO: [ app_begin ] --START--
INFO: Run Behavior\ReadHtmlCacheBehavior [ RunTime:0.001001s ]
INFO: [ app_begin ] --END-- [ RunTime:0.001001s ]
INFO: [ app_end ] --START--
INFO: Run Behavior\ShowPageTraceBehavior [ RunTime:0.000000s ]
INFO: [ app_end ] --END-- [ RunTime:0.000000s ]

[ 2015-08-28T13:42:48+08:00 ] 127.0.0.1 /wisdom/index.php/Taskadmin/Task/index?access=100
INFO: [ app_init ] --START--
INFO: Run Behavior\BuildLiteBehavior [ RunTime:0.000000s ]
INFO: [ app_init ] --END-- [ RunTime:0.000000s ]
INFO: [ app_begin ] --START--
INFO: Run Behavior\ReadHtmlCacheBehavior [ RunTime:0.001000s ]
INFO: [ app_begin ] --END-- [ RunTime:0.001000s ]
INFO: [ view_parse ] --START--
INFO: [ template_filter ] --START--
INFO: Run Behavior\ContentReplaceBehavior [ RunTime:0.000000s ]
INFO: [ template_filter ] --END-- [ RunTime:0.000000s ]
NOTIC: [8] Undefined variable: tab D:\wamp\www\wisdom\App\Runtime\Cache\Taskadmin\782a28071b1ea47d710045b1ce2d13dc.php 第 59 行.
INFO: Run Behavior\ParseTemplateBehavior [ RunTime:0.014000s ]
INFO: [ view_parse ] --END-- [ RunTime:0.015000s ]
INFO: [ view_filter ] --START--
INFO: Run Behavior\WriteHtmlCacheBehavior [ RunTime:0.000000s ]
INFO: [ view_filter ] --END-- [ RunTime:0.000000s ]
INFO: [ app_end ] --START--
INFO: Run Behavior\ShowPageTraceBehavior [ RunTime:0.001001s ]
INFO: [ app_end ] --END-- [ RunTime:0.001001s ]

[ 2015-08-28T13:42:52+08:00 ] 127.0.0.1 /wisdom/index.php/Taskadmin/Task/add_push?taskid=663&tasktypeid=1
INFO: [ app_init ] --START--
INFO: Run Behavior\BuildLiteBehavior [ RunTime:0.000000s ]
INFO: [ app_init ] --END-- [ RunTime:0.000000s ]
INFO: [ app_begin ] --START--
INFO: Run Behavior\ReadHtmlCacheBehavior [ RunTime:0.000000s ]
INFO: [ app_begin ] --END-- [ RunTime:0.000000s ]
SQL: SHOW COLUMNS FROM `t_task` [ RunTime:0.0080s ]
SQL: SELECT * FROM `t_task` WHERE ( f_tid=663 ) LIMIT 1   [ RunTime:0.0070s ]
SQL: SHOW COLUMNS FROM `t_files` [ RunTime:0.0060s ]
SQL: SELECT * FROM `t_files` WHERE ( f_id=2582 ) LIMIT 1   [ RunTime:0.0070s ]
SQL: SELECT * FROM `t_files` WHERE ( f_id=0 ) LIMIT 1   [ RunTime:0.0080s ]
SQL: SHOW COLUMNS FROM `t_tasksmallinfo` [ RunTime:0.0070s ]
SQL: SELECT * FROM `t_tasksmallinfo` WHERE ( f_taskid=663 ) LIMIT 1   [ RunTime:0.0070s ]
NOTIC: [8192] Function ereg_replace() is deprecated D:\wamp\www\wisdom\App\Api\Controller\WebController.class.php 第 781 行.
NOTIC: [8192] Function ereg_replace() is deprecated D:\wamp\www\wisdom\App\Api\Controller\WebController.class.php 第 782 行.
NOTIC: [8192] Function ereg_replace() is deprecated D:\wamp\www\wisdom\App\Api\Controller\WebController.class.php 第 783 行.
NOTIC: [8192] Function ereg_replace() is deprecated D:\wamp\www\wisdom\App\Api\Controller\WebController.class.php 第 784 行.
SQL: SHOW COLUMNS FROM `t_tasktype` [ RunTime:0.0070s ]
SQL: SELECT * FROM `t_tasktype` WHERE ( F_PARENTID=0 )  [ RunTime:0.0070s ]
INFO: [ view_parse ] --START--
INFO: [ template_filter ] --START--
INFO: Run Behavior\ContentReplaceBehavior [ RunTime:0.001000s ]
INFO: [ template_filter ] --END-- [ RunTime:0.001000s ]
INFO: Run Behavior\ParseTemplateBehavior [ RunTime:0.023001s ]
INFO: [ view_parse ] --END-- [ RunTime:0.023001s ]
INFO: [ view_filter ] --START--
INFO: Run Behavior\WriteHtmlCacheBehavior [ RunTime:0.000000s ]
INFO: [ view_filter ] --END-- [ RunTime:0.001000s ]
INFO: [ app_end ] --START--
INFO: Run Behavior\ShowPageTraceBehavior [ RunTime:0.000000s ]
INFO: [ app_end ] --END-- [ RunTime:0.000000s ]

[ 2015-08-28T13:42:52+08:00 ] 127.0.0.1 /wisdom/index.php/Taskadmin/Fun/jsislogin
INFO: [ app_init ] --START--
INFO: Run Behavior\BuildLiteBehavior [ RunTime:0.000000s ]
INFO: [ app_init ] --END-- [ RunTime:0.001000s ]
INFO: [ app_begin ] --START--
INFO: Run Behavior\ReadHtmlCacheBehavior [ RunTime:0.000000s ]
INFO: [ app_begin ] --END-- [ RunTime:0.001000s ]
INFO: [ app_end ] --START--
INFO: Run Behavior\ShowPageTraceBehavior [ RunTime:0.002000s ]
INFO: [ app_end ] --END-- [ RunTime:0.004001s ]

[ 2015-08-28T13:42:52+08:00 ] 127.0.0.1 /wisdom/index.php/Taskadmin/Fun/getTasktype
INFO: [ app_init ] --START--
INFO: Run Behavior\BuildLiteBehavior [ RunTime:0.000000s ]
INFO: [ app_init ] --END-- [ RunTime:0.002000s ]
INFO: [ app_begin ] --START--
INFO: Run Behavior\ReadHtmlCacheBehavior [ RunTime:0.001000s ]
INFO: [ app_begin ] --END-- [ RunTime:0.002001s ]
SQL: SHOW COLUMNS FROM `t_tasktype` [ RunTime:0.0100s ]
SQL: SELECT * FROM `t_tasktype` WHERE ( F_PARENTID=2 )  [ RunTime:0.0100s ]
INFO: [ app_end ] --START--
INFO: Run Behavior\ShowPageTraceBehavior [ RunTime:0.000000s ]
INFO: [ app_end ] --END-- [ RunTime:0.000000s ]

[ 2015-08-28T13:42:59+08:00 ] 127.0.0.1 /wisdom/index.php/Taskadmin/Task/index?access=100
INFO: [ app_init ] --START--
INFO: Run Behavior\BuildLiteBehavior [ RunTime:0.000000s ]
INFO: [ app_init ] --END-- [ RunTime:0.001000s ]
INFO: [ app_begin ] --START--
INFO: Run Behavior\ReadHtmlCacheBehavior [ RunTime:0.000000s ]
INFO: [ app_begin ] --END-- [ RunTime:0.000000s ]
INFO: [ view_parse ] --START--
INFO: [ template_filter ] --START--
INFO: Run Behavior\ContentReplaceBehavior [ RunTime:0.000000s ]
INFO: [ template_filter ] --END-- [ RunTime:0.001000s ]
NOTIC: [8] Undefined variable: tab D:\wamp\www\wisdom\App\Runtime\Cache\Taskadmin\782a28071b1ea47d710045b1ce2d13dc.php 第 59 行.
INFO: Run Behavior\ParseTemplateBehavior [ RunTime:0.013000s ]
INFO: [ view_parse ] --END-- [ RunTime:0.013000s ]
INFO: [ view_filter ] --START--
INFO: Run Behavior\WriteHtmlCacheBehavior [ RunTime:0.001000s ]
INFO: [ view_filter ] --END-- [ RunTime:0.001000s ]
INFO: [ app_end ] --START--
INFO: Run Behavior\ShowPageTraceBehavior [ RunTime:0.000000s ]
INFO: [ app_end ] --END-- [ RunTime:0.001001s ]

[ 2015-08-28T13:43:06+08:00 ] 127.0.0.1 /wisdom/index.php/Taskadmin/Task/add_business
INFO: [ app_init ] --START--
INFO: Run Behavior\BuildLiteBehavior [ RunTime:0.000000s ]
INFO: [ app_init ] --END-- [ RunTime:0.000000s ]
INFO: [ app_begin ] --START--
INFO: Run Behavior\ReadHtmlCacheBehavior [ RunTime:0.001000s ]
INFO: [ app_begin ] --END-- [ RunTime:0.001000s ]
SQL: SHOW COLUMNS FROM `t_tasktype` [ RunTime:0.0110s ]
SQL: SELECT * FROM `t_tasktype` WHERE ( F_PARENTID=0 )  [ RunTime:0.0110s ]
INFO: [ view_parse ] --START--
INFO: [ template_filter ] --START--
INFO: Run Behavior\ContentReplaceBehavior [ RunTime:0.001000s ]
INFO: [ template_filter ] --END-- [ RunTime:0.001000s ]
NOTIC: [8] Undefined variable: reModi D:\wamp\www\wisdom\App\Runtime\Cache\Taskadmin\f5769bc3bc4fd22bec93eaaa5de20912.php 第 31 行.
NOTIC: [8] Undefined variable: reModi D:\wamp\www\wisdom\App\Runtime\Cache\Taskadmin\f5769bc3bc4fd22bec93eaaa5de20912.php 第 55 行.
NOTIC: [8] Undefined variable: reModi D:\wamp\www\wisdom\App\Runtime\Cache\Taskadmin\f5769bc3bc4fd22bec93eaaa5de20912.php 第 60 行.
NOTIC: [8] Undefined variable: reModi D:\wamp\www\wisdom\App\Runtime\Cache\Taskadmin\f5769bc3bc4fd22bec93eaaa5de20912.php 第 76 行.
NOTIC: [8] Undefined variable: reModi D:\wamp\www\wisdom\App\Runtime\Cache\Taskadmin\f5769bc3bc4fd22bec93eaaa5de20912.php 第 81 行.
NOTIC: [8] Undefined variable: reModi D:\wamp\www\wisdom\App\Runtime\Cache\Taskadmin\f5769bc3bc4fd22bec93eaaa5de20912.php 第 92 行.
NOTIC: [8] Undefined variable: reModi D:\wamp\www\wisdom\App\Runtime\Cache\Taskadmin\f5769bc3bc4fd22bec93eaaa5de20912.php 第 92 行.
NOTIC: [8] Undefined variable: reModi D:\wamp\www\wisdom\App\Runtime\Cache\Taskadmin\f5769bc3bc4fd22bec93eaaa5de20912.php 第 98 行.
NOTIC: [8] Undefined variable: reModi D:\wamp\www\wisdom\App\Runtime\Cache\Taskadmin\f5769bc3bc4fd22bec93eaaa5de20912.php 第 107 行.
NOTIC: [8] Undefined variable: reModi D:\wamp\www\wisdom\App\Runtime\Cache\Taskadmin\f5769bc3bc4fd22bec93eaaa5de20912.php 第 108 行.
NOTIC: [8] Undefined variable: reModi D:\wamp\www\wisdom\App\Runtime\Cache\Taskadmin\f5769bc3bc4fd22bec93eaaa5de20912.php 第 114 行.
NOTIC: [8] Undefined variable: reModi D:\wamp\www\wisdom\App\Runtime\Cache\Taskadmin\f5769bc3bc4fd22bec93eaaa5de20912.php 第 120 行.
NOTIC: [8] Undefined variable: reModi D:\wamp\www\wisdom\App\Runtime\Cache\Taskadmin\f5769bc3bc4fd22bec93eaaa5de20912.php 第 128 行.
NOTIC: [8] Undefined variable: reModi D:\wamp\www\wisdom\App\Runtime\Cache\Taskadmin\f5769bc3bc4fd22bec93eaaa5de20912.php 第 145 行.
NOTIC: [8] Undefined variable: reModi D:\wamp\www\wisdom\App\Runtime\Cache\Taskadmin\f5769bc3bc4fd22bec93eaaa5de20912.php 第 151 行.
NOTIC: [8] Undefined variable: reModi D:\wamp\www\wisdom\App\Runtime\Cache\Taskadmin\f5769bc3bc4fd22bec93eaaa5de20912.php 第 157 行.
NOTIC: [8] Undefined variable: reModi D:\wamp\www\wisdom\App\Runtime\Cache\Taskadmin\f5769bc3bc4fd22bec93eaaa5de20912.php 第 158 行.
NOTIC: [8] Undefined variable: reModi D:\wamp\www\wisdom\App\Runtime\Cache\Taskadmin\f5769bc3bc4fd22bec93eaaa5de20912.php 第 159 行.
NOTIC: [8] Undefined variable: reModi D:\wamp\www\wisdom\App\Runtime\Cache\Taskadmin\f5769bc3bc4fd22bec93eaaa5de20912.php 第 160 行.
NOTIC: [8] Undefined variable: reModi D:\wamp\www\wisdom\App\Runtime\Cache\Taskadmin\f5769bc3bc4fd22bec93eaaa5de20912.php 第 161 行.
NOTIC: [8] Undefined variable: reModi D:\wamp\www\wisdom\App\Runtime\Cache\Taskadmin\f5769bc3bc4fd22bec93eaaa5de20912.php 第 161 行.
NOTIC: [8] Undefined variable: reModi D:\wamp\www\wisdom\App\Runtime\Cache\Taskadmin\f5769bc3bc4fd22bec93eaaa5de20912.php 第 167 行.
NOTIC: [8] Undefined variable: reModi D:\wamp\www\wisdom\App\Runtime\Cache\Taskadmin\f5769bc3bc4fd22bec93eaaa5de20912.php 第 174 行.
NOTIC: [8] Undefined variable: reModi D:\wamp\www\wisdom\App\Runtime\Cache\Taskadmin\f5769bc3bc4fd22bec93eaaa5de20912.php 第 239 行.
NOTIC: [8] Undefined variable: reModi D:\wamp\www\wisdom\App\Runtime\Cache\Taskadmin\f5769bc3bc4fd22bec93eaaa5de20912.php 第 246 行.
NOTIC: [8] Undefined variable: reModi D:\wamp\www\wisdom\App\Runtime\Cache\Taskadmin\f5769bc3bc4fd22bec93eaaa5de20912.php 第 253 行.
NOTIC: [8] Undefined variable: reModi D:\wamp\www\wisdom\App\Runtime\Cache\Taskadmin\f5769bc3bc4fd22bec93eaaa5de20912.php 第 260 行.
NOTIC: [8] Undefined variable: reModi D:\wamp\www\wisdom\App\Runtime\Cache\Taskadmin\f5769bc3bc4fd22bec93eaaa5de20912.php 第 267 行.
NOTIC: [8] Undefined variable: reModi D:\wamp\www\wisdom\App\Runtime\Cache\Taskadmin\f5769bc3bc4fd22bec93eaaa5de20912.php 第 274 行.
NOTIC: [8] Undefined variable: reModi D:\wamp\www\wisdom\App\Runtime\Cache\Taskadmin\f5769bc3bc4fd22bec93eaaa5de20912.php 第 281 行.
NOTIC: [8] Undefined variable: reModi D:\wamp\www\wisdom\App\Runtime\Cache\Taskadmin\f5769bc3bc4fd22bec93eaaa5de20912.php 第 313 行.
NOTIC: [8] Undefined variable: reModi D:\wamp\www\wisdom\App\Runtime\Cache\Taskadmin\f5769bc3bc4fd22bec93eaaa5de20912.php 第 329 行.
NOTIC: [8] Undefined variable: reModi D:\wamp\www\wisdom\App\Runtime\Cache\Taskadmin\f5769bc3bc4fd22bec93eaaa5de20912.php 第 345 行.
NOTIC: [8] Undefined variable: reModi D:\wamp\www\wisdom\App\Runtime\Cache\Taskadmin\f5769bc3bc4fd22bec93eaaa5de20912.php 第 361 行.
NOTIC: [8] Undefined variable: reModi D:\wamp\www\wisdom\App\Runtime\Cache\Taskadmin\f5769bc3bc4fd22bec93eaaa5de20912.php 第 377 行.
NOTIC: [8] Undefined variable: reModi D:\wamp\www\wisdom\App\Runtime\Cache\Taskadmin\f5769bc3bc4fd22bec93eaaa5de20912.php 第 393 行.
NOTIC: [8] Undefined variable: reModi D:\wamp\www\wisdom\App\Runtime\Cache\Taskadmin\f5769bc3bc4fd22bec93eaaa5de20912.php 第 460 行.
INFO: Run Behavior\ParseTemplateBehavior [ RunTime:0.031002s ]
INFO: [ view_parse ] --END-- [ RunTime:0.031002s ]
INFO: [ view_filter ] --START--
INFO: Run Behavior\WriteHtmlCacheBehavior [ RunTime:0.001000s ]
INFO: [ view_filter ] --END-- [ RunTime:0.001000s ]
INFO: [ app_end ] --START--
INFO: Run Behavior\ShowPageTraceBehavior [ RunTime:0.001000s ]
INFO: [ app_end ] --END-- [ RunTime:0.001000s ]

[ 2015-08-28T13:43:06+08:00 ] 127.0.0.1 /wisdom/index.php/Taskadmin/Fun/jsislogin
INFO: [ app_init ] --START--
INFO: Run Behavior\BuildLiteBehavior [ RunTime:0.000000s ]
INFO: [ app_init ] --END-- [ RunTime:0.001000s ]
INFO: [ app_begin ] --START--
INFO: Run Behavior\ReadHtmlCacheBehavior [ RunTime:0.000000s ]
INFO: [ app_begin ] --END-- [ RunTime:0.000000s ]
INFO: [ app_end ] --START--
INFO: Run Behavior\ShowPageTraceBehavior [ RunTime:0.001000s ]
INFO: [ app_end ] --END-- [ RunTime:0.001000s ]

[ 2015-08-28T13:43:06+08:00 ] 127.0.0.1 /wisdom/index.php/Taskadmin/Fun/getBigTrade
INFO: [ app_init ] --START--
INFO: Run Behavior\BuildLiteBehavior [ RunTime:0.000000s ]
INFO: [ app_init ] --END-- [ RunTime:0.000000s ]
INFO: [ app_begin ] --START--
INFO: Run Behavior\ReadHtmlCacheBehavior [ RunTime:0.001000s ]
INFO: [ app_begin ] --END-- [ RunTime:0.001000s ]
SQL: SHOW COLUMNS FROM `t_tradetype` [ RunTime:0.0070s ]
SQL: SELECT * FROM `t_tradetype` WHERE ( f_parentID=0 )  [ RunTime:0.0170s ]
INFO: [ app_end ] --START--
INFO: Run Behavior\ShowPageTraceBehavior [ RunTime:0.001000s ]
INFO: [ app_end ] --END-- [ RunTime:0.001000s ]

[ 2015-08-28T13:43:07+08:00 ] 127.0.0.1 /wisdom/index.php/Taskadmin/Task/add_widely.html
INFO: [ app_init ] --START--
INFO: Run Behavior\BuildLiteBehavior [ RunTime:0.001000s ]
INFO: [ app_init ] --END-- [ RunTime:0.001000s ]
INFO: [ app_begin ] --START--
INFO: Run Behavior\ReadHtmlCacheBehavior [ RunTime:0.001000s ]
INFO: [ app_begin ] --END-- [ RunTime:0.001000s ]
SQL: SHOW COLUMNS FROM `t_tasktype` [ RunTime:0.0060s ]
SQL: SELECT * FROM `t_tasktype` WHERE ( F_PARENTID=0 )  [ RunTime:0.0060s ]
INFO: [ view_parse ] --START--
INFO: [ template_filter ] --START--
INFO: Run Behavior\ContentReplaceBehavior [ RunTime:0.001000s ]
INFO: [ template_filter ] --END-- [ RunTime:0.001000s ]
NOTIC: [8] Undefined variable: reModi D:\wamp\www\wisdom\App\Runtime\Cache\Taskadmin\33e9873eef824c70887a92ff4efdd56b.php 第 129 行.
NOTIC: [8] Undefined variable: reModi D:\wamp\www\wisdom\App\Runtime\Cache\Taskadmin\33e9873eef824c70887a92ff4efdd56b.php 第 135 行.
NOTIC: [8] Undefined variable: reModi D:\wamp\www\wisdom\App\Runtime\Cache\Taskadmin\33e9873eef824c70887a92ff4efdd56b.php 第 146 行.
NOTIC: [8] Undefined variable: reModi D:\wamp\www\wisdom\App\Runtime\Cache\Taskadmin\33e9873eef824c70887a92ff4efdd56b.php 第 146 行.
NOTIC: [8] Undefined variable: reModi D:\wamp\www\wisdom\App\Runtime\Cache\Taskadmin\33e9873eef824c70887a92ff4efdd56b.php 第 152 行.
NOTIC: [8] Undefined variable: reModi D:\wamp\www\wisdom\App\Runtime\Cache\Taskadmin\33e9873eef824c70887a92ff4efdd56b.php 第 161 行.
NOTIC: [8] Undefined variable: reModi D:\wamp\www\wisdom\App\Runtime\Cache\Taskadmin\33e9873eef824c70887a92ff4efdd56b.php 第 162 行.
NOTIC: [8] Undefined variable: reModi D:\wamp\www\wisdom\App\Runtime\Cache\Taskadmin\33e9873eef824c70887a92ff4efdd56b.php 第 168 行.
NOTIC: [8] Undefined variable: reModi D:\wamp\www\wisdom\App\Runtime\Cache\Taskadmin\33e9873eef824c70887a92ff4efdd56b.php 第 174 行.
NOTIC: [8] Undefined variable: reModi D:\wamp\www\wisdom\App\Runtime\Cache\Taskadmin\33e9873eef824c70887a92ff4efdd56b.php 第 192 行.
NOTIC: [8] Undefined variable: reModi D:\wamp\www\wisdom\App\Runtime\Cache\Taskadmin\33e9873eef824c70887a92ff4efdd56b.php 第 202 行.
NOTIC: [8] Undefined variable: reModi D:\wamp\www\wisdom\App\Runtime\Cache\Taskadmin\33e9873eef824c70887a92ff4efdd56b.php 第 203 行.
NOTIC: [8] Undefined variable: reModi D:\wamp\www\wisdom\App\Runtime\Cache\Taskadmin\33e9873eef824c70887a92ff4efdd56b.php 第 216 行.
NOTIC: [8] Undefined variable: reModi D:\wamp\www\wisdom\App\Runtime\Cache\Taskadmin\33e9873eef824c70887a92ff4efdd56b.php 第 224 行.
NOTIC: [8] Undefined variable: reModi D:\wamp\www\wisdom\App\Runtime\Cache\Taskadmin\33e9873eef824c70887a92ff4efdd56b.php 第 240 行.
NOTIC: [8] Undefined variable: reModi D:\wamp\www\wisdom\App\Runtime\Cache\Taskadmin\33e9873eef824c70887a92ff4efdd56b.php 第 241 行.
NOTIC: [8] Undefined variable: reModi D:\wamp\www\wisdom\App\Runtime\Cache\Taskadmin\33e9873eef824c70887a92ff4efdd56b.php 第 242 行.
NOTIC: [8] Undefined variable: reModi D:\wamp\www\wisdom\App\Runtime\Cache\Taskadmin\33e9873eef824c70887a92ff4efdd56b.php 第 274 行.
NOTIC: [8] Undefined variable: reModi D:\wamp\www\wisdom\App\Runtime\Cache\Taskadmin\33e9873eef824c70887a92ff4efdd56b.php 第 278 行.
NOTIC: [8] Undefined variable: reModi D:\wamp\www\wisdom\App\Runtime\Cache\Taskadmin\33e9873eef824c70887a92ff4efdd56b.php 第 512 行.
INFO: Run Behavior\ParseTemplateBehavior [ RunTime:0.030002s ]
INFO: [ view_parse ] --END-- [ RunTime:0.030002s ]
INFO: [ view_filter ] --START--
INFO: Run Behavior\WriteHtmlCacheBehavior [ RunTime:0.000000s ]
INFO: [ view_filter ] --END-- [ RunTime:0.001000s ]
INFO: [ app_end ] --START--
INFO: Run Behavior\ShowPageTraceBehavior [ RunTime:0.001000s ]
INFO: [ app_end ] --END-- [ RunTime:0.002000s ]

[ 2015-08-28T13:43:07+08:00 ] 127.0.0.1 /wisdom/index.php/Taskadmin/Fun/jsislogin
INFO: [ app_init ] --START--
INFO: Run Behavior\BuildLiteBehavior [ RunTime:0.000000s ]
INFO: [ app_init ] --END-- [ RunTime:0.001000s ]
INFO: [ app_begin ] --START--
INFO: Run Behavior\ReadHtmlCacheBehavior [ RunTime:0.001000s ]
INFO: [ app_begin ] --END-- [ RunTime:0.001000s ]
INFO: [ app_end ] --START--
INFO: Run Behavior\ShowPageTraceBehavior [ RunTime:0.001000s ]
INFO: [ app_end ] --END-- [ RunTime:0.001000s ]

[ 2015-08-28T13:43:07+08:00 ] 127.0.0.1 /wisdom/index.php/Taskadmin/Fun/getTasktype
INFO: [ app_init ] --START--
INFO: Run Behavior\BuildLiteBehavior [ RunTime:0.000000s ]
INFO: [ app_init ] --END-- [ RunTime:0.000000s ]
INFO: [ app_begin ] --START--
INFO: Run Behavior\ReadHtmlCacheBehavior [ RunTime:0.000000s ]
INFO: [ app_begin ] --END-- [ RunTime:0.001000s ]
SQL: SHOW COLUMNS FROM `t_tasktype` [ RunTime:0.0040s ]
SQL: SELECT * FROM `t_tasktype` WHERE ( F_PARENTID=2 )  [ RunTime:0.0050s ]
INFO: [ app_end ] --START--
INFO: Run Behavior\ShowPageTraceBehavior [ RunTime:0.001000s ]
INFO: [ app_end ] --END-- [ RunTime:0.001000s ]

[ 2015-08-28T13:43:10+08:00 ] 127.0.0.1 /wisdom/index.php/Taskadmin/Fun/searchCname.html
INFO: [ app_init ] --START--
INFO: Run Behavior\BuildLiteBehavior [ RunTime:0.000000s ]
INFO: [ app_init ] --END-- [ RunTime:0.000000s ]
INFO: [ app_begin ] --START--
INFO: Run Behavior\ReadHtmlCacheBehavior [ RunTime:0.001001s ]
INFO: [ app_begin ] --END-- [ RunTime:0.001001s ]
INFO: [ app_end ] --START--
INFO: Run Behavior\ShowPageTraceBehavior [ RunTime:0.001000s ]
INFO: [ app_end ] --END-- [ RunTime:0.001000s ]

[ 2015-08-28T13:43:29+08:00 ] 127.0.0.1 /wisdom/index.php/Taskadmin/Task/index?access=100
INFO: [ app_init ] --START--
INFO: Run Behavior\BuildLiteBehavior [ RunTime:0.000000s ]
INFO: [ app_init ] --END-- [ RunTime:0.001000s ]
INFO: [ app_begin ] --START--
INFO: Run Behavior\ReadHtmlCacheBehavior [ RunTime:0.001000s ]
INFO: [ app_begin ] --END-- [ RunTime:0.001000s ]
INFO: [ view_parse ] --START--
INFO: [ template_filter ] --START--
INFO: Run Behavior\ContentReplaceBehavior [ RunTime:0.000000s ]
INFO: [ template_filter ] --END-- [ RunTime:0.000000s ]
NOTIC: [8] Undefined variable: tab D:\wamp\www\wisdom\App\Runtime\Cache\Taskadmin\782a28071b1ea47d710045b1ce2d13dc.php 第 59 行.
INFO: Run Behavior\ParseTemplateBehavior [ RunTime:0.014000s ]
INFO: [ view_parse ] --END-- [ RunTime:0.014000s ]
INFO: [ view_filter ] --START--
INFO: Run Behavior\WriteHtmlCacheBehavior [ RunTime:0.001000s ]
INFO: [ view_filter ] --END-- [ RunTime:0.001000s ]
INFO: [ app_end ] --START--
INFO: Run Behavior\ShowPageTraceBehavior [ RunTime:0.001000s ]
INFO: [ app_end ] --END-- [ RunTime:0.001000s ]

[ 2015-08-28T13:43:33+08:00 ] 127.0.0.1 /wisdom/index.php/Taskadmin/Task/add_widely?taskid=664&tasktypeid=4
INFO: [ app_init ] --START--
INFO: Run Behavior\BuildLiteBehavior [ RunTime:0.000000s ]
INFO: [ app_init ] --END-- [ RunTime:0.001000s ]
INFO: [ app_begin ] --START--
INFO: Run Behavior\ReadHtmlCacheBehavior [ RunTime:0.000000s ]
INFO: [ app_begin ] --END-- [ RunTime:0.000000s ]
SQL: SHOW COLUMNS FROM `t_task` [ RunTime:0.0130s ]
SQL: SELECT * FROM `t_task` WHERE ( f_tid=664 ) LIMIT 1   [ RunTime:0.0030s ]
SQL: SHOW COLUMNS FROM `t_files` [ RunTime:0.0040s ]
SQL: SELECT * FROM `t_files` WHERE ( f_id=2583 ) LIMIT 1   [ RunTime:0.0030s ]
SQL: SELECT * FROM `t_files` WHERE ( f_id=0 ) LIMIT 1   [ RunTime:0.0030s ]
SQL: SHOW COLUMNS FROM `t_tasksmallinfo` [ RunTime:0.0060s ]
SQL: SELECT * FROM `t_tasksmallinfo` WHERE ( f_taskid=664 ) LIMIT 1   [ RunTime:0.0030s ]
NOTIC: [8192] Function ereg_replace() is deprecated D:\wamp\www\wisdom\App\Api\Controller\WebController.class.php 第 789 行.
NOTIC: [8192] Function ereg_replace() is deprecated D:\wamp\www\wisdom\App\Api\Controller\WebController.class.php 第 790 行.
NOTIC: [8192] Function ereg_replace() is deprecated D:\wamp\www\wisdom\App\Api\Controller\WebController.class.php 第 791 行.
NOTIC: [8192] Function ereg_replace() is deprecated D:\wamp\www\wisdom\App\Api\Controller\WebController.class.php 第 792 行.
SQL: SHOW COLUMNS FROM `t_surveytaskdetail` [ RunTime:0.0030s ]
SQL: SELECT * FROM `t_surveytaskdetail` WHERE ( f_taskid=664 )  [ RunTime:0.0030s ]
SQL: SHOW COLUMNS FROM `t_tasktype` [ RunTime:0.0040s ]
SQL: SELECT * FROM `t_tasktype` WHERE ( F_PARENTID=0 )  [ RunTime:0.0030s ]
INFO: [ view_parse ] --START--
INFO: [ template_filter ] --START--
INFO: Run Behavior\ContentReplaceBehavior [ RunTime:0.001001s ]
INFO: [ template_filter ] --END-- [ RunTime:0.001001s ]
INFO: Run Behavior\ParseTemplateBehavior [ RunTime:0.032002s ]
INFO: [ view_parse ] --END-- [ RunTime:0.032002s ]
INFO: [ view_filter ] --START--
INFO: Run Behavior\WriteHtmlCacheBehavior [ RunTime:0.001000s ]
INFO: [ view_filter ] --END-- [ RunTime:0.001000s ]
INFO: [ app_end ] --START--
INFO: Run Behavior\ShowPageTraceBehavior [ RunTime:0.001000s ]
INFO: [ app_end ] --END-- [ RunTime:0.001000s ]

[ 2015-08-28T13:43:33+08:00 ] 127.0.0.1 /wisdom/index.php/Taskadmin/Fun/jsislogin
INFO: [ app_init ] --START--
INFO: Run Behavior\BuildLiteBehavior [ RunTime:0.000000s ]
INFO: [ app_init ] --END-- [ RunTime:0.000000s ]
INFO: [ app_begin ] --START--
INFO: Run Behavior\ReadHtmlCacheBehavior [ RunTime:0.002001s ]
INFO: [ app_begin ] --END-- [ RunTime:0.002001s ]
INFO: [ app_end ] --START--
INFO: Run Behavior\ShowPageTraceBehavior [ RunTime:0.001000s ]
INFO: [ app_end ] --END-- [ RunTime:0.001000s ]

[ 2015-08-28T13:43:33+08:00 ] 127.0.0.1 /wisdom/index.php/Taskadmin/Fun/getTasktype
INFO: [ app_init ] --START--
INFO: Run Behavior\BuildLiteBehavior [ RunTime:0.000000s ]
INFO: [ app_init ] --END-- [ RunTime:0.000000s ]
INFO: [ app_begin ] --START--
INFO: Run Behavior\ReadHtmlCacheBehavior [ RunTime:0.002000s ]
INFO: [ app_begin ] --END-- [ RunTime:0.002000s ]
SQL: SHOW COLUMNS FROM `t_tasktype` [ RunTime:0.0100s ]
SQL: SELECT * FROM `t_tasktype` WHERE ( F_PARENTID=2 )  [ RunTime:0.0090s ]
INFO: [ app_end ] --START--
INFO: Run Behavior\ShowPageTraceBehavior [ RunTime:0.000000s ]
INFO: [ app_end ] --END-- [ RunTime:0.001000s ]

[ 2015-08-28T13:43:41+08:00 ] 127.0.0.1 /wisdom/index.php/Taskadmin/Task/index?access=100
INFO: [ app_init ] --START--
INFO: Run Behavior\BuildLiteBehavior [ RunTime:0.001000s ]
INFO: [ app_init ] --END-- [ RunTime:0.002000s ]
INFO: [ app_begin ] --START--
INFO: Run Behavior\ReadHtmlCacheBehavior [ RunTime:0.001000s ]
INFO: [ app_begin ] --END-- [ RunTime:0.002000s ]
INFO: [ view_parse ] --START--
INFO: [ template_filter ] --START--
INFO: Run Behavior\ContentReplaceBehavior [ RunTime:0.000000s ]
INFO: [ template_filter ] --END-- [ RunTime:0.000000s ]
NOTIC: [8] Undefined variable: tab D:\wamp\www\wisdom\App\Runtime\Cache\Taskadmin\782a28071b1ea47d710045b1ce2d13dc.php 第 59 行.
INFO: Run Behavior\ParseTemplateBehavior [ RunTime:0.013001s ]
INFO: [ view_parse ] --END-- [ RunTime:0.013001s ]
INFO: [ view_filter ] --START--
INFO: Run Behavior\WriteHtmlCacheBehavior [ RunTime:0.000000s ]
INFO: [ view_filter ] --END-- [ RunTime:0.000000s ]
INFO: [ app_end ] --START--
INFO: Run Behavior\ShowPageTraceBehavior [ RunTime:0.000000s ]
INFO: [ app_end ] --END-- [ RunTime:0.001000s ]

[ 2015-08-28T13:43:43+08:00 ] 127.0.0.1 /wisdom/index.php/Taskadmin/Task/add_business
INFO: [ app_init ] --START--
INFO: Run Behavior\BuildLiteBehavior [ RunTime:0.000000s ]
INFO: [ app_init ] --END-- [ RunTime:0.002001s ]
INFO: [ app_begin ] --START--
INFO: Run Behavior\ReadHtmlCacheBehavior [ RunTime:0.001000s ]
INFO: [ app_begin ] --END-- [ RunTime:0.001000s ]
SQL: SHOW COLUMNS FROM `t_tasktype` [ RunTime:0.0080s ]
SQL: SELECT * FROM `t_tasktype` WHERE ( F_PARENTID=0 )  [ RunTime:0.0070s ]
INFO: [ view_parse ] --START--
INFO: [ template_filter ] --START--
INFO: Run Behavior\ContentReplaceBehavior [ RunTime:0.001000s ]
INFO: [ template_filter ] --END-- [ RunTime:0.001000s ]
NOTIC: [8] Undefined variable: reModi D:\wamp\www\wisdom\App\Runtime\Cache\Taskadmin\f5769bc3bc4fd22bec93eaaa5de20912.php 第 31 行.
NOTIC: [8] Undefined variable: reModi D:\wamp\www\wisdom\App\Runtime\Cache\Taskadmin\f5769bc3bc4fd22bec93eaaa5de20912.php 第 55 行.
NOTIC: [8] Undefined variable: reModi D:\wamp\www\wisdom\App\Runtime\Cache\Taskadmin\f5769bc3bc4fd22bec93eaaa5de20912.php 第 60 行.
NOTIC: [8] Undefined variable: reModi D:\wamp\www\wisdom\App\Runtime\Cache\Taskadmin\f5769bc3bc4fd22bec93eaaa5de20912.php 第 76 行.
NOTIC: [8] Undefined variable: reModi D:\wamp\www\wisdom\App\Runtime\Cache\Taskadmin\f5769bc3bc4fd22bec93eaaa5de20912.php 第 81 行.
NOTIC: [8] Undefined variable: reModi D:\wamp\www\wisdom\App\Runtime\Cache\Taskadmin\f5769bc3bc4fd22bec93eaaa5de20912.php 第 92 行.
NOTIC: [8] Undefined variable: reModi D:\wamp\www\wisdom\App\Runtime\Cache\Taskadmin\f5769bc3bc4fd22bec93eaaa5de20912.php 第 92 行.
NOTIC: [8] Undefined variable: reModi D:\wamp\www\wisdom\App\Runtime\Cache\Taskadmin\f5769bc3bc4fd22bec93eaaa5de20912.php 第 98 行.
NOTIC: [8] Undefined variable: reModi D:\wamp\www\wisdom\App\Runtime\Cache\Taskadmin\f5769bc3bc4fd22bec93eaaa5de20912.php 第 107 行.
NOTIC: [8] Undefined variable: reModi D:\wamp\www\wisdom\App\Runtime\Cache\Taskadmin\f5769bc3bc4fd22bec93eaaa5de20912.php 第 108 行.
NOTIC: [8] Undefined variable: reModi D:\wamp\www\wisdom\App\Runtime\Cache\Taskadmin\f5769bc3bc4fd22bec93eaaa5de20912.php 第 114 行.
NOTIC: [8] Undefined variable: reModi D:\wamp\www\wisdom\App\Runtime\Cache\Taskadmin\f5769bc3bc4fd22bec93eaaa5de20912.php 第 120 行.
NOTIC: [8] Undefined variable: reModi D:\wamp\www\wisdom\App\Runtime\Cache\Taskadmin\f5769bc3bc4fd22bec93eaaa5de20912.php 第 128 行.
NOTIC: [8] Undefined variable: reModi D:\wamp\www\wisdom\App\Runtime\Cache\Taskadmin\f5769bc3bc4fd22bec93eaaa5de20912.php 第 145 行.
NOTIC: [8] Undefined variable: reModi D:\wamp\www\wisdom\App\Runtime\Cache\Taskadmin\f5769bc3bc4fd22bec93eaaa5de20912.php 第 151 行.
NOTIC: [8] Undefined variable: reModi D:\wamp\www\wisdom\App\Runtime\Cache\Taskadmin\f5769bc3bc4fd22bec93eaaa5de20912.php 第 157 行.
NOTIC: [8] Undefined variable: reModi D:\wamp\www\wisdom\App\Runtime\Cache\Taskadmin\f5769bc3bc4fd22bec93eaaa5de20912.php 第 158 行.
NOTIC: [8] Undefined variable: reModi D:\wamp\www\wisdom\App\Runtime\Cache\Taskadmin\f5769bc3bc4fd22bec93eaaa5de20912.php 第 159 行.
NOTIC: [8] Undefined variable: reModi D:\wamp\www\wisdom\App\Runtime\Cache\Taskadmin\f5769bc3bc4fd22bec93eaaa5de20912.php 第 160 行.
NOTIC: [8] Undefined variable: reModi D:\wamp\www\wisdom\App\Runtime\Cache\Taskadmin\f5769bc3bc4fd22bec93eaaa5de20912.php 第 161 行.
NOTIC: [8] Undefined variable: reModi D:\wamp\www\wisdom\App\Runtime\Cache\Taskadmin\f5769bc3bc4fd22bec93eaaa5de20912.php 第 161 行.
NOTIC: [8] Undefined variable: reModi D:\wamp\www\wisdom\App\Runtime\Cache\Taskadmin\f5769bc3bc4fd22bec93eaaa5de20912.php 第 167 行.
NOTIC: [8] Undefined variable: reModi D:\wamp\www\wisdom\App\Runtime\Cache\Taskadmin\f5769bc3bc4fd22bec93eaaa5de20912.php 第 174 行.
NOTIC: [8] Undefined variable: reModi D:\wamp\www\wisdom\App\Runtime\Cache\Taskadmin\f5769bc3bc4fd22bec93eaaa5de20912.php 第 239 行.
NOTIC: [8] Undefined variable: reModi D:\wamp\www\wisdom\App\Runtime\Cache\Taskadmin\f5769bc3bc4fd22bec93eaaa5de20912.php 第 246 行.
NOTIC: [8] Undefined variable: reModi D:\wamp\www\wisdom\App\Runtime\Cache\Taskadmin\f5769bc3bc4fd22bec93eaaa5de20912.php 第 253 行.
NOTIC: [8] Undefined variable: reModi D:\wamp\www\wisdom\App\Runtime\Cache\Taskadmin\f5769bc3bc4fd22bec93eaaa5de20912.php 第 260 行.
NOTIC: [8] Undefined variable: reModi D:\wamp\www\wisdom\App\Runtime\Cache\Taskadmin\f5769bc3bc4fd22bec93eaaa5de20912.php 第 267 行.
NOTIC: [8] Undefined variable: reModi D:\wamp\www\wisdom\App\Runtime\Cache\Taskadmin\f5769bc3bc4fd22bec93eaaa5de20912.php 第 274 行.
NOTIC: [8] Undefined variable: reModi D:\wamp\www\wisdom\App\Runtime\Cache\Taskadmin\f5769bc3bc4fd22bec93eaaa5de20912.php 第 281 行.
NOTIC: [8] Undefined variable: reModi D:\wamp\www\wisdom\App\Runtime\Cache\Taskadmin\f5769bc3bc4fd22bec93eaaa5de20912.php 第 313 行.
NOTIC: [8] Undefined variable: reModi D:\wamp\www\wisdom\App\Runtime\Cache\Taskadmin\f5769bc3bc4fd22bec93eaaa5de20912.php 第 329 行.
NOTIC: [8] Undefined variable: reModi D:\wamp\www\wisdom\App\Runtime\Cache\Taskadmin\f5769bc3bc4fd22bec93eaaa5de20912.php 第 345 行.
NOTIC: [8] Undefined variable: reModi D:\wamp\www\wisdom\App\Runtime\Cache\Taskadmin\f5769bc3bc4fd22bec93eaaa5de20912.php 第 361 行.
NOTIC: [8] Undefined variable: reModi D:\wamp\www\wisdom\App\Runtime\Cache\Taskadmin\f5769bc3bc4fd22bec93eaaa5de20912.php 第 377 行.
NOTIC: [8] Undefined variable: reModi D:\wamp\www\wisdom\App\Runtime\Cache\Taskadmin\f5769bc3bc4fd22bec93eaaa5de20912.php 第 393 行.
NOTIC: [8] Undefined variable: reModi D:\wamp\www\wisdom\App\Runtime\Cache\Taskadmin\f5769bc3bc4fd22bec93eaaa5de20912.php 第 460 行.
INFO: Run Behavior\ParseTemplateBehavior [ RunTime:0.028001s ]
INFO: [ view_parse ] --END-- [ RunTime:0.028001s ]
INFO: [ view_filter ] --START--
INFO: Run Behavior\WriteHtmlCacheBehavior [ RunTime:0.000000s ]
INFO: [ view_filter ] --END-- [ RunTime:0.000000s ]
INFO: [ app_end ] --START--
INFO: Run Behavior\ShowPageTraceBehavior [ RunTime:0.002000s ]
INFO: [ app_end ] --END-- [ RunTime:0.002000s ]

[ 2015-08-28T13:43:43+08:00 ] 127.0.0.1 /wisdom/index.php/Taskadmin/Fun/jsislogin
INFO: [ app_init ] --START--
INFO: Run Behavior\BuildLiteBehavior [ RunTime:0.000000s ]
INFO: [ app_init ] --END-- [ RunTime:0.000000s ]
INFO: [ app_begin ] --START--
INFO: Run Behavior\ReadHtmlCacheBehavior [ RunTime:0.002000s ]
INFO: [ app_begin ] --END-- [ RunTime:0.002000s ]
INFO: [ app_end ] --START--
INFO: Run Behavior\ShowPageTraceBehavior [ RunTime:0.002000s ]
INFO: [ app_end ] --END-- [ RunTime:0.002000s ]

[ 2015-08-28T13:43:43+08:00 ] 127.0.0.1 /wisdom/index.php/Taskadmin/Fun/getBigTrade
INFO: [ app_init ] --START--
INFO: Run Behavior\BuildLiteBehavior [ RunTime:0.000000s ]
INFO: [ app_init ] --END-- [ RunTime:0.000000s ]
INFO: [ app_begin ] --START--
INFO: Run Behavior\ReadHtmlCacheBehavior [ RunTime:0.002000s ]
INFO: [ app_begin ] --END-- [ RunTime:0.002000s ]
SQL: SHOW COLUMNS FROM `t_tradetype` [ RunTime:0.0100s ]
SQL: SELECT * FROM `t_tradetype` WHERE ( f_parentID=0 )  [ RunTime:0.0100s ]
INFO: [ app_end ] --START--
INFO: Run Behavior\ShowPageTraceBehavior [ RunTime:0.001000s ]
INFO: [ app_end ] --END-- [ RunTime:0.002000s ]

[ 2015-08-28T13:43:48+08:00 ] 127.0.0.1 /wisdom/index.php/Taskadmin/Fun/searchCname.html
INFO: [ app_init ] --START--
INFO: Run Behavior\BuildLiteBehavior [ RunTime:0.000000s ]
INFO: [ app_init ] --END-- [ RunTime:0.000000s ]
INFO: [ app_begin ] --START--
INFO: Run Behavior\ReadHtmlCacheBehavior [ RunTime:0.001000s ]
INFO: [ app_begin ] --END-- [ RunTime:0.001000s ]
INFO: [ app_end ] --START--
INFO: Run Behavior\ShowPageTraceBehavior [ RunTime:0.000000s ]
INFO: [ app_end ] --END-- [ RunTime:0.001000s ]

[ 2015-08-28T13:44:07+08:00 ] 127.0.0.1 /wisdom/index.php/Taskadmin/Task/index?access=100
INFO: [ app_init ] --START--
INFO: Run Behavior\BuildLiteBehavior [ RunTime:0.000000s ]
INFO: [ app_init ] --END-- [ RunTime:0.000000s ]
INFO: [ app_begin ] --START--
INFO: Run Behavior\ReadHtmlCacheBehavior [ RunTime:0.001000s ]
INFO: [ app_begin ] --END-- [ RunTime:0.001000s ]
INFO: [ view_parse ] --START--
INFO: [ template_filter ] --START--
INFO: Run Behavior\ContentReplaceBehavior [ RunTime:0.000000s ]
INFO: [ template_filter ] --END-- [ RunTime:0.000000s ]
NOTIC: [8] Undefined variable: tab D:\wamp\www\wisdom\App\Runtime\Cache\Taskadmin\782a28071b1ea47d710045b1ce2d13dc.php 第 59 行.
INFO: Run Behavior\ParseTemplateBehavior [ RunTime:0.013000s ]
INFO: [ view_parse ] --END-- [ RunTime:0.013000s ]
INFO: [ view_filter ] --START--
INFO: Run Behavior\WriteHtmlCacheBehavior [ RunTime:0.001000s ]
INFO: [ view_filter ] --END-- [ RunTime:0.001000s ]
INFO: [ app_end ] --START--
INFO: Run Behavior\ShowPageTraceBehavior [ RunTime:0.001000s ]
INFO: [ app_end ] --END-- [ RunTime:0.001000s ]

[ 2015-08-28T13:44:10+08:00 ] 127.0.0.1 /wisdom/index.php/Taskadmin/Task/add_business?taskid=665&tasktypeid=3
INFO: [ app_init ] --START--
INFO: Run Behavior\BuildLiteBehavior [ RunTime:0.000000s ]
INFO: [ app_init ] --END-- [ RunTime:0.001000s ]
INFO: [ app_begin ] --START--
INFO: Run Behavior\ReadHtmlCacheBehavior [ RunTime:0.001000s ]
INFO: [ app_begin ] --END-- [ RunTime:0.001000s ]
SQL: SHOW COLUMNS FROM `t_task` [ RunTime:0.0050s ]
SQL: SELECT * FROM `t_task` WHERE ( f_tid=665 ) LIMIT 1   [ RunTime:0.0050s ]
SQL: SHOW COLUMNS FROM `t_files` [ RunTime:0.0040s ]
SQL: SELECT * FROM `t_files` WHERE ( f_id=2585 ) LIMIT 1   [ RunTime:0.0040s ]
SQL: SELECT * FROM `t_files` WHERE ( f_id=2586 ) LIMIT 1   [ RunTime:0.0030s ]
SQL: SHOW COLUMNS FROM `t_taskmtbaseinfo` [ RunTime:0.0040s ]
SQL: SELECT * FROM `t_taskmtbaseinfo` WHERE ( f_taskid=665 ) LIMIT 1   [ RunTime:0.0040s ]
SQL: SHOW COLUMNS FROM `t_tradetype` [ RunTime:0.0030s ]
SQL: SELECT * FROM `t_tradetype` WHERE `f_tradeID` = 0 LIMIT 1   [ RunTime:0.0030s ]
SQL: SHOW COLUMNS FROM `t_taskmtareaqty` [ RunTime:0.0030s ]
SQL: SELECT * FROM `t_taskmtareaqty` WHERE ( f_taskid=665 ) LIMIT 1   [ RunTime:0.0040s ]
SQL: SHOW COLUMNS FROM `t_taskmtgoodsdetail` [ RunTime:0.0030s ]
SQL: SELECT * FROM `t_taskmtgoodsdetail` WHERE ( f_taskid=665 ) LIMIT 1   [ RunTime:0.0030s ]
SQL: SHOW COLUMNS FROM `t_taskmtdetailedinfo` [ RunTime:0.0040s ]
SQL: SELECT * FROM `t_taskmtdetailedinfo` WHERE ( f_taskid=665 ) LIMIT 1   [ RunTime:0.0040s ]
NOTIC: [8192] Function ereg_replace() is deprecated D:\wamp\www\wisdom\App\Api\Controller\WebController.class.php 第 819 行.
NOTIC: [8192] Function ereg_replace() is deprecated D:\wamp\www\wisdom\App\Api\Controller\WebController.class.php 第 820 行.
NOTIC: [8192] Function ereg_replace() is deprecated D:\wamp\www\wisdom\App\Api\Controller\WebController.class.php 第 821 行.
NOTIC: [8192] Function ereg_replace() is deprecated D:\wamp\www\wisdom\App\Api\Controller\WebController.class.php 第 822 行.
SQL: SHOW COLUMNS FROM `t_taskmtattach` [ RunTime:0.0050s ]
SQL: SELECT * FROM `t_taskmtattach` WHERE ( f_taskid=665 ) LIMIT 1   [ RunTime:0.0030s ]
SQL: SHOW COLUMNS FROM `t_tasktype` [ RunTime:0.0030s ]
SQL: SELECT * FROM `t_tasktype` WHERE ( F_PARENTID=0 )  [ RunTime:0.0110s ]
INFO: [ view_parse ] --START--
INFO: [ template_filter ] --START--
INFO: Run Behavior\ContentReplaceBehavior [ RunTime:0.001000s ]
INFO: [ template_filter ] --END-- [ RunTime:0.001000s ]
NOTIC: [8] Undefined index: f_fileid2 D:\wamp\www\wisdom\App\Runtime\Cache\Taskadmin\f5769bc3bc4fd22bec93eaaa5de20912.php 第 329 行.
INFO: Run Behavior\ParseTemplateBehavior [ RunTime:0.027002s ]
INFO: [ view_parse ] --END-- [ RunTime:0.027002s ]
INFO: [ view_filter ] --START--
INFO: Run Behavior\WriteHtmlCacheBehavior [ RunTime:0.001000s ]
INFO: [ view_filter ] --END-- [ RunTime:0.002000s ]
INFO: [ app_end ] --START--
INFO: Run Behavior\ShowPageTraceBehavior [ RunTime:0.001000s ]
INFO: [ app_end ] --END-- [ RunTime:0.001000s ]

[ 2015-08-28T13:44:10+08:00 ] 127.0.0.1 /wisdom/index.php/Taskadmin/Fun/jsislogin
INFO: [ app_init ] --START--
INFO: Run Behavior\BuildLiteBehavior [ RunTime:0.000000s ]
INFO: [ app_init ] --END-- [ RunTime:0.001000s ]
INFO: [ app_begin ] --START--
INFO: Run Behavior\ReadHtmlCacheBehavior [ RunTime:0.001000s ]
INFO: [ app_begin ] --END-- [ RunTime:0.001000s ]
INFO: [ app_end ] --START--
INFO: Run Behavior\ShowPageTraceBehavior [ RunTime:0.001000s ]
INFO: [ app_end ] --END-- [ RunTime:0.001000s ]

[ 2015-08-28T13:44:11+08:00 ] 127.0.0.1 /wisdom/index.php/Taskadmin/Fun/getBigTrade
INFO: [ app_init ] --START--
INFO: Run Behavior\BuildLiteBehavior [ RunTime:0.000000s ]
INFO: [ app_init ] --END-- [ RunTime:0.001000s ]
INFO: [ app_begin ] --START--
INFO: Run Behavior\ReadHtmlCacheBehavior [ RunTime:0.001000s ]
INFO: [ app_begin ] --END-- [ RunTime:0.001000s ]
SQL: SHOW COLUMNS FROM `t_tradetype` [ RunTime:0.0100s ]
SQL: SELECT * FROM `t_tradetype` WHERE ( f_parentID=0 )  [ RunTime:0.0100s ]
INFO: [ app_end ] --START--
INFO: Run Behavior\ShowPageTraceBehavior [ RunTime:0.002000s ]
INFO: [ app_end ] --END-- [ RunTime:0.002000s ]

[ 2015-08-28T13:44:17+08:00 ] 127.0.0.1 /wisdom/index.php/Taskadmin/Task/index?access=100
INFO: [ app_init ] --START--
INFO: Run Behavior\BuildLiteBehavior [ RunTime:0.000000s ]
INFO: [ app_init ] --END-- [ RunTime:0.001000s ]
INFO: [ app_begin ] --START--
INFO: Run Behavior\ReadHtmlCacheBehavior [ RunTime:0.000000s ]
INFO: [ app_begin ] --END-- [ RunTime:0.000000s ]
INFO: [ view_parse ] --START--
INFO: [ template_filter ] --START--
INFO: Run Behavior\ContentReplaceBehavior [ RunTime:0.000000s ]
INFO: [ template_filter ] --END-- [ RunTime:0.000000s ]
NOTIC: [8] Undefined variable: tab D:\wamp\www\wisdom\App\Runtime\Cache\Taskadmin\782a28071b1ea47d710045b1ce2d13dc.php 第 59 行.
INFO: Run Behavior\ParseTemplateBehavior [ RunTime:0.016001s ]
INFO: [ view_parse ] --END-- [ RunTime:0.016001s ]
INFO: [ view_filter ] --START--
INFO: Run Behavior\WriteHtmlCacheBehavior [ RunTime:0.001000s ]
INFO: [ view_filter ] --END-- [ RunTime:0.001000s ]
INFO: [ app_end ] --START--
INFO: Run Behavior\ShowPageTraceBehavior [ RunTime:0.001000s ]
INFO: [ app_end ] --END-- [ RunTime:0.001000s ]

[ 2015-08-28T15:16:28+08:00 ] 127.0.0.1 /wisdom/index.php/Taskadmin/Review/index
INFO: [ app_init ] --START--
INFO: Run Behavior\BuildLiteBehavior [ RunTime:0.000000s ]
INFO: [ app_init ] --END-- [ RunTime:0.001000s ]
INFO: [ app_begin ] --START--
INFO: Run Behavior\ReadHtmlCacheBehavior [ RunTime:0.001000s ]
INFO: [ app_begin ] --END-- [ RunTime:0.001000s ]
INFO: [ view_parse ] --START--
INFO: [ template_filter ] --START--
INFO: Run Behavior\ContentReplaceBehavior [ RunTime:0.000000s ]
INFO: [ template_filter ] --END-- [ RunTime:0.000000s ]
INFO: Run Behavior\ParseTemplateBehavior [ RunTime:0.013001s ]
INFO: [ view_parse ] --END-- [ RunTime:0.013001s ]
INFO: [ view_filter ] --START--
INFO: Run Behavior\WriteHtmlCacheBehavior [ RunTime:0.000000s ]
INFO: [ view_filter ] --END-- [ RunTime:0.001000s ]
INFO: [ app_end ] --START--
INFO: Run Behavior\ShowPageTraceBehavior [ RunTime:0.001000s ]
INFO: [ app_end ] --END-- [ RunTime:0.001000s ]

[ 2015-08-28T15:17:39+08:00 ] 127.0.0.1 /wisdom/index.php/Taskadmin/Review/index
INFO: [ app_init ] --START--
INFO: Run Behavior\BuildLiteBehavior [ RunTime:0.000000s ]
INFO: [ app_init ] --END-- [ RunTime:0.000000s ]
INFO: [ app_begin ] --START--
INFO: Run Behavior\ReadHtmlCacheBehavior [ RunTime:0.000000s ]
INFO: [ app_begin ] --END-- [ RunTime:0.001000s ]
INFO: [ view_parse ] --START--
INFO: [ template_filter ] --START--
INFO: Run Behavior\ContentReplaceBehavior [ RunTime:0.000000s ]
INFO: [ template_filter ] --END-- [ RunTime:0.000000s ]
INFO: Run Behavior\ParseTemplateBehavior [ RunTime:0.012001s ]
INFO: [ view_parse ] --END-- [ RunTime:0.012001s ]
INFO: [ view_filter ] --START--
INFO: Run Behavior\WriteHtmlCacheBehavior [ RunTime:0.001000s ]
INFO: [ view_filter ] --END-- [ RunTime:0.001000s ]
INFO: [ app_end ] --START--
INFO: Run Behavior\ShowPageTraceBehavior [ RunTime:0.000000s ]
INFO: [ app_end ] --END-- [ RunTime:0.002000s ]

[ 2015-08-28T15:19:10+08:00 ] 127.0.0.1 /wisdom/index.php/Taskadmin/Shop/index
INFO: [ app_init ] --START--
INFO: Run Behavior\BuildLiteBehavior [ RunTime:0.000000s ]
INFO: [ app_init ] --END-- [ RunTime:0.000000s ]
INFO: [ app_begin ] --START--
INFO: Run Behavior\ReadHtmlCacheBehavior [ RunTime:0.001000s ]
INFO: [ app_begin ] --END-- [ RunTime:0.001000s ]
SQL: SHOW COLUMNS FROM `t_shopclass` [ RunTime:0.0090s ]
SQL: SELECT * FROM `t_shopclass` WHERE `f_classpid` = 0 AND `f_status` = 1  [ RunTime:0.0020s ]
SQL: SELECT * FROM `t_shopclass` WHERE `f_classpid` = 26 AND `f_status` = 1  [ RunTime:0.0030s ]
SQL: SELECT * FROM `t_shopclass` WHERE `f_classpid` = 29 AND `f_status` = 1  [ RunTime:0.0040s ]
INFO: [ view_parse ] --START--
INFO: [ template_filter ] --START--
INFO: Run Behavior\ContentReplaceBehavior [ RunTime:0.000000s ]
INFO: [ template_filter ] --END-- [ RunTime:0.000000s ]
INFO: Run Behavior\ParseTemplateBehavior [ RunTime:0.016001s ]
INFO: [ view_parse ] --END-- [ RunTime:0.016001s ]
INFO: [ view_filter ] --START--
INFO: Run Behavior\WriteHtmlCacheBehavior [ RunTime:0.000000s ]
INFO: [ view_filter ] --END-- [ RunTime:0.000000s ]
INFO: [ app_end ] --START--
INFO: Run Behavior\ShowPageTraceBehavior [ RunTime:0.000000s ]
INFO: [ app_end ] --END-- [ RunTime:0.000000s ]

[ 2015-08-28T15:19:16+08:00 ] 127.0.0.1 /wisdom/index.php/Taskadmin/ShopRecord/index
INFO: [ app_init ] --START--
INFO: Run Behavior\BuildLiteBehavior [ RunTime:0.000000s ]
INFO: [ app_init ] --END-- [ RunTime:0.001000s ]
INFO: [ app_begin ] --START--
INFO: Run Behavior\ReadHtmlCacheBehavior [ RunTime:0.001000s ]
INFO: [ app_begin ] --END-- [ RunTime:0.001000s ]
NOTIC: [8] Undefined variable: result D:\wamp\www\wisdom\App\Taskadmin\Controller\ShopRecordController.class.php 第 22 行.
INFO: [ view_parse ] --START--
INFO: [ template_filter ] --START--
INFO: Run Behavior\ContentReplaceBehavior [ RunTime:0.001000s ]
INFO: [ template_filter ] --END-- [ RunTime:0.001000s ]
INFO: Run Behavior\ParseTemplateBehavior [ RunTime:0.013000s ]
INFO: [ view_parse ] --END-- [ RunTime:0.013000s ]
INFO: [ view_filter ] --START--
INFO: Run Behavior\WriteHtmlCacheBehavior [ RunTime:0.001000s ]
INFO: [ view_filter ] --END-- [ RunTime:0.001000s ]
INFO: [ app_end ] --START--
INFO: Run Behavior\ShowPageTraceBehavior [ RunTime:0.002000s ]
INFO: [ app_end ] --END-- [ RunTime:0.002000s ]

[ 2015-08-28T15:43:03+08:00 ] 127.0.0.1 /wisdom/index.php/Taskadmin/Review/index
INFO: [ app_init ] --START--
INFO: Run Behavior\BuildLiteBehavior [ RunTime:0.000000s ]
INFO: [ app_init ] --END-- [ RunTime:0.000000s ]
INFO: [ app_begin ] --START--
INFO: Run Behavior\ReadHtmlCacheBehavior [ RunTime:0.001000s ]
INFO: [ app_begin ] --END-- [ RunTime:0.001000s ]
INFO: [ view_parse ] --START--
INFO: [ template_filter ] --START--
INFO: Run Behavior\ContentReplaceBehavior [ RunTime:0.000000s ]
INFO: [ template_filter ] --END-- [ RunTime:0.000000s ]
INFO: Run Behavior\ParseTemplateBehavior [ RunTime:0.012001s ]
INFO: [ view_parse ] --END-- [ RunTime:0.012001s ]
INFO: [ view_filter ] --START--
INFO: Run Behavior\WriteHtmlCacheBehavior [ RunTime:0.000000s ]
INFO: [ view_filter ] --END-- [ RunTime:0.000000s ]
INFO: [ app_end ] --START--
INFO: Run Behavior\ShowPageTraceBehavior [ RunTime:0.001000s ]
INFO: [ app_end ] --END-- [ RunTime:0.001000s ]

[ 2015-08-28T16:45:56+08:00 ] 127.0.0.1 /wisdom/index.php/Taskadmin/ShopRecord/index
INFO: [ app_init ] --START--
INFO: Run Behavior\BuildLiteBehavior [ RunTime:0.000000s ]
INFO: [ app_init ] --END-- [ RunTime:0.001000s ]
INFO: [ app_begin ] --START--
INFO: Run Behavior\ReadHtmlCacheBehavior [ RunTime:0.001000s ]
INFO: [ app_begin ] --END-- [ RunTime:0.001000s ]
NOTIC: [8] Undefined variable: result D:\wamp\www\wisdom\App\Taskadmin\Controller\ShopRecordController.class.php 第 22 行.
INFO: [ view_parse ] --START--
INFO: [ template_filter ] --START--
INFO: Run Behavior\ContentReplaceBehavior [ RunTime:0.000000s ]
INFO: [ template_filter ] --END-- [ RunTime:0.000000s ]
INFO: Run Behavior\ParseTemplateBehavior [ RunTime:0.013001s ]
INFO: [ view_parse ] --END-- [ RunTime:0.014001s ]
INFO: [ view_filter ] --START--
INFO: Run Behavior\WriteHtmlCacheBehavior [ RunTime:0.000000s ]
INFO: [ view_filter ] --END-- [ RunTime:0.000000s ]
INFO: [ app_end ] --START--
INFO: Run Behavior\ShowPageTraceBehavior [ RunTime:0.001000s ]
INFO: [ app_end ] --END-- [ RunTime:0.001000s ]

[ 2015-08-28T16:46:02+08:00 ] 127.0.0.1 /wisdom/index.php/Taskadmin/Salesreport/index
INFO: [ app_init ] --START--
INFO: Run Behavior\BuildLiteBehavior [ RunTime:0.000000s ]
INFO: [ app_init ] --END-- [ RunTime:0.003000s ]
INFO: [ app_begin ] --START--
INFO: Run Behavior\ReadHtmlCacheBehavior [ RunTime:0.001000s ]
INFO: [ app_begin ] --END-- [ RunTime:0.002000s ]
INFO: [ view_parse ] --START--
INFO: [ template_filter ] --START--
INFO: Run Behavior\ContentReplaceBehavior [ RunTime:0.000000s ]
INFO: [ template_filter ] --END-- [ RunTime:0.001000s ]
INFO: Run Behavior\ParseTemplateBehavior [ RunTime:0.019001s ]
INFO: [ view_parse ] --END-- [ RunTime:0.019001s ]
INFO: [ view_filter ] --START--
INFO: Run Behavior\WriteHtmlCacheBehavior [ RunTime:0.001000s ]
INFO: [ view_filter ] --END-- [ RunTime:0.001000s ]
INFO: [ app_end ] --START--
INFO: Run Behavior\ShowPageTraceBehavior [ RunTime:0.001000s ]
INFO: [ app_end ] --END-- [ RunTime:0.001000s ]

[ 2015-08-28T16:48:46+08:00 ] 127.0.0.1 /wisdom/index.php/Taskadmin/Salesreport/index
INFO: [ app_init ] --START--
INFO: Run Behavior\BuildLiteBehavior [ RunTime:0.000000s ]
INFO: [ app_init ] --END-- [ RunTime:0.000000s ]
INFO: [ app_begin ] --START--
INFO: Run Behavior\ReadHtmlCacheBehavior [ RunTime:0.001000s ]
INFO: [ app_begin ] --END-- [ RunTime:0.001000s ]
INFO: [ view_parse ] --START--
INFO: [ template_filter ] --START--
INFO: Run Behavior\ContentReplaceBehavior [ RunTime:0.000000s ]
INFO: [ template_filter ] --END-- [ RunTime:0.000000s ]
INFO: Run Behavior\ParseTemplateBehavior [ RunTime:0.014001s ]
INFO: [ view_parse ] --END-- [ RunTime:0.014001s ]
INFO: [ view_filter ] --START--
INFO: Run Behavior\WriteHtmlCacheBehavior [ RunTime:0.001000s ]
INFO: [ view_filter ] --END-- [ RunTime:0.001000s ]
INFO: [ app_end ] --START--
INFO: Run Behavior\ShowPageTraceBehavior [ RunTime:0.003000s ]
INFO: [ app_end ] --END-- [ RunTime:0.003000s ]

[ 2015-08-28T16:49:22+08:00 ] 127.0.0.1 /wisdom/index.php/Taskadmin/Salesreport/index
INFO: [ app_init ] --START--
INFO: Run Behavior\BuildLiteBehavior [ RunTime:0.000000s ]
INFO: [ app_init ] --END-- [ RunTime:0.001000s ]
INFO: [ app_begin ] --START--
INFO: Run Behavior\ReadHtmlCacheBehavior [ RunTime:0.001000s ]
INFO: [ app_begin ] --END-- [ RunTime:0.001000s ]
INFO: [ view_parse ] --START--
INFO: [ template_filter ] --START--
INFO: Run Behavior\ContentReplaceBehavior [ RunTime:0.000000s ]
INFO: [ template_filter ] --END-- [ RunTime:0.001000s ]
INFO: Run Behavior\ParseTemplateBehavior [ RunTime:0.014001s ]
INFO: [ view_parse ] --END-- [ RunTime:0.014001s ]
INFO: [ view_filter ] --START--
INFO: Run Behavior\WriteHtmlCacheBehavior [ RunTime:0.001000s ]
INFO: [ view_filter ] --END-- [ RunTime:0.001000s ]
INFO: [ app_end ] --START--
INFO: Run Behavior\ShowPageTraceBehavior [ RunTime:0.001000s ]
INFO: [ app_end ] --END-- [ RunTime:0.001000s ]

[ 2015-08-28T16:50:38+08:00 ] 127.0.0.1 /wisdom/index.php/Taskadmin/Salesreport/index
INFO: [ app_init ] --START--
INFO: Run Behavior\BuildLiteBehavior [ RunTime:0.000000s ]
INFO: [ app_init ] --END-- [ RunTime:0.000000s ]
INFO: [ app_begin ] --START--
INFO: Run Behavior\ReadHtmlCacheBehavior [ RunTime:0.001000s ]
INFO: [ app_begin ] --END-- [ RunTime:0.001000s ]
INFO: [ view_parse ] --START--
INFO: [ template_filter ] --START--
INFO: Run Behavior\ContentReplaceBehavior [ RunTime:0.000000s ]
INFO: [ template_filter ] --END-- [ RunTime:0.000000s ]
INFO: Run Behavior\ParseTemplateBehavior [ RunTime:0.013001s ]
INFO: [ view_parse ] --END-- [ RunTime:0.013001s ]
INFO: [ view_filter ] --START--
INFO: Run Behavior\WriteHtmlCacheBehavior [ RunTime:0.000000s ]
INFO: [ view_filter ] --END-- [ RunTime:0.000000s ]
INFO: [ app_end ] --START--
INFO: Run Behavior\ShowPageTraceBehavior [ RunTime:0.001000s ]
INFO: [ app_end ] --END-- [ RunTime:0.001000s ]

[ 2015-08-28T16:51:10+08:00 ] 127.0.0.1 /wisdom/index.php/Taskadmin/Salesreport/index
INFO: [ app_init ] --START--
INFO: Run Behavior\BuildLiteBehavior [ RunTime:0.000000s ]
INFO: [ app_init ] --END-- [ RunTime:0.001000s ]
INFO: [ app_begin ] --START--
INFO: Run Behavior\ReadHtmlCacheBehavior [ RunTime:0.001000s ]
INFO: [ app_begin ] --END-- [ RunTime:0.001000s ]
INFO: [ view_parse ] --START--
INFO: [ template_filter ] --START--
INFO: Run Behavior\ContentReplaceBehavior [ RunTime:0.000000s ]
INFO: [ template_filter ] --END-- [ RunTime:0.000000s ]
INFO: Run Behavior\ParseTemplateBehavior [ RunTime:0.016001s ]
INFO: [ view_parse ] --END-- [ RunTime:0.016001s ]
INFO: [ view_filter ] --START--
INFO: Run Behavior\WriteHtmlCacheBehavior [ RunTime:0.001000s ]
INFO: [ view_filter ] --END-- [ RunTime:0.001000s ]
INFO: [ app_end ] --START--
INFO: Run Behavior\ShowPageTraceBehavior [ RunTime:0.002000s ]
INFO: [ app_end ] --END-- [ RunTime:0.002000s ]

