[ 2015-09-15T10:35:26+08:00 ] 127.0.0.1 /wisdom/index.php/Taskadmin/Review/index
INFO: [ app_init ] --START--
INFO: Run Behavior\BuildLiteBehavior [ RunTime:0.000000s ]
INFO: [ app_init ] --END-- [ RunTime:0.001000s ]
INFO: [ app_begin ] --START--
INFO: Run Behavior\ReadHtmlCacheBehavior [ RunTime:0.001000s ]
INFO: [ app_begin ] --END-- [ RunTime:0.001000s ]
INFO: [ view_parse ] --START--
INFO: [ template_filter ] --START--
INFO: Run Behavior\ContentReplaceBehavior [ RunTime:0.001000s ]
INFO: [ template_filter ] --END-- [ RunTime:0.001000s ]
INFO: Run Behavior\ParseTemplateBehavior [ RunTime:0.006000s ]
INFO: [ view_parse ] --END-- [ RunTime:0.007000s ]
INFO: [ view_filter ] --START--
INFO: Run Behavior\WriteHtmlCacheBehavior [ RunTime:0.000000s ]
INFO: [ view_filter ] --END-- [ RunTime:0.000000s ]

[ 2015-09-15T10:35:28+08:00 ] 127.0.0.1 /wisdom/index.php/Taskadmin/Index/index.html
INFO: [ app_init ] --START--
INFO: Run Behavior\BuildLiteBehavior [ RunTime:0.000000s ]
INFO: [ app_init ] --END-- [ RunTime:0.000000s ]
INFO: [ app_begin ] --START--
INFO: Run Behavior\ReadHtmlCacheBehavior [ RunTime:0.000000s ]
INFO: [ app_begin ] --END-- [ RunTime:0.000000s ]
INFO: [ view_parse ] --START--
INFO: [ template_filter ] --START--
INFO: Run Behavior\ContentReplaceBehavior [ RunTime:0.001000s ]
INFO: [ template_filter ] --END-- [ RunTime:0.001000s ]
INFO: Run Behavior\ParseTemplateBehavior [ RunTime:0.061003s ]
INFO: [ view_parse ] --END-- [ RunTime:0.062003s ]
INFO: [ view_filter ] --START--
INFO: Run Behavior\WriteHtmlCacheBehavior [ RunTime:0.001000s ]
INFO: [ view_filter ] --END-- [ RunTime:0.001000s ]
INFO: [ app_end ] --START--
INFO: Run Behavior\ShowPageTraceBehavior [ RunTime:0.003000s ]
INFO: [ app_end ] --END-- [ RunTime:0.003000s ]

[ 2015-09-15T10:35:28+08:00 ] 127.0.0.1 /wisdom/index.php/Taskadmin/Index/verify_c.html?3465
INFO: [ app_init ] --START--
INFO: Run Behavior\BuildLiteBehavior [ RunTime:0.000000s ]
INFO: [ app_init ] --END-- [ RunTime:0.000000s ]
INFO: [ app_begin ] --START--
INFO: Run Behavior\ReadHtmlCacheBehavior [ RunTime:0.000000s ]
INFO: [ app_begin ] --END-- [ RunTime:0.001000s ]
INFO: [ app_end ] --START--
INFO: Run Behavior\ShowPageTraceBehavior [ RunTime:0.000000s ]
INFO: [ app_end ] --END-- [ RunTime:0.000000s ]

[ 2015-09-15T10:36:43+08:00 ] 127.0.0.1 /wisdom/index.php/Taskadmin/Index/check_verify_c.html?code=2019
INFO: [ app_init ] --START--
INFO: Run Behavior\BuildLiteBehavior [ RunTime:0.000000s ]
INFO: [ app_init ] --END-- [ RunTime:0.003000s ]
INFO: [ app_begin ] --START--
INFO: Run Behavior\ReadHtmlCacheBehavior [ RunTime:0.000000s ]
INFO: [ app_begin ] --END-- [ RunTime:0.002000s ]
INFO: [ app_end ] --START--
INFO: Run Behavior\ShowPageTraceBehavior [ RunTime:0.000000s ]
INFO: [ app_end ] --END-- [ RunTime:0.000000s ]

[ 2015-09-15T10:36:43+08:00 ] 127.0.0.1 /wisdom/index.php/Taskadmin/Index/main.html
INFO: [ app_init ] --START--
INFO: Run Behavior\BuildLiteBehavior [ RunTime:0.000000s ]
INFO: [ app_init ] --END-- [ RunTime:0.000000s ]
INFO: [ app_begin ] --START--
INFO: Run Behavior\ReadHtmlCacheBehavior [ RunTime:0.001001s ]
INFO: [ app_begin ] --END-- [ RunTime:0.001001s ]
INFO: [ view_parse ] --START--
INFO: [ template_filter ] --START--
INFO: Run Behavior\ContentReplaceBehavior [ RunTime:0.001000s ]
INFO: [ template_filter ] --END-- [ RunTime:0.001000s ]
INFO: Run Behavior\ParseTemplateBehavior [ RunTime:0.010000s ]
INFO: [ view_parse ] --END-- [ RunTime:0.010000s ]
INFO: [ view_filter ] --START--
INFO: Run Behavior\WriteHtmlCacheBehavior [ RunTime:0.000000s ]
INFO: [ view_filter ] --END-- [ RunTime:0.000000s ]
INFO: [ app_end ] --START--
INFO: Run Behavior\ShowPageTraceBehavior [ RunTime:0.001000s ]
INFO: [ app_end ] --END-- [ RunTime:0.001000s ]

[ 2015-09-15T10:36:54+08:00 ] 127.0.0.1 /wisdom/index.php/Taskadmin/Task/index?access=100
INFO: [ app_init ] --START--
INFO: Run Behavior\BuildLiteBehavior [ RunTime:0.000000s ]
INFO: [ app_init ] --END-- [ RunTime:0.001000s ]
INFO: [ app_begin ] --START--
INFO: Run Behavior\ReadHtmlCacheBehavior [ RunTime:0.001000s ]
INFO: [ app_begin ] --END-- [ RunTime:0.001000s ]
INFO: [ view_parse ] --START--
INFO: [ template_filter ] --START--
INFO: Run Behavior\ContentReplaceBehavior [ RunTime:0.001000s ]
INFO: [ template_filter ] --END-- [ RunTime:0.001000s ]
NOTIC: [8] Undefined variable: tab D:\wamp\www\wisdom\App\Runtime\Cache\Taskadmin\782a28071b1ea47d710045b1ce2d13dc.php 第 66 行.
INFO: Run Behavior\ParseTemplateBehavior [ RunTime:0.012001s ]
INFO: [ view_parse ] --END-- [ RunTime:0.012001s ]
INFO: [ view_filter ] --START--
INFO: Run Behavior\WriteHtmlCacheBehavior [ RunTime:0.000000s ]
INFO: [ view_filter ] --END-- [ RunTime:0.000000s ]
INFO: [ app_end ] --START--
INFO: Run Behavior\ShowPageTraceBehavior [ RunTime:0.001000s ]
INFO: [ app_end ] --END-- [ RunTime:0.002000s ]

[ 2015-09-15T10:49:49+08:00 ] 127.0.0.1 /wisdom/index.php/Taskadmin/Review/index
INFO: [ app_init ] --START--
INFO: Run Behavior\BuildLiteBehavior [ RunTime:0.000000s ]
INFO: [ app_init ] --END-- [ RunTime:0.000000s ]
INFO: [ app_begin ] --START--
INFO: Run Behavior\ReadHtmlCacheBehavior [ RunTime:0.001000s ]
INFO: [ app_begin ] --END-- [ RunTime:0.001000s ]
INFO: [ view_parse ] --START--
INFO: [ template_filter ] --START--
INFO: Run Behavior\ContentReplaceBehavior [ RunTime:0.001000s ]
INFO: [ template_filter ] --END-- [ RunTime:0.001000s ]
INFO: Run Behavior\ParseTemplateBehavior [ RunTime:0.011000s ]
INFO: [ view_parse ] --END-- [ RunTime:0.011000s ]
INFO: [ view_filter ] --START--
INFO: Run Behavior\WriteHtmlCacheBehavior [ RunTime:0.001000s ]
INFO: [ view_filter ] --END-- [ RunTime:0.001000s ]
INFO: [ app_end ] --START--
INFO: Run Behavior\ShowPageTraceBehavior [ RunTime:0.001000s ]
INFO: [ app_end ] --END-- [ RunTime:0.001000s ]

[ 2015-09-15T14:21:56+08:00 ] 127.0.0.1 /wisdom/index.php/Taskadmin/Review/index
INFO: [ app_init ] --START--
INFO: Run Behavior\BuildLiteBehavior [ RunTime:0.000000s ]
INFO: [ app_init ] --END-- [ RunTime:0.000000s ]
INFO: [ app_begin ] --START--
INFO: Run Behavior\ReadHtmlCacheBehavior [ RunTime:0.000000s ]
INFO: [ app_begin ] --END-- [ RunTime:0.001000s ]
INFO: [ view_parse ] --START--
INFO: [ template_filter ] --START--
INFO: Run Behavior\ContentReplaceBehavior [ RunTime:0.001000s ]
INFO: [ template_filter ] --END-- [ RunTime:0.001000s ]
INFO: Run Behavior\ParseTemplateBehavior [ RunTime:0.011001s ]
INFO: [ view_parse ] --END-- [ RunTime:0.011001s ]
INFO: [ view_filter ] --START--
INFO: Run Behavior\WriteHtmlCacheBehavior [ RunTime:0.000000s ]
INFO: [ view_filter ] --END-- [ RunTime:0.000000s ]
INFO: [ app_end ] --START--
INFO: Run Behavior\ShowPageTraceBehavior [ RunTime:0.000000s ]
INFO: [ app_end ] --END-- [ RunTime:0.000000s ]

[ 2015-09-15T16:28:14+08:00 ] 127.0.0.1 /wisdom/index.php/Taskadmin/Sales/index
INFO: [ app_init ] --START--
INFO: Run Behavior\BuildLiteBehavior [ RunTime:0.000000s ]
INFO: [ app_init ] --END-- [ RunTime:0.001000s ]
INFO: [ app_begin ] --START--
INFO: Run Behavior\ReadHtmlCacheBehavior [ RunTime:0.001000s ]
INFO: [ app_begin ] --END-- [ RunTime:0.001000s ]
INFO: [ view_parse ] --START--
INFO: [ template_filter ] --START--
INFO: Run Behavior\ContentReplaceBehavior [ RunTime:0.000000s ]
INFO: [ template_filter ] --END-- [ RunTime:0.000000s ]
INFO: Run Behavior\ParseTemplateBehavior [ RunTime:0.012000s ]
INFO: [ view_parse ] --END-- [ RunTime:0.012000s ]
INFO: [ view_filter ] --START--
INFO: Run Behavior\WriteHtmlCacheBehavior [ RunTime:0.000000s ]
INFO: [ view_filter ] --END-- [ RunTime:0.000000s ]
INFO: [ app_end ] --START--
INFO: Run Behavior\ShowPageTraceBehavior [ RunTime:0.002000s ]
INFO: [ app_end ] --END-- [ RunTime:0.002000s ]

[ 2015-09-15T16:35:19+08:00 ] 127.0.0.1 /wisdom/index.php/Taskadmin/Sales/index
INFO: [ app_init ] --START--
INFO: Run Behavior\BuildLiteBehavior [ RunTime:0.000000s ]
INFO: [ app_init ] --END-- [ RunTime:0.001000s ]
INFO: [ app_begin ] --START--
INFO: Run Behavior\ReadHtmlCacheBehavior [ RunTime:0.001000s ]
INFO: [ app_begin ] --END-- [ RunTime:0.001000s ]
INFO: [ view_parse ] --START--
INFO: [ template_filter ] --START--
INFO: Run Behavior\ContentReplaceBehavior [ RunTime:0.000000s ]
INFO: [ template_filter ] --END-- [ RunTime:0.000000s ]
INFO: Run Behavior\ParseTemplateBehavior [ RunTime:0.017001s ]
INFO: [ view_parse ] --END-- [ RunTime:0.017001s ]
INFO: [ view_filter ] --START--
INFO: Run Behavior\WriteHtmlCacheBehavior [ RunTime:0.000000s ]
INFO: [ view_filter ] --END-- [ RunTime:0.000000s ]
INFO: [ app_end ] --START--
INFO: Run Behavior\ShowPageTraceBehavior [ RunTime:0.000000s ]
INFO: [ app_end ] --END-- [ RunTime:0.000000s ]

[ 2015-09-15T16:35:53+08:00 ] 127.0.0.1 /wisdom/index.php/Taskadmin/Sales/index
INFO: [ app_init ] --START--
INFO: Run Behavior\BuildLiteBehavior [ RunTime:0.000000s ]
INFO: [ app_init ] --END-- [ RunTime:0.001000s ]
INFO: [ app_begin ] --START--
INFO: Run Behavior\ReadHtmlCacheBehavior [ RunTime:0.001000s ]
INFO: [ app_begin ] --END-- [ RunTime:0.001000s ]
INFO: [ view_parse ] --START--
INFO: [ template_filter ] --START--
INFO: Run Behavior\ContentReplaceBehavior [ RunTime:0.000000s ]
INFO: [ template_filter ] --END-- [ RunTime:0.000000s ]
INFO: Run Behavior\ParseTemplateBehavior [ RunTime:0.014001s ]
INFO: [ view_parse ] --END-- [ RunTime:0.014001s ]
INFO: [ view_filter ] --START--
INFO: Run Behavior\WriteHtmlCacheBehavior [ RunTime:0.000000s ]
INFO: [ view_filter ] --END-- [ RunTime:0.000000s ]
INFO: [ app_end ] --START--
INFO: Run Behavior\ShowPageTraceBehavior [ RunTime:0.001000s ]
INFO: [ app_end ] --END-- [ RunTime:0.001000s ]

[ 2015-09-15T16:36:52+08:00 ] 127.0.0.1 /wisdom/index.php/Taskadmin/Sales/index
INFO: [ app_init ] --START--
INFO: Run Behavior\BuildLiteBehavior [ RunTime:0.000000s ]
INFO: [ app_init ] --END-- [ RunTime:0.000000s ]
INFO: [ app_begin ] --START--
INFO: Run Behavior\ReadHtmlCacheBehavior [ RunTime:0.001000s ]
INFO: [ app_begin ] --END-- [ RunTime:0.001000s ]
INFO: [ view_parse ] --START--
INFO: [ template_filter ] --START--
INFO: Run Behavior\ContentReplaceBehavior [ RunTime:0.000000s ]
INFO: [ template_filter ] --END-- [ RunTime:0.000000s ]
INFO: Run Behavior\ParseTemplateBehavior [ RunTime:0.013001s ]
INFO: [ view_parse ] --END-- [ RunTime:0.013001s ]
INFO: [ view_filter ] --START--
INFO: Run Behavior\WriteHtmlCacheBehavior [ RunTime:0.001000s ]
INFO: [ view_filter ] --END-- [ RunTime:0.001000s ]
INFO: [ app_end ] --START--
INFO: Run Behavior\ShowPageTraceBehavior [ RunTime:0.001000s ]
INFO: [ app_end ] --END-- [ RunTime:0.001000s ]

[ 2015-09-15T16:37:07+08:00 ] 127.0.0.1 /wisdom/index.php/Taskadmin/Sales/index
INFO: [ app_init ] --START--
INFO: Run Behavior\BuildLiteBehavior [ RunTime:0.000000s ]
INFO: [ app_init ] --END-- [ RunTime:0.001000s ]
INFO: [ app_begin ] --START--
INFO: Run Behavior\ReadHtmlCacheBehavior [ RunTime:0.001000s ]
INFO: [ app_begin ] --END-- [ RunTime:0.001000s ]
INFO: [ view_parse ] --START--
INFO: [ template_filter ] --START--
INFO: Run Behavior\ContentReplaceBehavior [ RunTime:0.000000s ]
INFO: [ template_filter ] --END-- [ RunTime:0.000000s ]
INFO: Run Behavior\ParseTemplateBehavior [ RunTime:0.014000s ]
INFO: [ view_parse ] --END-- [ RunTime:0.014000s ]
INFO: [ view_filter ] --START--
INFO: Run Behavior\WriteHtmlCacheBehavior [ RunTime:0.001000s ]
INFO: [ view_filter ] --END-- [ RunTime:0.001000s ]
INFO: [ app_end ] --START--
INFO: Run Behavior\ShowPageTraceBehavior [ RunTime:0.001001s ]
INFO: [ app_end ] --END-- [ RunTime:0.001001s ]

[ 2015-09-15T16:39:23+08:00 ] 127.0.0.1 /wisdom/index.php/Taskadmin/Dealer/index
INFO: [ app_init ] --START--
INFO: Run Behavior\BuildLiteBehavior [ RunTime:0.000000s ]
INFO: [ app_init ] --END-- [ RunTime:0.000000s ]
INFO: [ app_begin ] --START--
INFO: Run Behavior\ReadHtmlCacheBehavior [ RunTime:0.000000s ]
INFO: [ app_begin ] --END-- [ RunTime:0.000000s ]
INFO: [ view_parse ] --START--
INFO: [ template_filter ] --START--
INFO: Run Behavior\ContentReplaceBehavior [ RunTime:0.000000s ]
INFO: [ template_filter ] --END-- [ RunTime:0.000000s ]
INFO: Run Behavior\ParseTemplateBehavior [ RunTime:0.011000s ]
INFO: [ view_parse ] --END-- [ RunTime:0.011000s ]
INFO: [ view_filter ] --START--
INFO: Run Behavior\WriteHtmlCacheBehavior [ RunTime:0.001000s ]
INFO: [ view_filter ] --END-- [ RunTime:0.001000s ]
INFO: [ app_end ] --START--
INFO: Run Behavior\ShowPageTraceBehavior [ RunTime:0.001001s ]
INFO: [ app_end ] --END-- [ RunTime:0.001001s ]

[ 2015-09-15T16:39:33+08:00 ] 127.0.0.1 /wisdom/index.php/Taskadmin/Sales/index
INFO: [ app_init ] --START--
INFO: Run Behavior\BuildLiteBehavior [ RunTime:0.000000s ]
INFO: [ app_init ] --END-- [ RunTime:0.000000s ]
INFO: [ app_begin ] --START--
INFO: Run Behavior\ReadHtmlCacheBehavior [ RunTime:0.001000s ]
INFO: [ app_begin ] --END-- [ RunTime:0.001000s ]
INFO: [ view_parse ] --START--
INFO: [ template_filter ] --START--
INFO: Run Behavior\ContentReplaceBehavior [ RunTime:0.000000s ]
INFO: [ template_filter ] --END-- [ RunTime:0.000000s ]
INFO: Run Behavior\ParseTemplateBehavior [ RunTime:0.010000s ]
INFO: [ view_parse ] --END-- [ RunTime:0.011000s ]
INFO: [ view_filter ] --START--
INFO: Run Behavior\WriteHtmlCacheBehavior [ RunTime:0.000000s ]
INFO: [ view_filter ] --END-- [ RunTime:0.000000s ]
INFO: [ app_end ] --START--
INFO: Run Behavior\ShowPageTraceBehavior [ RunTime:0.001000s ]
INFO: [ app_end ] --END-- [ RunTime:0.001000s ]

[ 2015-09-15T16:39:37+08:00 ] 127.0.0.1 /wisdom/index.php/Taskadmin/Dealer/index
INFO: [ app_init ] --START--
INFO: Run Behavior\BuildLiteBehavior [ RunTime:0.000000s ]
INFO: [ app_init ] --END-- [ RunTime:0.000000s ]
INFO: [ app_begin ] --START--
INFO: Run Behavior\ReadHtmlCacheBehavior [ RunTime:0.000000s ]
INFO: [ app_begin ] --END-- [ RunTime:0.001000s ]
INFO: [ view_parse ] --START--
INFO: [ template_filter ] --START--
INFO: Run Behavior\ContentReplaceBehavior [ RunTime:0.000000s ]
INFO: [ template_filter ] --END-- [ RunTime:0.000000s ]
INFO: Run Behavior\ParseTemplateBehavior [ RunTime:0.013001s ]
INFO: [ view_parse ] --END-- [ RunTime:0.013001s ]
INFO: [ view_filter ] --START--
INFO: Run Behavior\WriteHtmlCacheBehavior [ RunTime:0.001000s ]
INFO: [ view_filter ] --END-- [ RunTime:0.001000s ]
INFO: [ app_end ] --START--
INFO: Run Behavior\ShowPageTraceBehavior [ RunTime:0.001000s ]
INFO: [ app_end ] --END-- [ RunTime:0.001000s ]

[ 2015-09-15T16:39:46+08:00 ] 127.0.0.1 /wisdom/index.php/Taskadmin/Dealer/index
INFO: [ app_init ] --START--
INFO: Run Behavior\BuildLiteBehavior [ RunTime:0.000000s ]
INFO: [ app_init ] --END-- [ RunTime:0.000000s ]
INFO: [ app_begin ] --START--
INFO: Run Behavior\ReadHtmlCacheBehavior [ RunTime:0.001000s ]
INFO: [ app_begin ] --END-- [ RunTime:0.001000s ]
INFO: [ view_parse ] --START--
INFO: [ template_filter ] --START--
INFO: Run Behavior\ContentReplaceBehavior [ RunTime:0.000000s ]
INFO: [ template_filter ] --END-- [ RunTime:0.001000s ]
INFO: Run Behavior\ParseTemplateBehavior [ RunTime:0.014001s ]
INFO: [ view_parse ] --END-- [ RunTime:0.015001s ]
INFO: [ view_filter ] --START--
INFO: Run Behavior\WriteHtmlCacheBehavior [ RunTime:0.000000s ]
INFO: [ view_filter ] --END-- [ RunTime:0.000000s ]
INFO: [ app_end ] --START--
INFO: Run Behavior\ShowPageTraceBehavior [ RunTime:0.000000s ]
INFO: [ app_end ] --END-- [ RunTime:0.000000s ]

[ 2015-09-15T16:42:59+08:00 ] 127.0.0.1 /wisdom/index.php/Taskadmin/Sales/index
INFO: [ app_init ] --START--
INFO: Run Behavior\BuildLiteBehavior [ RunTime:0.000000s ]
INFO: [ app_init ] --END-- [ RunTime:0.001000s ]
INFO: [ app_begin ] --START--
INFO: Run Behavior\ReadHtmlCacheBehavior [ RunTime:0.001000s ]
INFO: [ app_begin ] --END-- [ RunTime:0.001000s ]
INFO: [ view_parse ] --START--
INFO: [ template_filter ] --START--
INFO: Run Behavior\ContentReplaceBehavior [ RunTime:0.000000s ]
INFO: [ template_filter ] --END-- [ RunTime:0.000000s ]
INFO: Run Behavior\ParseTemplateBehavior [ RunTime:0.012001s ]
INFO: [ view_parse ] --END-- [ RunTime:0.013001s ]
INFO: [ view_filter ] --START--
INFO: Run Behavior\WriteHtmlCacheBehavior [ RunTime:0.000000s ]
INFO: [ view_filter ] --END-- [ RunTime:0.000000s ]
INFO: [ app_end ] --START--
INFO: Run Behavior\ShowPageTraceBehavior [ RunTime:0.001000s ]
INFO: [ app_end ] --END-- [ RunTime:0.001000s ]

[ 2015-09-15T16:43:12+08:00 ] 127.0.0.1 /wisdom/index.php/Taskadmin/Sales/index
INFO: [ app_init ] --START--
INFO: Run Behavior\BuildLiteBehavior [ RunTime:0.000000s ]
INFO: [ app_init ] --END-- [ RunTime:0.000000s ]
INFO: [ app_begin ] --START--
INFO: Run Behavior\ReadHtmlCacheBehavior [ RunTime:0.001000s ]
INFO: [ app_begin ] --END-- [ RunTime:0.001000s ]
INFO: [ view_parse ] --START--
INFO: [ template_filter ] --START--
INFO: Run Behavior\ContentReplaceBehavior [ RunTime:0.000000s ]
INFO: [ template_filter ] --END-- [ RunTime:0.000000s ]
INFO: Run Behavior\ParseTemplateBehavior [ RunTime:0.010001s ]
INFO: [ view_parse ] --END-- [ RunTime:0.010001s ]
INFO: [ view_filter ] --START--
INFO: Run Behavior\WriteHtmlCacheBehavior [ RunTime:0.000000s ]
INFO: [ view_filter ] --END-- [ RunTime:0.001000s ]
INFO: [ app_end ] --START--
INFO: Run Behavior\ShowPageTraceBehavior [ RunTime:0.000000s ]
INFO: [ app_end ] --END-- [ RunTime:0.000000s ]

[ 2015-09-15T16:43:18+08:00 ] 127.0.0.1 /wisdom/index.php/Taskadmin/Sales/index
INFO: [ app_init ] --START--
INFO: Run Behavior\BuildLiteBehavior [ RunTime:0.000000s ]
INFO: [ app_init ] --END-- [ RunTime:0.001000s ]
INFO: [ app_begin ] --START--
INFO: Run Behavior\ReadHtmlCacheBehavior [ RunTime:0.001000s ]
INFO: [ app_begin ] --END-- [ RunTime:0.001000s ]
INFO: [ view_parse ] --START--
INFO: [ template_filter ] --START--
INFO: Run Behavior\ContentReplaceBehavior [ RunTime:0.000000s ]
INFO: [ template_filter ] --END-- [ RunTime:0.000000s ]
INFO: Run Behavior\ParseTemplateBehavior [ RunTime:0.013001s ]
INFO: [ view_parse ] --END-- [ RunTime:0.013001s ]
INFO: [ view_filter ] --START--
INFO: Run Behavior\WriteHtmlCacheBehavior [ RunTime:0.000000s ]
INFO: [ view_filter ] --END-- [ RunTime:0.000000s ]
INFO: [ app_end ] --START--
INFO: Run Behavior\ShowPageTraceBehavior [ RunTime:0.000000s ]
INFO: [ app_end ] --END-- [ RunTime:0.000000s ]

[ 2015-09-15T16:59:10+08:00 ] 127.0.0.1 /wisdom/index.php/Taskadmin/Sales/index
INFO: [ app_init ] --START--
INFO: Run Behavior\BuildLiteBehavior [ RunTime:0.001000s ]
INFO: [ app_init ] --END-- [ RunTime:0.001000s ]
INFO: [ app_begin ] --START--
INFO: Run Behavior\ReadHtmlCacheBehavior [ RunTime:0.001000s ]
INFO: [ app_begin ] --END-- [ RunTime:0.001000s ]
INFO: [ view_parse ] --START--
INFO: [ template_filter ] --START--
INFO: Run Behavior\ContentReplaceBehavior [ RunTime:0.000000s ]
INFO: [ template_filter ] --END-- [ RunTime:0.000000s ]
INFO: Run Behavior\ParseTemplateBehavior [ RunTime:0.014001s ]
INFO: [ view_parse ] --END-- [ RunTime:0.014001s ]
INFO: [ view_filter ] --START--
INFO: Run Behavior\WriteHtmlCacheBehavior [ RunTime:0.001000s ]
INFO: [ view_filter ] --END-- [ RunTime:0.001000s ]
INFO: [ app_end ] --START--
INFO: Run Behavior\ShowPageTraceBehavior [ RunTime:0.002000s ]
INFO: [ app_end ] --END-- [ RunTime:0.002000s ]

[ 2015-09-15T16:59:43+08:00 ] 127.0.0.1 /wisdom/index.php/Taskadmin/Sales/index
INFO: [ app_init ] --START--
INFO: Run Behavior\BuildLiteBehavior [ RunTime:0.000000s ]
INFO: [ app_init ] --END-- [ RunTime:0.000000s ]
INFO: [ app_begin ] --START--
INFO: Run Behavior\ReadHtmlCacheBehavior [ RunTime:0.000000s ]
INFO: [ app_begin ] --END-- [ RunTime:0.001000s ]
INFO: [ view_parse ] --START--
INFO: [ template_filter ] --START--
INFO: Run Behavior\ContentReplaceBehavior [ RunTime:0.001000s ]
INFO: [ template_filter ] --END-- [ RunTime:0.001000s ]
INFO: Run Behavior\ParseTemplateBehavior [ RunTime:0.015001s ]
INFO: [ view_parse ] --END-- [ RunTime:0.015001s ]
INFO: [ view_filter ] --START--
INFO: Run Behavior\WriteHtmlCacheBehavior [ RunTime:0.000000s ]
INFO: [ view_filter ] --END-- [ RunTime:0.000000s ]
INFO: [ app_end ] --START--
INFO: Run Behavior\ShowPageTraceBehavior [ RunTime:0.002000s ]
INFO: [ app_end ] --END-- [ RunTime:0.002000s ]

[ 2015-09-15T17:00:14+08:00 ] 127.0.0.1 /wisdom/index.php/Taskadmin/Sales/index
INFO: [ app_init ] --START--
INFO: Run Behavior\BuildLiteBehavior [ RunTime:0.000000s ]
INFO: [ app_init ] --END-- [ RunTime:0.001000s ]
INFO: [ app_begin ] --START--
INFO: Run Behavior\ReadHtmlCacheBehavior [ RunTime:0.001000s ]
INFO: [ app_begin ] --END-- [ RunTime:0.001000s ]
INFO: [ view_parse ] --START--
INFO: [ template_filter ] --START--
INFO: Run Behavior\ContentReplaceBehavior [ RunTime:0.001000s ]
INFO: [ template_filter ] --END-- [ RunTime:0.001000s ]
INFO: Run Behavior\ParseTemplateBehavior [ RunTime:0.013001s ]
INFO: [ view_parse ] --END-- [ RunTime:0.014001s ]
INFO: [ view_filter ] --START--
INFO: Run Behavior\WriteHtmlCacheBehavior [ RunTime:0.000000s ]
INFO: [ view_filter ] --END-- [ RunTime:0.000000s ]
INFO: [ app_end ] --START--
INFO: Run Behavior\ShowPageTraceBehavior [ RunTime:0.001000s ]
INFO: [ app_end ] --END-- [ RunTime:0.001000s ]

[ 2015-09-15T17:00:49+08:00 ] 127.0.0.1 /wisdom/index.php/Taskadmin/Sales/index
INFO: [ app_init ] --START--
INFO: Run Behavior\BuildLiteBehavior [ RunTime:0.000000s ]
INFO: [ app_init ] --END-- [ RunTime:0.001000s ]
INFO: [ app_begin ] --START--
INFO: Run Behavior\ReadHtmlCacheBehavior [ RunTime:0.001000s ]
INFO: [ app_begin ] --END-- [ RunTime:0.001000s ]
INFO: [ view_parse ] --START--
INFO: [ template_filter ] --START--
INFO: Run Behavior\ContentReplaceBehavior [ RunTime:0.000000s ]
INFO: [ template_filter ] --END-- [ RunTime:0.000000s ]
INFO: Run Behavior\ParseTemplateBehavior [ RunTime:0.013001s ]
INFO: [ view_parse ] --END-- [ RunTime:0.013001s ]
INFO: [ view_filter ] --START--
INFO: Run Behavior\WriteHtmlCacheBehavior [ RunTime:0.001000s ]
INFO: [ view_filter ] --END-- [ RunTime:0.001000s ]
INFO: [ app_end ] --START--
INFO: Run Behavior\ShowPageTraceBehavior [ RunTime:0.001000s ]
INFO: [ app_end ] --END-- [ RunTime:0.001000s ]

[ 2015-09-15T17:01:42+08:00 ] 127.0.0.1 /wisdom/index.php/Taskadmin/Sales/index
INFO: [ app_init ] --START--
INFO: Run Behavior\BuildLiteBehavior [ RunTime:0.000000s ]
INFO: [ app_init ] --END-- [ RunTime:0.000000s ]
INFO: [ app_begin ] --START--
INFO: Run Behavior\ReadHtmlCacheBehavior [ RunTime:0.001000s ]
INFO: [ app_begin ] --END-- [ RunTime:0.001000s ]
INFO: [ view_parse ] --START--
INFO: [ template_filter ] --START--
INFO: Run Behavior\ContentReplaceBehavior [ RunTime:0.000000s ]
INFO: [ template_filter ] --END-- [ RunTime:0.000000s ]
INFO: Run Behavior\ParseTemplateBehavior [ RunTime:0.013001s ]
INFO: [ view_parse ] --END-- [ RunTime:0.013001s ]
INFO: [ view_filter ] --START--
INFO: Run Behavior\WriteHtmlCacheBehavior [ RunTime:0.000000s ]
INFO: [ view_filter ] --END-- [ RunTime:0.001000s ]
INFO: [ app_end ] --START--
INFO: Run Behavior\ShowPageTraceBehavior [ RunTime:0.001000s ]
INFO: [ app_end ] --END-- [ RunTime:0.001000s ]

[ 2015-09-15T17:01:58+08:00 ] 127.0.0.1 /wisdom/index.php/Taskadmin/Sales/index
INFO: [ app_init ] --START--
INFO: Run Behavior\BuildLiteBehavior [ RunTime:0.000000s ]
INFO: [ app_init ] --END-- [ RunTime:0.001000s ]
INFO: [ app_begin ] --START--
INFO: Run Behavior\ReadHtmlCacheBehavior [ RunTime:0.000000s ]
INFO: [ app_begin ] --END-- [ RunTime:0.001000s ]
INFO: [ view_parse ] --START--
INFO: [ template_filter ] --START--
INFO: Run Behavior\ContentReplaceBehavior [ RunTime:0.000000s ]
INFO: [ template_filter ] --END-- [ RunTime:0.000000s ]
INFO: Run Behavior\ParseTemplateBehavior [ RunTime:0.013001s ]
INFO: [ view_parse ] --END-- [ RunTime:0.013001s ]
INFO: [ view_filter ] --START--
INFO: Run Behavior\WriteHtmlCacheBehavior [ RunTime:0.000000s ]
INFO: [ view_filter ] --END-- [ RunTime:0.001000s ]
INFO: [ app_end ] --START--
INFO: Run Behavior\ShowPageTraceBehavior [ RunTime:0.000000s ]
INFO: [ app_end ] --END-- [ RunTime:0.000000s ]

[ 2015-09-15T17:19:08+08:00 ] 127.0.0.1 /wisdom/index.php/Taskadmin/Task/index?access=100
INFO: [ app_init ] --START--
INFO: Run Behavior\BuildLiteBehavior [ RunTime:0.000000s ]
INFO: [ app_init ] --END-- [ RunTime:0.001000s ]
INFO: [ app_begin ] --START--
INFO: Run Behavior\ReadHtmlCacheBehavior [ RunTime:0.000000s ]
INFO: [ app_begin ] --END-- [ RunTime:0.000000s ]
INFO: [ view_parse ] --START--
INFO: [ template_filter ] --START--
INFO: Run Behavior\ContentReplaceBehavior [ RunTime:0.000000s ]
INFO: [ template_filter ] --END-- [ RunTime:0.001000s ]
NOTIC: [8] Undefined variable: tab D:\wamp\www\wisdom\App\Runtime\Cache\Taskadmin\782a28071b1ea47d710045b1ce2d13dc.php 第 66 行.
INFO: Run Behavior\ParseTemplateBehavior [ RunTime:0.017001s ]
INFO: [ view_parse ] --END-- [ RunTime:0.017001s ]
INFO: [ view_filter ] --START--
INFO: Run Behavior\WriteHtmlCacheBehavior [ RunTime:0.001000s ]
INFO: [ view_filter ] --END-- [ RunTime:0.001000s ]
INFO: [ app_end ] --START--
INFO: Run Behavior\ShowPageTraceBehavior [ RunTime:0.001001s ]
INFO: [ app_end ] --END-- [ RunTime:0.001001s ]

[ 2015-09-15T17:19:09+08:00 ] 127.0.0.1 /wisdom/index.php/Taskadmin/Task/add_business
INFO: [ app_init ] --START--
INFO: Run Behavior\BuildLiteBehavior [ RunTime:0.000000s ]
INFO: [ app_init ] --END-- [ RunTime:0.000000s ]
INFO: [ app_begin ] --START--
INFO: Run Behavior\ReadHtmlCacheBehavior [ RunTime:0.000000s ]
INFO: [ app_begin ] --END-- [ RunTime:0.000000s ]
SQL: SHOW COLUMNS FROM `t_tasktype` [ RunTime:0.0040s ]
SQL: SELECT * FROM `t_tasktype` WHERE ( F_PARENTID=0 )  [ RunTime:0.0040s ]
INFO: [ view_parse ] --START--
INFO: [ template_filter ] --START--
INFO: Run Behavior\ContentReplaceBehavior [ RunTime:0.001000s ]
INFO: [ template_filter ] --END-- [ RunTime:0.001000s ]
NOTIC: [8] Undefined variable: reModi D:\wamp\www\wisdom\App\Runtime\Cache\Taskadmin\f5769bc3bc4fd22bec93eaaa5de20912.php 第 31 行.
NOTIC: [8] Undefined variable: reModi D:\wamp\www\wisdom\App\Runtime\Cache\Taskadmin\f5769bc3bc4fd22bec93eaaa5de20912.php 第 55 行.
NOTIC: [8] Undefined variable: reModi D:\wamp\www\wisdom\App\Runtime\Cache\Taskadmin\f5769bc3bc4fd22bec93eaaa5de20912.php 第 60 行.
NOTIC: [8] Undefined variable: reModi D:\wamp\www\wisdom\App\Runtime\Cache\Taskadmin\f5769bc3bc4fd22bec93eaaa5de20912.php 第 76 行.
NOTIC: [8] Undefined variable: reModi D:\wamp\www\wisdom\App\Runtime\Cache\Taskadmin\f5769bc3bc4fd22bec93eaaa5de20912.php 第 81 行.
NOTIC: [8] Undefined variable: reModi D:\wamp\www\wisdom\App\Runtime\Cache\Taskadmin\f5769bc3bc4fd22bec93eaaa5de20912.php 第 92 行.
NOTIC: [8] Undefined variable: reModi D:\wamp\www\wisdom\App\Runtime\Cache\Taskadmin\f5769bc3bc4fd22bec93eaaa5de20912.php 第 92 行.
NOTIC: [8] Undefined variable: reModi D:\wamp\www\wisdom\App\Runtime\Cache\Taskadmin\f5769bc3bc4fd22bec93eaaa5de20912.php 第 98 行.
NOTIC: [8] Undefined variable: reModi D:\wamp\www\wisdom\App\Runtime\Cache\Taskadmin\f5769bc3bc4fd22bec93eaaa5de20912.php 第 107 行.
NOTIC: [8] Undefined variable: reModi D:\wamp\www\wisdom\App\Runtime\Cache\Taskadmin\f5769bc3bc4fd22bec93eaaa5de20912.php 第 108 行.
NOTIC: [8] Undefined variable: reModi D:\wamp\www\wisdom\App\Runtime\Cache\Taskadmin\f5769bc3bc4fd22bec93eaaa5de20912.php 第 114 行.
NOTIC: [8] Undefined variable: reModi D:\wamp\www\wisdom\App\Runtime\Cache\Taskadmin\f5769bc3bc4fd22bec93eaaa5de20912.php 第 120 行.
NOTIC: [8] Undefined variable: reModi D:\wamp\www\wisdom\App\Runtime\Cache\Taskadmin\f5769bc3bc4fd22bec93eaaa5de20912.php 第 128 行.
NOTIC: [8] Undefined variable: reModi D:\wamp\www\wisdom\App\Runtime\Cache\Taskadmin\f5769bc3bc4fd22bec93eaaa5de20912.php 第 145 行.
NOTIC: [8] Undefined variable: reModi D:\wamp\www\wisdom\App\Runtime\Cache\Taskadmin\f5769bc3bc4fd22bec93eaaa5de20912.php 第 151 行.
NOTIC: [8] Undefined variable: reModi D:\wamp\www\wisdom\App\Runtime\Cache\Taskadmin\f5769bc3bc4fd22bec93eaaa5de20912.php 第 157 行.
NOTIC: [8] Undefined variable: reModi D:\wamp\www\wisdom\App\Runtime\Cache\Taskadmin\f5769bc3bc4fd22bec93eaaa5de20912.php 第 158 行.
NOTIC: [8] Undefined variable: reModi D:\wamp\www\wisdom\App\Runtime\Cache\Taskadmin\f5769bc3bc4fd22bec93eaaa5de20912.php 第 159 行.
NOTIC: [8] Undefined variable: reModi D:\wamp\www\wisdom\App\Runtime\Cache\Taskadmin\f5769bc3bc4fd22bec93eaaa5de20912.php 第 160 行.
NOTIC: [8] Undefined variable: reModi D:\wamp\www\wisdom\App\Runtime\Cache\Taskadmin\f5769bc3bc4fd22bec93eaaa5de20912.php 第 161 行.
NOTIC: [8] Undefined variable: reModi D:\wamp\www\wisdom\App\Runtime\Cache\Taskadmin\f5769bc3bc4fd22bec93eaaa5de20912.php 第 161 行.
NOTIC: [8] Undefined variable: reModi D:\wamp\www\wisdom\App\Runtime\Cache\Taskadmin\f5769bc3bc4fd22bec93eaaa5de20912.php 第 167 行.
NOTIC: [8] Undefined variable: reModi D:\wamp\www\wisdom\App\Runtime\Cache\Taskadmin\f5769bc3bc4fd22bec93eaaa5de20912.php 第 177 行.
NOTIC: [8] Undefined variable: reModi D:\wamp\www\wisdom\App\Runtime\Cache\Taskadmin\f5769bc3bc4fd22bec93eaaa5de20912.php 第 178 行.
NOTIC: [8] Undefined variable: reModi D:\wamp\www\wisdom\App\Runtime\Cache\Taskadmin\f5769bc3bc4fd22bec93eaaa5de20912.php 第 179 行.
NOTIC: [8] Undefined variable: reModi D:\wamp\www\wisdom\App\Runtime\Cache\Taskadmin\f5769bc3bc4fd22bec93eaaa5de20912.php 第 182 行.
NOTIC: [8] Undefined variable: reModi D:\wamp\www\wisdom\App\Runtime\Cache\Taskadmin\f5769bc3bc4fd22bec93eaaa5de20912.php 第 183 行.
NOTIC: [8] Undefined variable: reModi D:\wamp\www\wisdom\App\Runtime\Cache\Taskadmin\f5769bc3bc4fd22bec93eaaa5de20912.php 第 184 行.
NOTIC: [8] Undefined variable: reModi D:\wamp\www\wisdom\App\Runtime\Cache\Taskadmin\f5769bc3bc4fd22bec93eaaa5de20912.php 第 243 行.
NOTIC: [8] Undefined variable: reModi D:\wamp\www\wisdom\App\Runtime\Cache\Taskadmin\f5769bc3bc4fd22bec93eaaa5de20912.php 第 250 行.
NOTIC: [8] Undefined variable: reModi D:\wamp\www\wisdom\App\Runtime\Cache\Taskadmin\f5769bc3bc4fd22bec93eaaa5de20912.php 第 257 行.
NOTIC: [8] Undefined variable: reModi D:\wamp\www\wisdom\App\Runtime\Cache\Taskadmin\f5769bc3bc4fd22bec93eaaa5de20912.php 第 264 行.
NOTIC: [8] Undefined variable: reModi D:\wamp\www\wisdom\App\Runtime\Cache\Taskadmin\f5769bc3bc4fd22bec93eaaa5de20912.php 第 271 行.
NOTIC: [8] Undefined variable: reModi D:\wamp\www\wisdom\App\Runtime\Cache\Taskadmin\f5769bc3bc4fd22bec93eaaa5de20912.php 第 278 行.
NOTIC: [8] Undefined variable: reModi D:\wamp\www\wisdom\App\Runtime\Cache\Taskadmin\f5769bc3bc4fd22bec93eaaa5de20912.php 第 285 行.
NOTIC: [8] Undefined variable: reModi D:\wamp\www\wisdom\App\Runtime\Cache\Taskadmin\f5769bc3bc4fd22bec93eaaa5de20912.php 第 317 行.
NOTIC: [8] Undefined variable: reModi D:\wamp\www\wisdom\App\Runtime\Cache\Taskadmin\f5769bc3bc4fd22bec93eaaa5de20912.php 第 333 行.
NOTIC: [8] Undefined variable: reModi D:\wamp\www\wisdom\App\Runtime\Cache\Taskadmin\f5769bc3bc4fd22bec93eaaa5de20912.php 第 349 行.
NOTIC: [8] Undefined variable: reModi D:\wamp\www\wisdom\App\Runtime\Cache\Taskadmin\f5769bc3bc4fd22bec93eaaa5de20912.php 第 365 行.
NOTIC: [8] Undefined variable: reModi D:\wamp\www\wisdom\App\Runtime\Cache\Taskadmin\f5769bc3bc4fd22bec93eaaa5de20912.php 第 381 行.
NOTIC: [8] Undefined variable: reModi D:\wamp\www\wisdom\App\Runtime\Cache\Taskadmin\f5769bc3bc4fd22bec93eaaa5de20912.php 第 397 行.
NOTIC: [8] Undefined variable: reModi D:\wamp\www\wisdom\App\Runtime\Cache\Taskadmin\f5769bc3bc4fd22bec93eaaa5de20912.php 第 464 行.
INFO: Run Behavior\ParseTemplateBehavior [ RunTime:0.036002s ]
INFO: [ view_parse ] --END-- [ RunTime:0.037002s ]
INFO: [ view_filter ] --START--
INFO: Run Behavior\WriteHtmlCacheBehavior [ RunTime:0.000000s ]
INFO: [ view_filter ] --END-- [ RunTime:0.000000s ]
INFO: [ app_end ] --START--
INFO: Run Behavior\ShowPageTraceBehavior [ RunTime:0.000000s ]
INFO: [ app_end ] --END-- [ RunTime:0.001000s ]

[ 2015-09-15T17:19:09+08:00 ] 127.0.0.1 /wisdom/index.php/Taskadmin/Fun/jsislogin
INFO: [ app_init ] --START--
INFO: Run Behavior\BuildLiteBehavior [ RunTime:0.000000s ]
INFO: [ app_init ] --END-- [ RunTime:0.001000s ]
INFO: [ app_begin ] --START--
INFO: Run Behavior\ReadHtmlCacheBehavior [ RunTime:0.001000s ]
INFO: [ app_begin ] --END-- [ RunTime:0.002001s ]
INFO: [ app_end ] --START--
INFO: Run Behavior\ShowPageTraceBehavior [ RunTime:0.001000s ]
INFO: [ app_end ] --END-- [ RunTime:0.002000s ]

[ 2015-09-15T17:19:10+08:00 ] 127.0.0.1 /wisdom/index.php/Taskadmin/Task/add_push.html
INFO: [ app_init ] --START--
INFO: Run Behavior\BuildLiteBehavior [ RunTime:0.000000s ]
INFO: [ app_init ] --END-- [ RunTime:0.000000s ]
INFO: [ app_begin ] --START--
INFO: Run Behavior\ReadHtmlCacheBehavior [ RunTime:0.000000s ]
INFO: [ app_begin ] --END-- [ RunTime:0.000000s ]
SQL: SHOW COLUMNS FROM `t_tasktype` [ RunTime:0.0100s ]
SQL: SELECT * FROM `t_tasktype` WHERE ( F_PARENTID=0 )  [ RunTime:0.0090s ]
INFO: [ view_parse ] --START--
INFO: [ template_filter ] --START--
INFO: Run Behavior\ContentReplaceBehavior [ RunTime:0.000000s ]
INFO: [ template_filter ] --END-- [ RunTime:0.000000s ]
NOTIC: [8] Undefined variable: reModi D:\wamp\www\wisdom\App\Runtime\Cache\Taskadmin\0775dce2181b25cfb990dc4d9f1a8672.php 第 55 行.
NOTIC: [8] Undefined variable: reModi D:\wamp\www\wisdom\App\Runtime\Cache\Taskadmin\0775dce2181b25cfb990dc4d9f1a8672.php 第 60 行.
NOTIC: [8] Undefined variable: reModi D:\wamp\www\wisdom\App\Runtime\Cache\Taskadmin\0775dce2181b25cfb990dc4d9f1a8672.php 第 72 行.
NOTIC: [8] Undefined variable: reModi D:\wamp\www\wisdom\App\Runtime\Cache\Taskadmin\0775dce2181b25cfb990dc4d9f1a8672.php 第 72 行.
NOTIC: [8] Undefined variable: reModi D:\wamp\www\wisdom\App\Runtime\Cache\Taskadmin\0775dce2181b25cfb990dc4d9f1a8672.php 第 79 行.
NOTIC: [8] Undefined variable: reModi D:\wamp\www\wisdom\App\Runtime\Cache\Taskadmin\0775dce2181b25cfb990dc4d9f1a8672.php 第 88 行.
NOTIC: [8] Undefined variable: reModi D:\wamp\www\wisdom\App\Runtime\Cache\Taskadmin\0775dce2181b25cfb990dc4d9f1a8672.php 第 89 行.
NOTIC: [8] Undefined variable: reModi D:\wamp\www\wisdom\App\Runtime\Cache\Taskadmin\0775dce2181b25cfb990dc4d9f1a8672.php 第 96 行.
NOTIC: [8] Undefined variable: reModi D:\wamp\www\wisdom\App\Runtime\Cache\Taskadmin\0775dce2181b25cfb990dc4d9f1a8672.php 第 103 行.
NOTIC: [8] Undefined variable: reModi D:\wamp\www\wisdom\App\Runtime\Cache\Taskadmin\0775dce2181b25cfb990dc4d9f1a8672.php 第 112 行.
NOTIC: [8] Undefined variable: reModi D:\wamp\www\wisdom\App\Runtime\Cache\Taskadmin\0775dce2181b25cfb990dc4d9f1a8672.php 第 125 行.
NOTIC: [8] Undefined variable: reModi D:\wamp\www\wisdom\App\Runtime\Cache\Taskadmin\0775dce2181b25cfb990dc4d9f1a8672.php 第 130 行.
NOTIC: [8] Undefined variable: reModi D:\wamp\www\wisdom\App\Runtime\Cache\Taskadmin\0775dce2181b25cfb990dc4d9f1a8672.php 第 131 行.
NOTIC: [8] Undefined variable: reModi D:\wamp\www\wisdom\App\Runtime\Cache\Taskadmin\0775dce2181b25cfb990dc4d9f1a8672.php 第 135 行.
NOTIC: [8] Undefined variable: reModi D:\wamp\www\wisdom\App\Runtime\Cache\Taskadmin\0775dce2181b25cfb990dc4d9f1a8672.php 第 143 行.
NOTIC: [8] Undefined variable: reModi D:\wamp\www\wisdom\App\Runtime\Cache\Taskadmin\0775dce2181b25cfb990dc4d9f1a8672.php 第 151 行.
NOTIC: [8] Undefined variable: reModi D:\wamp\www\wisdom\App\Runtime\Cache\Taskadmin\0775dce2181b25cfb990dc4d9f1a8672.php 第 280 行.
INFO: Run Behavior\ParseTemplateBehavior [ RunTime:0.020001s ]
INFO: [ view_parse ] --END-- [ RunTime:0.020001s ]
INFO: [ view_filter ] --START--
INFO: Run Behavior\WriteHtmlCacheBehavior [ RunTime:0.000000s ]
INFO: [ view_filter ] --END-- [ RunTime:0.000000s ]
INFO: [ app_end ] --START--
INFO: Run Behavior\ShowPageTraceBehavior [ RunTime:0.002001s ]
INFO: [ app_end ] --END-- [ RunTime:0.002001s ]

[ 2015-09-15T17:19:11+08:00 ] 127.0.0.1 /wisdom/index.php/Taskadmin/Fun/getTasktype
INFO: [ app_init ] --START--
INFO: Run Behavior\BuildLiteBehavior [ RunTime:0.000000s ]
INFO: [ app_init ] --END-- [ RunTime:0.001000s ]
INFO: [ app_begin ] --START--
INFO: Run Behavior\ReadHtmlCacheBehavior [ RunTime:0.000000s ]
INFO: [ app_begin ] --END-- [ RunTime:0.002000s ]
SQL: SHOW COLUMNS FROM `t_tasktype` [ RunTime:0.0110s ]
SQL: SELECT * FROM `t_tasktype` WHERE ( F_PARENTID=2 )  [ RunTime:0.0110s ]
INFO: [ app_end ] --START--
INFO: Run Behavior\ShowPageTraceBehavior [ RunTime:0.000000s ]
INFO: [ app_end ] --END-- [ RunTime:0.000000s ]

[ 2015-09-15T17:19:11+08:00 ] 127.0.0.1 /wisdom/index.php/Taskadmin/Fun/jsislogin
INFO: [ app_init ] --START--
INFO: Run Behavior\BuildLiteBehavior [ RunTime:0.000000s ]
INFO: [ app_init ] --END-- [ RunTime:0.000000s ]
INFO: [ app_begin ] --START--
INFO: Run Behavior\ReadHtmlCacheBehavior [ RunTime:0.001000s ]
INFO: [ app_begin ] --END-- [ RunTime:0.001000s ]
INFO: [ app_end ] --START--
INFO: Run Behavior\ShowPageTraceBehavior [ RunTime:0.001000s ]
INFO: [ app_end ] --END-- [ RunTime:0.001000s ]

[ 2015-09-15T17:24:02+08:00 ] 127.0.0.1 /wisdom/index.php/Taskadmin/Task/add_push.html
INFO: [ app_init ] --START--
INFO: Run Behavior\BuildLiteBehavior [ RunTime:0.000000s ]
INFO: [ app_init ] --END-- [ RunTime:0.001000s ]
INFO: [ app_begin ] --START--
INFO: Run Behavior\ReadHtmlCacheBehavior [ RunTime:0.001000s ]
INFO: [ app_begin ] --END-- [ RunTime:0.001000s ]
SQL: SHOW COLUMNS FROM `t_tasktype` [ RunTime:0.0040s ]
SQL: SELECT * FROM `t_tasktype` WHERE ( F_PARENTID=0 )  [ RunTime:0.0030s ]
INFO: [ view_parse ] --START--
INFO: [ template_filter ] --START--
INFO: Run Behavior\ContentReplaceBehavior [ RunTime:0.000000s ]
INFO: [ template_filter ] --END-- [ RunTime:0.000000s ]
NOTIC: [8] Undefined variable: reModi D:\wamp\www\wisdom\App\Runtime\Cache\Taskadmin\0775dce2181b25cfb990dc4d9f1a8672.php 第 55 行.
NOTIC: [8] Undefined variable: reModi D:\wamp\www\wisdom\App\Runtime\Cache\Taskadmin\0775dce2181b25cfb990dc4d9f1a8672.php 第 60 行.
NOTIC: [8] Undefined variable: reModi D:\wamp\www\wisdom\App\Runtime\Cache\Taskadmin\0775dce2181b25cfb990dc4d9f1a8672.php 第 72 行.
NOTIC: [8] Undefined variable: reModi D:\wamp\www\wisdom\App\Runtime\Cache\Taskadmin\0775dce2181b25cfb990dc4d9f1a8672.php 第 72 行.
NOTIC: [8] Undefined variable: reModi D:\wamp\www\wisdom\App\Runtime\Cache\Taskadmin\0775dce2181b25cfb990dc4d9f1a8672.php 第 79 行.
NOTIC: [8] Undefined variable: reModi D:\wamp\www\wisdom\App\Runtime\Cache\Taskadmin\0775dce2181b25cfb990dc4d9f1a8672.php 第 88 行.
NOTIC: [8] Undefined variable: reModi D:\wamp\www\wisdom\App\Runtime\Cache\Taskadmin\0775dce2181b25cfb990dc4d9f1a8672.php 第 89 行.
NOTIC: [8] Undefined variable: reModi D:\wamp\www\wisdom\App\Runtime\Cache\Taskadmin\0775dce2181b25cfb990dc4d9f1a8672.php 第 96 行.
NOTIC: [8] Undefined variable: reModi D:\wamp\www\wisdom\App\Runtime\Cache\Taskadmin\0775dce2181b25cfb990dc4d9f1a8672.php 第 103 行.
NOTIC: [8] Undefined variable: reModi D:\wamp\www\wisdom\App\Runtime\Cache\Taskadmin\0775dce2181b25cfb990dc4d9f1a8672.php 第 112 行.
NOTIC: [8] Undefined variable: reModi D:\wamp\www\wisdom\App\Runtime\Cache\Taskadmin\0775dce2181b25cfb990dc4d9f1a8672.php 第 125 行.
NOTIC: [8] Undefined variable: reModi D:\wamp\www\wisdom\App\Runtime\Cache\Taskadmin\0775dce2181b25cfb990dc4d9f1a8672.php 第 130 行.
NOTIC: [8] Undefined variable: reModi D:\wamp\www\wisdom\App\Runtime\Cache\Taskadmin\0775dce2181b25cfb990dc4d9f1a8672.php 第 131 行.
NOTIC: [8] Undefined variable: reModi D:\wamp\www\wisdom\App\Runtime\Cache\Taskadmin\0775dce2181b25cfb990dc4d9f1a8672.php 第 135 行.
NOTIC: [8] Undefined variable: reModi D:\wamp\www\wisdom\App\Runtime\Cache\Taskadmin\0775dce2181b25cfb990dc4d9f1a8672.php 第 143 行.
NOTIC: [8] Undefined variable: reModi D:\wamp\www\wisdom\App\Runtime\Cache\Taskadmin\0775dce2181b25cfb990dc4d9f1a8672.php 第 151 行.
NOTIC: [8] Undefined variable: reModi D:\wamp\www\wisdom\App\Runtime\Cache\Taskadmin\0775dce2181b25cfb990dc4d9f1a8672.php 第 280 行.
INFO: Run Behavior\ParseTemplateBehavior [ RunTime:0.018001s ]
INFO: [ view_parse ] --END-- [ RunTime:0.018001s ]
INFO: [ view_filter ] --START--
INFO: Run Behavior\WriteHtmlCacheBehavior [ RunTime:0.001000s ]
INFO: [ view_filter ] --END-- [ RunTime:0.001000s ]
INFO: [ app_end ] --START--
INFO: Run Behavior\ShowPageTraceBehavior [ RunTime:0.001001s ]
INFO: [ app_end ] --END-- [ RunTime:0.001001s ]

[ 2015-09-15T17:24:03+08:00 ] 127.0.0.1 /wisdom/index.php/Taskadmin/Fun/jsislogin
INFO: [ app_init ] --START--
INFO: Run Behavior\BuildLiteBehavior [ RunTime:0.000000s ]
INFO: [ app_init ] --END-- [ RunTime:0.001000s ]
INFO: [ app_begin ] --START--
INFO: Run Behavior\ReadHtmlCacheBehavior [ RunTime:0.001000s ]
INFO: [ app_begin ] --END-- [ RunTime:0.001000s ]
INFO: [ app_end ] --START--
INFO: Run Behavior\ShowPageTraceBehavior [ RunTime:0.001000s ]
INFO: [ app_end ] --END-- [ RunTime:0.001000s ]

[ 2015-09-15T17:24:03+08:00 ] 127.0.0.1 /wisdom/index.php/Taskadmin/Fun/getTasktype
INFO: [ app_init ] --START--
INFO: Run Behavior\BuildLiteBehavior [ RunTime:0.000000s ]
INFO: [ app_init ] --END-- [ RunTime:0.001000s ]
INFO: [ app_begin ] --START--
INFO: Run Behavior\ReadHtmlCacheBehavior [ RunTime:0.001000s ]
INFO: [ app_begin ] --END-- [ RunTime:0.001000s ]
SQL: SHOW COLUMNS FROM `t_tasktype` [ RunTime:0.0090s ]
SQL: SELECT * FROM `t_tasktype` WHERE ( F_PARENTID=2 )  [ RunTime:0.0090s ]
INFO: [ app_end ] --START--
INFO: Run Behavior\ShowPageTraceBehavior [ RunTime:0.001000s ]
INFO: [ app_end ] --END-- [ RunTime:0.001000s ]

[ 2015-09-15T17:26:10+08:00 ] 127.0.0.1 /wisdom/index.php/Taskadmin/Task/add_push.html
INFO: [ app_init ] --START--
INFO: Run Behavior\BuildLiteBehavior [ RunTime:0.000000s ]
INFO: [ app_init ] --END-- [ RunTime:0.001000s ]
INFO: [ app_begin ] --START--
INFO: Run Behavior\ReadHtmlCacheBehavior [ RunTime:0.000000s ]
INFO: [ app_begin ] --END-- [ RunTime:0.000000s ]
SQL: SHOW COLUMNS FROM `t_tasktype` [ RunTime:0.0100s ]
SQL: SELECT * FROM `t_tasktype` WHERE ( F_PARENTID=0 )  [ RunTime:0.0100s ]
INFO: [ view_parse ] --START--
INFO: [ template_filter ] --START--
INFO: Run Behavior\ContentReplaceBehavior [ RunTime:0.000000s ]
INFO: [ template_filter ] --END-- [ RunTime:0.001001s ]
NOTIC: [8] Undefined variable: reModi D:\wamp\www\wisdom\App\Runtime\Cache\Taskadmin\0775dce2181b25cfb990dc4d9f1a8672.php 第 55 行.
NOTIC: [8] Undefined variable: reModi D:\wamp\www\wisdom\App\Runtime\Cache\Taskadmin\0775dce2181b25cfb990dc4d9f1a8672.php 第 60 行.
NOTIC: [8] Undefined variable: reModi D:\wamp\www\wisdom\App\Runtime\Cache\Taskadmin\0775dce2181b25cfb990dc4d9f1a8672.php 第 72 行.
NOTIC: [8] Undefined variable: reModi D:\wamp\www\wisdom\App\Runtime\Cache\Taskadmin\0775dce2181b25cfb990dc4d9f1a8672.php 第 72 行.
NOTIC: [8] Undefined variable: reModi D:\wamp\www\wisdom\App\Runtime\Cache\Taskadmin\0775dce2181b25cfb990dc4d9f1a8672.php 第 79 行.
NOTIC: [8] Undefined variable: reModi D:\wamp\www\wisdom\App\Runtime\Cache\Taskadmin\0775dce2181b25cfb990dc4d9f1a8672.php 第 88 行.
NOTIC: [8] Undefined variable: reModi D:\wamp\www\wisdom\App\Runtime\Cache\Taskadmin\0775dce2181b25cfb990dc4d9f1a8672.php 第 89 行.
NOTIC: [8] Undefined variable: reModi D:\wamp\www\wisdom\App\Runtime\Cache\Taskadmin\0775dce2181b25cfb990dc4d9f1a8672.php 第 96 行.
NOTIC: [8] Undefined variable: reModi D:\wamp\www\wisdom\App\Runtime\Cache\Taskadmin\0775dce2181b25cfb990dc4d9f1a8672.php 第 103 行.
NOTIC: [8] Undefined variable: reModi D:\wamp\www\wisdom\App\Runtime\Cache\Taskadmin\0775dce2181b25cfb990dc4d9f1a8672.php 第 112 行.
NOTIC: [8] Undefined variable: reModi D:\wamp\www\wisdom\App\Runtime\Cache\Taskadmin\0775dce2181b25cfb990dc4d9f1a8672.php 第 125 行.
NOTIC: [8] Undefined variable: reModi D:\wamp\www\wisdom\App\Runtime\Cache\Taskadmin\0775dce2181b25cfb990dc4d9f1a8672.php 第 130 行.
NOTIC: [8] Undefined variable: reModi D:\wamp\www\wisdom\App\Runtime\Cache\Taskadmin\0775dce2181b25cfb990dc4d9f1a8672.php 第 131 行.
NOTIC: [8] Undefined variable: reModi D:\wamp\www\wisdom\App\Runtime\Cache\Taskadmin\0775dce2181b25cfb990dc4d9f1a8672.php 第 135 行.
NOTIC: [8] Undefined variable: reModi D:\wamp\www\wisdom\App\Runtime\Cache\Taskadmin\0775dce2181b25cfb990dc4d9f1a8672.php 第 143 行.
NOTIC: [8] Undefined variable: reModi D:\wamp\www\wisdom\App\Runtime\Cache\Taskadmin\0775dce2181b25cfb990dc4d9f1a8672.php 第 151 行.
NOTIC: [8] Undefined variable: reModi D:\wamp\www\wisdom\App\Runtime\Cache\Taskadmin\0775dce2181b25cfb990dc4d9f1a8672.php 第 280 行.
INFO: Run Behavior\ParseTemplateBehavior [ RunTime:0.047003s ]
INFO: [ view_parse ] --END-- [ RunTime:0.047003s ]
INFO: [ view_filter ] --START--
INFO: Run Behavior\WriteHtmlCacheBehavior [ RunTime:0.001000s ]
INFO: [ view_filter ] --END-- [ RunTime:0.001000s ]
INFO: [ app_end ] --START--
INFO: Run Behavior\ShowPageTraceBehavior [ RunTime:0.001000s ]
INFO: [ app_end ] --END-- [ RunTime:0.001000s ]

[ 2015-09-15T17:26:10+08:00 ] 127.0.0.1 /wisdom/index.php/Taskadmin/Fun/jsislogin
INFO: [ app_init ] --START--
INFO: Run Behavior\BuildLiteBehavior [ RunTime:0.000000s ]
INFO: [ app_init ] --END-- [ RunTime:0.001000s ]
INFO: [ app_begin ] --START--
INFO: Run Behavior\ReadHtmlCacheBehavior [ RunTime:0.002000s ]
INFO: [ app_begin ] --END-- [ RunTime:0.002000s ]
INFO: [ app_end ] --START--
INFO: Run Behavior\ShowPageTraceBehavior [ RunTime:0.001000s ]
INFO: [ app_end ] --END-- [ RunTime:0.001000s ]

[ 2015-09-15T17:26:10+08:00 ] 127.0.0.1 /wisdom/index.php/Taskadmin/Fun/getTasktype
INFO: [ app_init ] --START--
INFO: Run Behavior\BuildLiteBehavior [ RunTime:0.000000s ]
INFO: [ app_init ] --END-- [ RunTime:0.000000s ]
INFO: [ app_begin ] --START--
INFO: Run Behavior\ReadHtmlCacheBehavior [ RunTime:0.002000s ]
INFO: [ app_begin ] --END-- [ RunTime:0.002000s ]
SQL: SHOW COLUMNS FROM `t_tasktype` [ RunTime:0.0040s ]
SQL: SELECT * FROM `t_tasktype` WHERE ( F_PARENTID=2 )  [ RunTime:0.0040s ]
INFO: [ app_end ] --START--
INFO: Run Behavior\ShowPageTraceBehavior [ RunTime:0.001000s ]
INFO: [ app_end ] --END-- [ RunTime:0.001000s ]

[ 2015-09-15T17:26:31+08:00 ] 127.0.0.1 /wisdom/index.php/Taskadmin/Task/add_push.html
INFO: [ app_init ] --START--
INFO: Run Behavior\BuildLiteBehavior [ RunTime:0.000000s ]
INFO: [ app_init ] --END-- [ RunTime:0.001000s ]
INFO: [ app_begin ] --START--
INFO: Run Behavior\ReadHtmlCacheBehavior [ RunTime:0.000000s ]
INFO: [ app_begin ] --END-- [ RunTime:0.001000s ]
SQL: SHOW COLUMNS FROM `t_tasktype` [ RunTime:0.0100s ]
SQL: SELECT * FROM `t_tasktype` WHERE ( F_PARENTID=0 )  [ RunTime:0.0100s ]
INFO: [ view_parse ] --START--
INFO: [ template_filter ] --START--
INFO: Run Behavior\ContentReplaceBehavior [ RunTime:0.000000s ]
INFO: [ template_filter ] --END-- [ RunTime:0.000000s ]
NOTIC: [8] Undefined variable: reModi D:\wamp\www\wisdom\App\Runtime\Cache\Taskadmin\0775dce2181b25cfb990dc4d9f1a8672.php 第 55 行.
NOTIC: [8] Undefined variable: reModi D:\wamp\www\wisdom\App\Runtime\Cache\Taskadmin\0775dce2181b25cfb990dc4d9f1a8672.php 第 60 行.
NOTIC: [8] Undefined variable: reModi D:\wamp\www\wisdom\App\Runtime\Cache\Taskadmin\0775dce2181b25cfb990dc4d9f1a8672.php 第 72 行.
NOTIC: [8] Undefined variable: reModi D:\wamp\www\wisdom\App\Runtime\Cache\Taskadmin\0775dce2181b25cfb990dc4d9f1a8672.php 第 72 行.
NOTIC: [8] Undefined variable: reModi D:\wamp\www\wisdom\App\Runtime\Cache\Taskadmin\0775dce2181b25cfb990dc4d9f1a8672.php 第 79 行.
NOTIC: [8] Undefined variable: reModi D:\wamp\www\wisdom\App\Runtime\Cache\Taskadmin\0775dce2181b25cfb990dc4d9f1a8672.php 第 88 行.
NOTIC: [8] Undefined variable: reModi D:\wamp\www\wisdom\App\Runtime\Cache\Taskadmin\0775dce2181b25cfb990dc4d9f1a8672.php 第 89 行.
NOTIC: [8] Undefined variable: reModi D:\wamp\www\wisdom\App\Runtime\Cache\Taskadmin\0775dce2181b25cfb990dc4d9f1a8672.php 第 96 行.
NOTIC: [8] Undefined variable: reModi D:\wamp\www\wisdom\App\Runtime\Cache\Taskadmin\0775dce2181b25cfb990dc4d9f1a8672.php 第 103 行.
NOTIC: [8] Undefined variable: reModi D:\wamp\www\wisdom\App\Runtime\Cache\Taskadmin\0775dce2181b25cfb990dc4d9f1a8672.php 第 112 行.
NOTIC: [8] Undefined variable: reModi D:\wamp\www\wisdom\App\Runtime\Cache\Taskadmin\0775dce2181b25cfb990dc4d9f1a8672.php 第 125 行.
NOTIC: [8] Undefined variable: reModi D:\wamp\www\wisdom\App\Runtime\Cache\Taskadmin\0775dce2181b25cfb990dc4d9f1a8672.php 第 130 行.
NOTIC: [8] Undefined variable: reModi D:\wamp\www\wisdom\App\Runtime\Cache\Taskadmin\0775dce2181b25cfb990dc4d9f1a8672.php 第 131 行.
NOTIC: [8] Undefined variable: reModi D:\wamp\www\wisdom\App\Runtime\Cache\Taskadmin\0775dce2181b25cfb990dc4d9f1a8672.php 第 135 行.
NOTIC: [8] Undefined variable: reModi D:\wamp\www\wisdom\App\Runtime\Cache\Taskadmin\0775dce2181b25cfb990dc4d9f1a8672.php 第 143 行.
NOTIC: [8] Undefined variable: reModi D:\wamp\www\wisdom\App\Runtime\Cache\Taskadmin\0775dce2181b25cfb990dc4d9f1a8672.php 第 151 行.
NOTIC: [8] Undefined variable: reModi D:\wamp\www\wisdom\App\Runtime\Cache\Taskadmin\0775dce2181b25cfb990dc4d9f1a8672.php 第 280 行.
INFO: Run Behavior\ParseTemplateBehavior [ RunTime:0.018001s ]
INFO: [ view_parse ] --END-- [ RunTime:0.018001s ]
INFO: [ view_filter ] --START--
INFO: Run Behavior\WriteHtmlCacheBehavior [ RunTime:0.000000s ]
INFO: [ view_filter ] --END-- [ RunTime:0.000000s ]
INFO: [ app_end ] --START--
INFO: Run Behavior\ShowPageTraceBehavior [ RunTime:0.000000s ]
INFO: [ app_end ] --END-- [ RunTime:0.001000s ]

[ 2015-09-15T17:26:31+08:00 ] 127.0.0.1 /wisdom/index.php/Taskadmin/Fun/jsislogin
INFO: [ app_init ] --START--
INFO: Run Behavior\BuildLiteBehavior [ RunTime:0.000000s ]
INFO: [ app_init ] --END-- [ RunTime:0.001000s ]
INFO: [ app_begin ] --START--
INFO: Run Behavior\ReadHtmlCacheBehavior [ RunTime:0.001000s ]
INFO: [ app_begin ] --END-- [ RunTime:0.001000s ]
INFO: [ app_end ] --START--
INFO: Run Behavior\ShowPageTraceBehavior [ RunTime:0.002000s ]
INFO: [ app_end ] --END-- [ RunTime:0.002000s ]

[ 2015-09-15T17:26:31+08:00 ] 127.0.0.1 /wisdom/index.php/Taskadmin/Fun/getTasktype
INFO: [ app_init ] --START--
INFO: Run Behavior\BuildLiteBehavior [ RunTime:0.000000s ]
INFO: [ app_init ] --END-- [ RunTime:0.001000s ]
INFO: [ app_begin ] --START--
INFO: Run Behavior\ReadHtmlCacheBehavior [ RunTime:0.001000s ]
INFO: [ app_begin ] --END-- [ RunTime:0.001000s ]
SQL: SHOW COLUMNS FROM `t_tasktype` [ RunTime:0.0110s ]
SQL: SELECT * FROM `t_tasktype` WHERE ( F_PARENTID=2 )  [ RunTime:0.0100s ]
INFO: [ app_end ] --START--
INFO: Run Behavior\ShowPageTraceBehavior [ RunTime:0.001000s ]
INFO: [ app_end ] --END-- [ RunTime:0.001000s ]

[ 2015-09-15T17:27:07+08:00 ] 127.0.0.1 /wisdom/index.php/Taskadmin/Task/add_push.html
INFO: [ app_init ] --START--
INFO: Run Behavior\BuildLiteBehavior [ RunTime:0.000000s ]
INFO: [ app_init ] --END-- [ RunTime:0.001001s ]
INFO: [ app_begin ] --START--
INFO: Run Behavior\ReadHtmlCacheBehavior [ RunTime:0.001000s ]
INFO: [ app_begin ] --END-- [ RunTime:0.002000s ]
SQL: SHOW COLUMNS FROM `t_tasktype` [ RunTime:0.0120s ]
SQL: SELECT * FROM `t_tasktype` WHERE ( F_PARENTID=0 )  [ RunTime:0.0100s ]
INFO: [ view_parse ] --START--
INFO: [ template_filter ] --START--
INFO: Run Behavior\ContentReplaceBehavior [ RunTime:0.001000s ]
INFO: [ template_filter ] --END-- [ RunTime:0.001000s ]
NOTIC: [8] Undefined variable: reModi D:\wamp\www\wisdom\App\Runtime\Cache\Taskadmin\0775dce2181b25cfb990dc4d9f1a8672.php 第 55 行.
NOTIC: [8] Undefined variable: reModi D:\wamp\www\wisdom\App\Runtime\Cache\Taskadmin\0775dce2181b25cfb990dc4d9f1a8672.php 第 60 行.
NOTIC: [8] Undefined variable: reModi D:\wamp\www\wisdom\App\Runtime\Cache\Taskadmin\0775dce2181b25cfb990dc4d9f1a8672.php 第 72 行.
NOTIC: [8] Undefined variable: reModi D:\wamp\www\wisdom\App\Runtime\Cache\Taskadmin\0775dce2181b25cfb990dc4d9f1a8672.php 第 72 行.
NOTIC: [8] Undefined variable: reModi D:\wamp\www\wisdom\App\Runtime\Cache\Taskadmin\0775dce2181b25cfb990dc4d9f1a8672.php 第 79 行.
NOTIC: [8] Undefined variable: reModi D:\wamp\www\wisdom\App\Runtime\Cache\Taskadmin\0775dce2181b25cfb990dc4d9f1a8672.php 第 88 行.
NOTIC: [8] Undefined variable: reModi D:\wamp\www\wisdom\App\Runtime\Cache\Taskadmin\0775dce2181b25cfb990dc4d9f1a8672.php 第 89 行.
NOTIC: [8] Undefined variable: reModi D:\wamp\www\wisdom\App\Runtime\Cache\Taskadmin\0775dce2181b25cfb990dc4d9f1a8672.php 第 96 行.
NOTIC: [8] Undefined variable: reModi D:\wamp\www\wisdom\App\Runtime\Cache\Taskadmin\0775dce2181b25cfb990dc4d9f1a8672.php 第 103 行.
NOTIC: [8] Undefined variable: reModi D:\wamp\www\wisdom\App\Runtime\Cache\Taskadmin\0775dce2181b25cfb990dc4d9f1a8672.php 第 112 行.
NOTIC: [8] Undefined variable: reModi D:\wamp\www\wisdom\App\Runtime\Cache\Taskadmin\0775dce2181b25cfb990dc4d9f1a8672.php 第 125 行.
NOTIC: [8] Undefined variable: reModi D:\wamp\www\wisdom\App\Runtime\Cache\Taskadmin\0775dce2181b25cfb990dc4d9f1a8672.php 第 130 行.
NOTIC: [8] Undefined variable: reModi D:\wamp\www\wisdom\App\Runtime\Cache\Taskadmin\0775dce2181b25cfb990dc4d9f1a8672.php 第 131 行.
NOTIC: [8] Undefined variable: reModi D:\wamp\www\wisdom\App\Runtime\Cache\Taskadmin\0775dce2181b25cfb990dc4d9f1a8672.php 第 135 行.
NOTIC: [8] Undefined variable: reModi D:\wamp\www\wisdom\App\Runtime\Cache\Taskadmin\0775dce2181b25cfb990dc4d9f1a8672.php 第 143 行.
NOTIC: [8] Undefined variable: reModi D:\wamp\www\wisdom\App\Runtime\Cache\Taskadmin\0775dce2181b25cfb990dc4d9f1a8672.php 第 151 行.
NOTIC: [8] Undefined variable: reModi D:\wamp\www\wisdom\App\Runtime\Cache\Taskadmin\0775dce2181b25cfb990dc4d9f1a8672.php 第 280 行.
INFO: Run Behavior\ParseTemplateBehavior [ RunTime:0.022001s ]
INFO: [ view_parse ] --END-- [ RunTime:0.023002s ]
INFO: [ view_filter ] --START--
INFO: Run Behavior\WriteHtmlCacheBehavior [ RunTime:0.000000s ]
INFO: [ view_filter ] --END-- [ RunTime:0.000000s ]
INFO: [ app_end ] --START--
INFO: Run Behavior\ShowPageTraceBehavior [ RunTime:0.001000s ]
INFO: [ app_end ] --END-- [ RunTime:0.001000s ]

[ 2015-09-15T17:27:08+08:00 ] 127.0.0.1 /wisdom/index.php/Taskadmin/Fun/jsislogin
INFO: [ app_init ] --START--
INFO: Run Behavior\BuildLiteBehavior [ RunTime:0.000000s ]
INFO: [ app_init ] --END-- [ RunTime:0.000000s ]
INFO: [ app_begin ] --START--
INFO: Run Behavior\ReadHtmlCacheBehavior [ RunTime:0.000000s ]
INFO: [ app_begin ] --END-- [ RunTime:0.001000s ]
INFO: [ app_end ] --START--
INFO: Run Behavior\ShowPageTraceBehavior [ RunTime:0.002000s ]
INFO: [ app_end ] --END-- [ RunTime:0.003000s ]

[ 2015-09-15T17:27:08+08:00 ] 127.0.0.1 /wisdom/index.php/Taskadmin/Fun/getTasktype
INFO: [ app_init ] --START--
INFO: Run Behavior\BuildLiteBehavior [ RunTime:0.000000s ]
INFO: [ app_init ] --END-- [ RunTime:0.001000s ]
INFO: [ app_begin ] --START--
INFO: Run Behavior\ReadHtmlCacheBehavior [ RunTime:0.001000s ]
INFO: [ app_begin ] --END-- [ RunTime:0.001000s ]
SQL: SHOW COLUMNS FROM `t_tasktype` [ RunTime:0.0110s ]
SQL: SELECT * FROM `t_tasktype` WHERE ( F_PARENTID=2 )  [ RunTime:0.0100s ]
INFO: [ app_end ] --START--
INFO: Run Behavior\ShowPageTraceBehavior [ RunTime:0.000000s ]
INFO: [ app_end ] --END-- [ RunTime:0.001000s ]

[ 2015-09-15T17:28:11+08:00 ] 127.0.0.1 /wisdom/index.php/Taskadmin/Task/add_push.html
INFO: [ app_init ] --START--
INFO: Run Behavior\BuildLiteBehavior [ RunTime:0.001000s ]
INFO: [ app_init ] --END-- [ RunTime:0.001000s ]
INFO: [ app_begin ] --START--
INFO: Run Behavior\ReadHtmlCacheBehavior [ RunTime:0.001000s ]
INFO: [ app_begin ] --END-- [ RunTime:0.001000s ]
SQL: SHOW COLUMNS FROM `t_tasktype` [ RunTime:0.0040s ]
SQL: SELECT * FROM `t_tasktype` WHERE ( F_PARENTID=0 )  [ RunTime:0.0030s ]
INFO: [ view_parse ] --START--
INFO: [ template_filter ] --START--
INFO: Run Behavior\ContentReplaceBehavior [ RunTime:0.000000s ]
INFO: [ template_filter ] --END-- [ RunTime:0.000000s ]
NOTIC: [8] Undefined variable: reModi D:\wamp\www\wisdom\App\Runtime\Cache\Taskadmin\0775dce2181b25cfb990dc4d9f1a8672.php 第 55 行.
NOTIC: [8] Undefined variable: reModi D:\wamp\www\wisdom\App\Runtime\Cache\Taskadmin\0775dce2181b25cfb990dc4d9f1a8672.php 第 60 行.
NOTIC: [8] Undefined variable: reModi D:\wamp\www\wisdom\App\Runtime\Cache\Taskadmin\0775dce2181b25cfb990dc4d9f1a8672.php 第 72 行.
NOTIC: [8] Undefined variable: reModi D:\wamp\www\wisdom\App\Runtime\Cache\Taskadmin\0775dce2181b25cfb990dc4d9f1a8672.php 第 72 行.
NOTIC: [8] Undefined variable: reModi D:\wamp\www\wisdom\App\Runtime\Cache\Taskadmin\0775dce2181b25cfb990dc4d9f1a8672.php 第 79 行.
NOTIC: [8] Undefined variable: reModi D:\wamp\www\wisdom\App\Runtime\Cache\Taskadmin\0775dce2181b25cfb990dc4d9f1a8672.php 第 88 行.
NOTIC: [8] Undefined variable: reModi D:\wamp\www\wisdom\App\Runtime\Cache\Taskadmin\0775dce2181b25cfb990dc4d9f1a8672.php 第 89 行.
NOTIC: [8] Undefined variable: reModi D:\wamp\www\wisdom\App\Runtime\Cache\Taskadmin\0775dce2181b25cfb990dc4d9f1a8672.php 第 96 行.
NOTIC: [8] Undefined variable: reModi D:\wamp\www\wisdom\App\Runtime\Cache\Taskadmin\0775dce2181b25cfb990dc4d9f1a8672.php 第 103 行.
NOTIC: [8] Undefined variable: reModi D:\wamp\www\wisdom\App\Runtime\Cache\Taskadmin\0775dce2181b25cfb990dc4d9f1a8672.php 第 112 行.
NOTIC: [8] Undefined variable: reModi D:\wamp\www\wisdom\App\Runtime\Cache\Taskadmin\0775dce2181b25cfb990dc4d9f1a8672.php 第 125 行.
NOTIC: [8] Undefined variable: reModi D:\wamp\www\wisdom\App\Runtime\Cache\Taskadmin\0775dce2181b25cfb990dc4d9f1a8672.php 第 130 行.
NOTIC: [8] Undefined variable: reModi D:\wamp\www\wisdom\App\Runtime\Cache\Taskadmin\0775dce2181b25cfb990dc4d9f1a8672.php 第 131 行.
NOTIC: [8] Undefined variable: reModi D:\wamp\www\wisdom\App\Runtime\Cache\Taskadmin\0775dce2181b25cfb990dc4d9f1a8672.php 第 135 行.
NOTIC: [8] Undefined variable: reModi D:\wamp\www\wisdom\App\Runtime\Cache\Taskadmin\0775dce2181b25cfb990dc4d9f1a8672.php 第 143 行.
NOTIC: [8] Undefined variable: reModi D:\wamp\www\wisdom\App\Runtime\Cache\Taskadmin\0775dce2181b25cfb990dc4d9f1a8672.php 第 151 行.
NOTIC: [8] Undefined variable: reModi D:\wamp\www\wisdom\App\Runtime\Cache\Taskadmin\0775dce2181b25cfb990dc4d9f1a8672.php 第 280 行.
INFO: Run Behavior\ParseTemplateBehavior [ RunTime:0.019002s ]
INFO: [ view_parse ] --END-- [ RunTime:0.019002s ]
INFO: [ view_filter ] --START--
INFO: Run Behavior\WriteHtmlCacheBehavior [ RunTime:0.000000s ]
INFO: [ view_filter ] --END-- [ RunTime:0.000000s ]
INFO: [ app_end ] --START--
INFO: Run Behavior\ShowPageTraceBehavior [ RunTime:0.000000s ]
INFO: [ app_end ] --END-- [ RunTime:0.001000s ]

[ 2015-09-15T17:28:12+08:00 ] 127.0.0.1 /wisdom/index.php/Taskadmin/Fun/jsislogin
INFO: [ app_init ] --START--
INFO: Run Behavior\BuildLiteBehavior [ RunTime:0.000000s ]
INFO: [ app_init ] --END-- [ RunTime:0.001000s ]
INFO: [ app_begin ] --START--
INFO: Run Behavior\ReadHtmlCacheBehavior [ RunTime:0.001000s ]
INFO: [ app_begin ] --END-- [ RunTime:0.001000s ]
INFO: [ app_end ] --START--
INFO: Run Behavior\ShowPageTraceBehavior [ RunTime:0.001000s ]
INFO: [ app_end ] --END-- [ RunTime:0.001000s ]

[ 2015-09-15T17:28:12+08:00 ] 127.0.0.1 /wisdom/index.php/Taskadmin/Fun/getTasktype
INFO: [ app_init ] --START--
INFO: Run Behavior\BuildLiteBehavior [ RunTime:0.000000s ]
INFO: [ app_init ] --END-- [ RunTime:0.001000s ]
INFO: [ app_begin ] --START--
INFO: Run Behavior\ReadHtmlCacheBehavior [ RunTime:0.001000s ]
INFO: [ app_begin ] --END-- [ RunTime:0.001000s ]
SQL: SHOW COLUMNS FROM `t_tasktype` [ RunTime:0.0100s ]
SQL: SELECT * FROM `t_tasktype` WHERE ( F_PARENTID=2 )  [ RunTime:0.0100s ]
INFO: [ app_end ] --START--
INFO: Run Behavior\ShowPageTraceBehavior [ RunTime:0.001001s ]
INFO: [ app_end ] --END-- [ RunTime:0.001001s ]

[ 2015-09-15T17:30:01+08:00 ] 127.0.0.1 /wisdom/index.php/Taskadmin/Task/add_push.html
INFO: [ app_init ] --START--
INFO: Run Behavior\BuildLiteBehavior [ RunTime:0.000000s ]
INFO: [ app_init ] --END-- [ RunTime:0.001000s ]
INFO: [ app_begin ] --START--
INFO: Run Behavior\ReadHtmlCacheBehavior [ RunTime:0.000000s ]
INFO: [ app_begin ] --END-- [ RunTime:0.000000s ]
SQL: SHOW COLUMNS FROM `t_tasktype` [ RunTime:0.0070s ]
SQL: SELECT * FROM `t_tasktype` WHERE ( F_PARENTID=0 )  [ RunTime:0.0060s ]
INFO: [ view_parse ] --START--
INFO: [ template_filter ] --START--
INFO: Run Behavior\ContentReplaceBehavior [ RunTime:0.001000s ]
INFO: [ template_filter ] --END-- [ RunTime:0.001000s ]
NOTIC: [8] Undefined variable: reModi D:\wamp\www\wisdom\App\Runtime\Cache\Taskadmin\0775dce2181b25cfb990dc4d9f1a8672.php 第 55 行.
NOTIC: [8] Undefined variable: reModi D:\wamp\www\wisdom\App\Runtime\Cache\Taskadmin\0775dce2181b25cfb990dc4d9f1a8672.php 第 60 行.
NOTIC: [8] Undefined variable: reModi D:\wamp\www\wisdom\App\Runtime\Cache\Taskadmin\0775dce2181b25cfb990dc4d9f1a8672.php 第 72 行.
NOTIC: [8] Undefined variable: reModi D:\wamp\www\wisdom\App\Runtime\Cache\Taskadmin\0775dce2181b25cfb990dc4d9f1a8672.php 第 72 行.
NOTIC: [8] Undefined variable: reModi D:\wamp\www\wisdom\App\Runtime\Cache\Taskadmin\0775dce2181b25cfb990dc4d9f1a8672.php 第 79 行.
NOTIC: [8] Undefined variable: reModi D:\wamp\www\wisdom\App\Runtime\Cache\Taskadmin\0775dce2181b25cfb990dc4d9f1a8672.php 第 88 行.
NOTIC: [8] Undefined variable: reModi D:\wamp\www\wisdom\App\Runtime\Cache\Taskadmin\0775dce2181b25cfb990dc4d9f1a8672.php 第 89 行.
NOTIC: [8] Undefined variable: reModi D:\wamp\www\wisdom\App\Runtime\Cache\Taskadmin\0775dce2181b25cfb990dc4d9f1a8672.php 第 96 行.
NOTIC: [8] Undefined variable: reModi D:\wamp\www\wisdom\App\Runtime\Cache\Taskadmin\0775dce2181b25cfb990dc4d9f1a8672.php 第 103 行.
NOTIC: [8] Undefined variable: reModi D:\wamp\www\wisdom\App\Runtime\Cache\Taskadmin\0775dce2181b25cfb990dc4d9f1a8672.php 第 112 行.
NOTIC: [8] Undefined variable: reModi D:\wamp\www\wisdom\App\Runtime\Cache\Taskadmin\0775dce2181b25cfb990dc4d9f1a8672.php 第 125 行.
NOTIC: [8] Undefined variable: reModi D:\wamp\www\wisdom\App\Runtime\Cache\Taskadmin\0775dce2181b25cfb990dc4d9f1a8672.php 第 130 行.
NOTIC: [8] Undefined variable: reModi D:\wamp\www\wisdom\App\Runtime\Cache\Taskadmin\0775dce2181b25cfb990dc4d9f1a8672.php 第 131 行.
NOTIC: [8] Undefined variable: reModi D:\wamp\www\wisdom\App\Runtime\Cache\Taskadmin\0775dce2181b25cfb990dc4d9f1a8672.php 第 135 行.
NOTIC: [8] Undefined variable: reModi D:\wamp\www\wisdom\App\Runtime\Cache\Taskadmin\0775dce2181b25cfb990dc4d9f1a8672.php 第 143 行.
NOTIC: [8] Undefined variable: reModi D:\wamp\www\wisdom\App\Runtime\Cache\Taskadmin\0775dce2181b25cfb990dc4d9f1a8672.php 第 151 行.
NOTIC: [8] Undefined variable: reModi D:\wamp\www\wisdom\App\Runtime\Cache\Taskadmin\0775dce2181b25cfb990dc4d9f1a8672.php 第 280 行.
INFO: Run Behavior\ParseTemplateBehavior [ RunTime:0.034002s ]
INFO: [ view_parse ] --END-- [ RunTime:0.034002s ]
INFO: [ view_filter ] --START--
INFO: Run Behavior\WriteHtmlCacheBehavior [ RunTime:0.000000s ]
INFO: [ view_filter ] --END-- [ RunTime:0.001000s ]
INFO: [ app_end ] --START--
INFO: Run Behavior\ShowPageTraceBehavior [ RunTime:0.002000s ]
INFO: [ app_end ] --END-- [ RunTime:0.002000s ]

[ 2015-09-15T17:30:01+08:00 ] 127.0.0.1 /wisdom/index.php/Taskadmin/Fun/jsislogin
INFO: [ app_init ] --START--
INFO: Run Behavior\BuildLiteBehavior [ RunTime:0.000000s ]
INFO: [ app_init ] --END-- [ RunTime:0.001000s ]
INFO: [ app_begin ] --START--
INFO: Run Behavior\ReadHtmlCacheBehavior [ RunTime:0.001000s ]
INFO: [ app_begin ] --END-- [ RunTime:0.001000s ]
INFO: [ app_end ] --START--
INFO: Run Behavior\ShowPageTraceBehavior [ RunTime:0.001000s ]
INFO: [ app_end ] --END-- [ RunTime:0.001000s ]

[ 2015-09-15T17:30:01+08:00 ] 127.0.0.1 /wisdom/index.php/Taskadmin/Fun/getTasktype
INFO: [ app_init ] --START--
INFO: Run Behavior\BuildLiteBehavior [ RunTime:0.000000s ]
INFO: [ app_init ] --END-- [ RunTime:0.001001s ]
INFO: [ app_begin ] --START--
INFO: Run Behavior\ReadHtmlCacheBehavior [ RunTime:0.001000s ]
INFO: [ app_begin ] --END-- [ RunTime:0.001000s ]
SQL: SHOW COLUMNS FROM `t_tasktype` [ RunTime:0.0120s ]
SQL: SELECT * FROM `t_tasktype` WHERE ( F_PARENTID=2 )  [ RunTime:0.0130s ]
INFO: [ app_end ] --START--
INFO: Run Behavior\ShowPageTraceBehavior [ RunTime:0.001000s ]
INFO: [ app_end ] --END-- [ RunTime:0.001000s ]

[ 2015-09-15T17:31:11+08:00 ] 127.0.0.1 /wisdom/index.php/Taskadmin/Task/add_business.html
INFO: [ app_init ] --START--
INFO: Run Behavior\BuildLiteBehavior [ RunTime:0.000000s ]
INFO: [ app_init ] --END-- [ RunTime:0.000000s ]
INFO: [ app_begin ] --START--
INFO: Run Behavior\ReadHtmlCacheBehavior [ RunTime:0.001000s ]
INFO: [ app_begin ] --END-- [ RunTime:0.001000s ]
SQL: SHOW COLUMNS FROM `t_tasktype` [ RunTime:0.0100s ]
SQL: SELECT * FROM `t_tasktype` WHERE ( F_PARENTID=0 )  [ RunTime:0.0090s ]
INFO: [ view_parse ] --START--
INFO: [ template_filter ] --START--
INFO: Run Behavior\ContentReplaceBehavior [ RunTime:0.000000s ]
INFO: [ template_filter ] --END-- [ RunTime:0.000000s ]
NOTIC: [8] Undefined variable: reModi D:\wamp\www\wisdom\App\Runtime\Cache\Taskadmin\f5769bc3bc4fd22bec93eaaa5de20912.php 第 31 行.
NOTIC: [8] Undefined variable: reModi D:\wamp\www\wisdom\App\Runtime\Cache\Taskadmin\f5769bc3bc4fd22bec93eaaa5de20912.php 第 55 行.
NOTIC: [8] Undefined variable: reModi D:\wamp\www\wisdom\App\Runtime\Cache\Taskadmin\f5769bc3bc4fd22bec93eaaa5de20912.php 第 60 行.
NOTIC: [8] Undefined variable: reModi D:\wamp\www\wisdom\App\Runtime\Cache\Taskadmin\f5769bc3bc4fd22bec93eaaa5de20912.php 第 76 行.
NOTIC: [8] Undefined variable: reModi D:\wamp\www\wisdom\App\Runtime\Cache\Taskadmin\f5769bc3bc4fd22bec93eaaa5de20912.php 第 81 行.
NOTIC: [8] Undefined variable: reModi D:\wamp\www\wisdom\App\Runtime\Cache\Taskadmin\f5769bc3bc4fd22bec93eaaa5de20912.php 第 92 行.
NOTIC: [8] Undefined variable: reModi D:\wamp\www\wisdom\App\Runtime\Cache\Taskadmin\f5769bc3bc4fd22bec93eaaa5de20912.php 第 92 行.
NOTIC: [8] Undefined variable: reModi D:\wamp\www\wisdom\App\Runtime\Cache\Taskadmin\f5769bc3bc4fd22bec93eaaa5de20912.php 第 98 行.
NOTIC: [8] Undefined variable: reModi D:\wamp\www\wisdom\App\Runtime\Cache\Taskadmin\f5769bc3bc4fd22bec93eaaa5de20912.php 第 107 行.
NOTIC: [8] Undefined variable: reModi D:\wamp\www\wisdom\App\Runtime\Cache\Taskadmin\f5769bc3bc4fd22bec93eaaa5de20912.php 第 108 行.
NOTIC: [8] Undefined variable: reModi D:\wamp\www\wisdom\App\Runtime\Cache\Taskadmin\f5769bc3bc4fd22bec93eaaa5de20912.php 第 114 行.
NOTIC: [8] Undefined variable: reModi D:\wamp\www\wisdom\App\Runtime\Cache\Taskadmin\f5769bc3bc4fd22bec93eaaa5de20912.php 第 120 行.
NOTIC: [8] Undefined variable: reModi D:\wamp\www\wisdom\App\Runtime\Cache\Taskadmin\f5769bc3bc4fd22bec93eaaa5de20912.php 第 128 行.
NOTIC: [8] Undefined variable: reModi D:\wamp\www\wisdom\App\Runtime\Cache\Taskadmin\f5769bc3bc4fd22bec93eaaa5de20912.php 第 145 行.
NOTIC: [8] Undefined variable: reModi D:\wamp\www\wisdom\App\Runtime\Cache\Taskadmin\f5769bc3bc4fd22bec93eaaa5de20912.php 第 151 行.
NOTIC: [8] Undefined variable: reModi D:\wamp\www\wisdom\App\Runtime\Cache\Taskadmin\f5769bc3bc4fd22bec93eaaa5de20912.php 第 157 行.
NOTIC: [8] Undefined variable: reModi D:\wamp\www\wisdom\App\Runtime\Cache\Taskadmin\f5769bc3bc4fd22bec93eaaa5de20912.php 第 158 行.
NOTIC: [8] Undefined variable: reModi D:\wamp\www\wisdom\App\Runtime\Cache\Taskadmin\f5769bc3bc4fd22bec93eaaa5de20912.php 第 159 行.
NOTIC: [8] Undefined variable: reModi D:\wamp\www\wisdom\App\Runtime\Cache\Taskadmin\f5769bc3bc4fd22bec93eaaa5de20912.php 第 160 行.
NOTIC: [8] Undefined variable: reModi D:\wamp\www\wisdom\App\Runtime\Cache\Taskadmin\f5769bc3bc4fd22bec93eaaa5de20912.php 第 161 行.
NOTIC: [8] Undefined variable: reModi D:\wamp\www\wisdom\App\Runtime\Cache\Taskadmin\f5769bc3bc4fd22bec93eaaa5de20912.php 第 161 行.
NOTIC: [8] Undefined variable: reModi D:\wamp\www\wisdom\App\Runtime\Cache\Taskadmin\f5769bc3bc4fd22bec93eaaa5de20912.php 第 167 行.
NOTIC: [8] Undefined variable: reModi D:\wamp\www\wisdom\App\Runtime\Cache\Taskadmin\f5769bc3bc4fd22bec93eaaa5de20912.php 第 177 行.
NOTIC: [8] Undefined variable: reModi D:\wamp\www\wisdom\App\Runtime\Cache\Taskadmin\f5769bc3bc4fd22bec93eaaa5de20912.php 第 178 行.
NOTIC: [8] Undefined variable: reModi D:\wamp\www\wisdom\App\Runtime\Cache\Taskadmin\f5769bc3bc4fd22bec93eaaa5de20912.php 第 179 行.
NOTIC: [8] Undefined variable: reModi D:\wamp\www\wisdom\App\Runtime\Cache\Taskadmin\f5769bc3bc4fd22bec93eaaa5de20912.php 第 182 行.
NOTIC: [8] Undefined variable: reModi D:\wamp\www\wisdom\App\Runtime\Cache\Taskadmin\f5769bc3bc4fd22bec93eaaa5de20912.php 第 183 行.
NOTIC: [8] Undefined variable: reModi D:\wamp\www\wisdom\App\Runtime\Cache\Taskadmin\f5769bc3bc4fd22bec93eaaa5de20912.php 第 184 行.
NOTIC: [8] Undefined variable: reModi D:\wamp\www\wisdom\App\Runtime\Cache\Taskadmin\f5769bc3bc4fd22bec93eaaa5de20912.php 第 243 行.
NOTIC: [8] Undefined variable: reModi D:\wamp\www\wisdom\App\Runtime\Cache\Taskadmin\f5769bc3bc4fd22bec93eaaa5de20912.php 第 250 行.
NOTIC: [8] Undefined variable: reModi D:\wamp\www\wisdom\App\Runtime\Cache\Taskadmin\f5769bc3bc4fd22bec93eaaa5de20912.php 第 257 行.
NOTIC: [8] Undefined variable: reModi D:\wamp\www\wisdom\App\Runtime\Cache\Taskadmin\f5769bc3bc4fd22bec93eaaa5de20912.php 第 264 行.
NOTIC: [8] Undefined variable: reModi D:\wamp\www\wisdom\App\Runtime\Cache\Taskadmin\f5769bc3bc4fd22bec93eaaa5de20912.php 第 271 行.
NOTIC: [8] Undefined variable: reModi D:\wamp\www\wisdom\App\Runtime\Cache\Taskadmin\f5769bc3bc4fd22bec93eaaa5de20912.php 第 278 行.
NOTIC: [8] Undefined variable: reModi D:\wamp\www\wisdom\App\Runtime\Cache\Taskadmin\f5769bc3bc4fd22bec93eaaa5de20912.php 第 285 行.
NOTIC: [8] Undefined variable: reModi D:\wamp\www\wisdom\App\Runtime\Cache\Taskadmin\f5769bc3bc4fd22bec93eaaa5de20912.php 第 317 行.
NOTIC: [8] Undefined variable: reModi D:\wamp\www\wisdom\App\Runtime\Cache\Taskadmin\f5769bc3bc4fd22bec93eaaa5de20912.php 第 333 行.
NOTIC: [8] Undefined variable: reModi D:\wamp\www\wisdom\App\Runtime\Cache\Taskadmin\f5769bc3bc4fd22bec93eaaa5de20912.php 第 349 行.
NOTIC: [8] Undefined variable: reModi D:\wamp\www\wisdom\App\Runtime\Cache\Taskadmin\f5769bc3bc4fd22bec93eaaa5de20912.php 第 365 行.
NOTIC: [8] Undefined variable: reModi D:\wamp\www\wisdom\App\Runtime\Cache\Taskadmin\f5769bc3bc4fd22bec93eaaa5de20912.php 第 381 行.
NOTIC: [8] Undefined variable: reModi D:\wamp\www\wisdom\App\Runtime\Cache\Taskadmin\f5769bc3bc4fd22bec93eaaa5de20912.php 第 397 行.
NOTIC: [8] Undefined variable: reModi D:\wamp\www\wisdom\App\Runtime\Cache\Taskadmin\f5769bc3bc4fd22bec93eaaa5de20912.php 第 464 行.
INFO: Run Behavior\ParseTemplateBehavior [ RunTime:0.053003s ]
INFO: [ view_parse ] --END-- [ RunTime:0.054003s ]
INFO: [ view_filter ] --START--
INFO: Run Behavior\WriteHtmlCacheBehavior [ RunTime:0.001001s ]
INFO: [ view_filter ] --END-- [ RunTime:0.001001s ]
INFO: [ app_end ] --START--
INFO: Run Behavior\ShowPageTraceBehavior [ RunTime:0.001000s ]
INFO: [ app_end ] --END-- [ RunTime:0.001000s ]

[ 2015-09-15T17:31:12+08:00 ] 127.0.0.1 /wisdom/index.php/Taskadmin/Fun/jsislogin
INFO: [ app_init ] --START--
INFO: Run Behavior\BuildLiteBehavior [ RunTime:0.000000s ]
INFO: [ app_init ] --END-- [ RunTime:0.000000s ]
INFO: [ app_begin ] --START--
INFO: Run Behavior\ReadHtmlCacheBehavior [ RunTime:0.001000s ]
INFO: [ app_begin ] --END-- [ RunTime:0.001000s ]
INFO: [ app_end ] --START--
INFO: Run Behavior\ShowPageTraceBehavior [ RunTime:0.001000s ]
INFO: [ app_end ] --END-- [ RunTime:0.001000s ]

[ 2015-09-15T17:31:16+08:00 ] 127.0.0.1 /wisdom/index.php/Taskadmin/Fun/searchCname.html
INFO: [ app_init ] --START--
INFO: Run Behavior\BuildLiteBehavior [ RunTime:0.000000s ]
INFO: [ app_init ] --END-- [ RunTime:0.001000s ]
INFO: [ app_begin ] --START--
INFO: Run Behavior\ReadHtmlCacheBehavior [ RunTime:0.001000s ]
INFO: [ app_begin ] --END-- [ RunTime:0.001000s ]
INFO: [ app_end ] --START--
INFO: Run Behavior\ShowPageTraceBehavior [ RunTime:0.002000s ]
INFO: [ app_end ] --END-- [ RunTime:0.002000s ]

[ 2015-09-15T17:31:27+08:00 ] 127.0.0.1 /wisdom/index.php/Taskadmin/Fun/getSmallTrade/tradeID/1
INFO: [ app_init ] --START--
INFO: Run Behavior\BuildLiteBehavior [ RunTime:0.001000s ]
INFO: [ app_init ] --END-- [ RunTime:0.001000s ]
INFO: [ app_begin ] --START--
INFO: Run Behavior\ReadHtmlCacheBehavior [ RunTime:0.001000s ]
INFO: [ app_begin ] --END-- [ RunTime:0.001000s ]
SQL: SHOW COLUMNS FROM `t_tradetype` [ RunTime:0.0050s ]
SQL: SELECT * FROM `t_tradetype` WHERE ( f_parentID=1 )  [ RunTime:0.0040s ]
INFO: [ app_end ] --START--
INFO: Run Behavior\ShowPageTraceBehavior [ RunTime:0.001000s ]
INFO: [ app_end ] --END-- [ RunTime:0.001000s ]

