[ 2015-10-19T09:38:29+08:00 ] 127.0.0.1 /newwisdom/index.php/Api/Jhttp/getUserinfoByUserId?userId=10264
INFO: [ app_init ] --START--
INFO: Run Behavior\BuildLiteBehavior [ RunTime:0.000000s ]
INFO: [ app_init ] --END-- [ RunTime:0.000000s ]
INFO: [ app_begin ] --START--
INFO: Run Behavior\ReadHtmlCacheBehavior [ RunTime:0.001000s ]
INFO: [ app_begin ] --END-- [ RunTime:0.001000s ]
NOTIC: [2048] Declaration of Api\Controller\JhttpController::get() should be compatible with Think\Controller::get($name = '') D:\wamp\www\newwisdom\App\Api\Controller\JhttpController.class.php 第 1158 行.
NOTIC: [8] Undefined variable: body D:\wamp\www\newwisdom\App\Api\Controller\JhttpController.class.php 第 1153 行.
INFO: [ app_end ] --START--
INFO: Run Behavior\ShowPageTraceBehavior [ RunTime:0.002001s ]
INFO: [ app_end ] --END-- [ RunTime:0.002001s ]

[ 2015-10-19T09:40:04+08:00 ] 127.0.0.1 /newwisdom/index.php/Api/Jhttp/omsUserAdd
INFO: [ app_init ] --START--
INFO: Run Behavior\BuildLiteBehavior [ RunTime:0.001000s ]
INFO: [ app_init ] --END-- [ RunTime:0.001000s ]
INFO: [ app_begin ] --START--
INFO: Run Behavior\ReadHtmlCacheBehavior [ RunTime:0.001000s ]
INFO: [ app_begin ] --END-- [ RunTime:0.001000s ]
NOTIC: [2048] Declaration of Api\Controller\JhttpController::get() should be compatible with Think\Controller::get($name = '') D:\wamp\www\newwisdom\App\Api\Controller\JhttpController.class.php 第 1158 行.
ERR: 参数错误或者未定义:companyId

[ 2015-10-19T09:40:07+08:00 ] 127.0.0.1 /newwisdom/index.php/Api/Jhttp/omsUserAdd
INFO: [ app_init ] --START--
INFO: Run Behavior\BuildLiteBehavior [ RunTime:0.000000s ]
INFO: [ app_init ] --END-- [ RunTime:0.001000s ]
INFO: [ app_begin ] --START--
INFO: Run Behavior\ReadHtmlCacheBehavior [ RunTime:0.001000s ]
INFO: [ app_begin ] --END-- [ RunTime:0.002000s ]
NOTIC: [2048] Declaration of Api\Controller\JhttpController::get() should be compatible with Think\Controller::get($name = '') D:\wamp\www\newwisdom\App\Api\Controller\JhttpController.class.php 第 1158 行.
INFO: [ app_end ] --START--
INFO: Run Behavior\ShowPageTraceBehavior [ RunTime:0.005001s ]
INFO: [ app_end ] --END-- [ RunTime:0.005001s ]

[ 2015-10-19T09:46:13+08:00 ] 127.0.0.1 /newwisdom/index.php/Api/Jhttp/getCompanysInfo?queryStart=0&queryEnd=10&state=1
INFO: [ app_init ] --START--
INFO: Run Behavior\BuildLiteBehavior [ RunTime:0.001001s ]
INFO: [ app_init ] --END-- [ RunTime:0.001001s ]
INFO: [ app_begin ] --START--
INFO: Run Behavior\ReadHtmlCacheBehavior [ RunTime:0.002000s ]
INFO: [ app_begin ] --END-- [ RunTime:0.002000s ]
NOTIC: [2048] Declaration of Api\Controller\JhttpController::get() should be compatible with Think\Controller::get($name = '') D:\wamp\www\newwisdom\App\Api\Controller\JhttpController.class.php 第 1158 行.
NOTIC: [8] Undefined variable: body D:\wamp\www\newwisdom\App\Api\Controller\JhttpController.class.php 第 1153 行.
INFO: [ app_end ] --START--
INFO: Run Behavior\ShowPageTraceBehavior [ RunTime:0.002000s ]
INFO: [ app_end ] --END-- [ RunTime:0.002000s ]

[ 2015-10-19T09:50:36+08:00 ] 127.0.0.1 /newwisdom/index.php/Api/Jhttp/getUserSameFriends
INFO: [ app_init ] --START--
INFO: Run Behavior\BuildLiteBehavior [ RunTime:0.000000s ]
INFO: [ app_init ] --END-- [ RunTime:0.000000s ]
INFO: [ app_begin ] --START--
INFO: Run Behavior\ReadHtmlCacheBehavior [ RunTime:0.001000s ]
INFO: [ app_begin ] --END-- [ RunTime:0.001000s ]
NOTIC: [2048] Declaration of Api\Controller\JhttpController::get() should be compatible with Think\Controller::get($name = '') D:\wamp\www\newwisdom\App\Api\Controller\JhttpController.class.php 第 1158 行.
INFO: [ app_end ] --START--
INFO: Run Behavior\ShowPageTraceBehavior [ RunTime:0.001000s ]
INFO: [ app_end ] --END-- [ RunTime:0.001000s ]

[ 2015-10-19T09:50:42+08:00 ] 127.0.0.1 /newwisdom/index.php/Api/Jhttp/getUserSameFriends
INFO: [ app_init ] --START--
INFO: Run Behavior\BuildLiteBehavior [ RunTime:0.000000s ]
INFO: [ app_init ] --END-- [ RunTime:0.000000s ]
INFO: [ app_begin ] --START--
INFO: Run Behavior\ReadHtmlCacheBehavior [ RunTime:0.001000s ]
INFO: [ app_begin ] --END-- [ RunTime:0.001000s ]
NOTIC: [2048] Declaration of Api\Controller\JhttpController::get() should be compatible with Think\Controller::get($name = '') D:\wamp\www\newwisdom\App\Api\Controller\JhttpController.class.php 第 1158 行.
INFO: [ app_end ] --START--
INFO: Run Behavior\ShowPageTraceBehavior [ RunTime:0.001000s ]
INFO: [ app_end ] --END-- [ RunTime:0.001000s ]

[ 2015-10-19T10:25:53+08:00 ] 127.0.0.1 /newwisdom/index.php/Api/Jhttp/getUserSameFriends
INFO: [ app_init ] --START--
INFO: Run Behavior\BuildLiteBehavior [ RunTime:0.000000s ]
INFO: [ app_init ] --END-- [ RunTime:0.000000s ]
INFO: [ app_begin ] --START--
INFO: Run Behavior\ReadHtmlCacheBehavior [ RunTime:0.000000s ]
INFO: [ app_begin ] --END-- [ RunTime:0.000000s ]
NOTIC: [2048] Declaration of Api\Controller\JhttpController::get() should be compatible with Think\Controller::get($name = '') D:\wamp\www\newwisdom\App\Api\Controller\JhttpController.class.php 第 1158 行.
INFO: [ app_end ] --START--
INFO: Run Behavior\ShowPageTraceBehavior [ RunTime:0.003000s ]
INFO: [ app_end ] --END-- [ RunTime:0.003000s ]

[ 2015-10-19T10:35:24+08:00 ] 127.0.0.1 /newwisdom/index.php/Api/Jhttp/getUserSameFriends
INFO: [ app_init ] --START--
INFO: Run Behavior\BuildLiteBehavior [ RunTime:0.000000s ]
INFO: [ app_init ] --END-- [ RunTime:0.001000s ]
INFO: [ app_begin ] --START--
INFO: Run Behavior\ReadHtmlCacheBehavior [ RunTime:0.000000s ]
INFO: [ app_begin ] --END-- [ RunTime:0.001000s ]
NOTIC: [2048] Declaration of Api\Controller\JhttpController::get() should be compatible with Think\Controller::get($name = '') D:\wamp\www\newwisdom\App\Api\Controller\JhttpController.class.php 第 1158 行.
INFO: [ app_end ] --START--
INFO: Run Behavior\ShowPageTraceBehavior [ RunTime:0.003000s ]
INFO: [ app_end ] --END-- [ RunTime:0.003000s ]

