[ 2015-10-08T09:05:52+08:00 ] 127.0.0.1 /wisdom/index.php/Api/Info/conf.html
INFO: [ app_init ] --START--
INFO: Run Behavior\BuildLiteBehavior [ RunTime:0.000000s ]
INFO: [ app_init ] --END-- [ RunTime:0.001000s ]
INFO: [ app_begin ] --START--
INFO: Run Behavior\ReadHtmlCacheBehavior [ RunTime:0.001000s ]
INFO: [ app_begin ] --END-- [ RunTime:0.001000s ]
SQL: SHOW COLUMNS FROM `t_sysuser` [ RunTime:0.0110s ]
SQL: SHOW COLUMNS FROM `t_sysuser` [ RunTime:0.0110s ]
SQL: SELECT t_sysuser.id,t_sysuser.username,t_sysuser.password,t_sysuser.strat,t_sysuser.realname,t_sysuser.plattype,t_sysuser.accessid,t_sysuser.accesslist,t_sysaccess.accessname,t_sysaccess.accessvalue FROM `t_sysuser` LEFT JOIN t_sysaccess on t_sysaccess.id=t_sysuser.accessid  WHERE `username` = 'tongxy' AND `password` = 'e10adc3949ba59abbe56e057f20f883e' AND `strat` = 1 LIMIT 1   [ RunTime:0.0100s ]
INFO: [ app_end ] --START--
INFO: Run Behavior\ShowPageTraceBehavior [ RunTime:0.001001s ]
INFO: [ app_end ] --END-- [ RunTime:0.002001s ]

[ 2015-10-08T09:05:54+08:00 ] 127.0.0.1 /wisdom/index.php/Api/Web/getToalPage?tasktypeid=0&companyid=0&page=1
INFO: [ app_init ] --START--
INFO: Run Behavior\BuildLiteBehavior [ RunTime:0.000000s ]
INFO: [ app_init ] --END-- [ RunTime:0.000000s ]
INFO: [ app_begin ] --START--
INFO: Run Behavior\ReadHtmlCacheBehavior [ RunTime:0.001000s ]
INFO: [ app_begin ] --END-- [ RunTime:0.001000s ]
SQL: SHOW COLUMNS FROM `t_tasktype` [ RunTime:0.0100s ]
SQL: SELECT `F_TYPEID` FROM `t_tasktype` WHERE ( F_PARENTID=0 )  [ RunTime:0.0090s ]
SQL: SHOW COLUMNS FROM `t_task` [ RunTime:0.0120s ]
SQL: SHOW COLUMNS FROM `t_task` [ RunTime:0.0100s ]
SQL: SELECT COUNT(*) AS tp_count FROM `t_task` WHERE `f_status` <> 0 AND `f_tasktypeid` IN ('1','2','3') LIMIT 1   [ RunTime:0.0090s ]
INFO: [ app_end ] --START--
INFO: Run Behavior\ShowPageTraceBehavior [ RunTime:0.001000s ]
INFO: [ app_end ] --END-- [ RunTime:0.001000s ]

[ 2015-10-08T09:05:54+08:00 ] 127.0.0.1 /wisdom/index.php/Api/Fun/getTypeName.html
INFO: [ app_init ] --START--
INFO: Run Behavior\BuildLiteBehavior [ RunTime:0.000000s ]
INFO: [ app_init ] --END-- [ RunTime:0.001000s ]
INFO: [ app_begin ] --START--
INFO: Run Behavior\ReadHtmlCacheBehavior [ RunTime:0.000000s ]
INFO: [ app_begin ] --END-- [ RunTime:0.000000s ]
SQL: SHOW COLUMNS FROM `t_tasktype` [ RunTime:0.0210s ]
SQL: SELECT * FROM `t_tasktype` WHERE ( F_PARENTID=0 )  [ RunTime:0.0030s ]
INFO: [ app_end ] --START--
INFO: Run Behavior\ShowPageTraceBehavior [ RunTime:0.001000s ]
INFO: [ app_end ] --END-- [ RunTime:0.001000s ]

[ 2015-10-08T09:05:54+08:00 ] 127.0.0.1 /wisdom/index.php/Api/Web/getTaskList?tasktypeid=0&companyid=0&page=1
INFO: [ app_init ] --START--
INFO: Run Behavior\BuildLiteBehavior [ RunTime:0.000000s ]
INFO: [ app_init ] --END-- [ RunTime:0.001000s ]
INFO: [ app_begin ] --START--
INFO: Run Behavior\ReadHtmlCacheBehavior [ RunTime:0.000000s ]
INFO: [ app_begin ] --END-- [ RunTime:0.001000s ]
SQL: SHOW COLUMNS FROM `t_tasktype` [ RunTime:0.0110s ]
SQL: SELECT `F_TYPEID` FROM `t_tasktype` WHERE ( F_PARENTID=0 )  [ RunTime:0.0100s ]
SQL: SHOW COLUMNS FROM `t_task` [ RunTime:0.0110s ]
SQL: SHOW COLUMNS FROM `t_task` [ RunTime:0.0110s ]
SQL: SELECT COUNT(*) AS tp_count FROM `t_task` WHERE `f_status` <> 0 AND `f_tasktypeid` IN ('1','2','3') LIMIT 1   [ RunTime:0.0110s ]
SQL: SELECT * FROM `t_task` LEFT JOIN t_tasktype ON t_tasktype.f_typeid = t_task.f_tasktypeid  WHERE `f_status` <> 0 ORDER BY f_creatdate desc LIMIT 0,18   [ RunTime:0.0120s ]
NOTIC: [8192] Function ereg_replace() is deprecated D:\wamp\www\wisdom\App\Api\Controller\WebController.class.php 第 194 行.
NOTIC: [8192] Function ereg_replace() is deprecated D:\wamp\www\wisdom\App\Api\Controller\WebController.class.php 第 195 行.
NOTIC: [8192] Function ereg_replace() is deprecated D:\wamp\www\wisdom\App\Api\Controller\WebController.class.php 第 196 行.
NOTIC: [8192] Function ereg_replace() is deprecated D:\wamp\www\wisdom\App\Api\Controller\WebController.class.php 第 197 行.
NOTIC: [8192] Function ereg_replace() is deprecated D:\wamp\www\wisdom\App\Api\Controller\WebController.class.php 第 194 行.
NOTIC: [8192] Function ereg_replace() is deprecated D:\wamp\www\wisdom\App\Api\Controller\WebController.class.php 第 195 行.
NOTIC: [8192] Function ereg_replace() is deprecated D:\wamp\www\wisdom\App\Api\Controller\WebController.class.php 第 196 行.
NOTIC: [8192] Function ereg_replace() is deprecated D:\wamp\www\wisdom\App\Api\Controller\WebController.class.php 第 197 行.
NOTIC: [8192] Function ereg_replace() is deprecated D:\wamp\www\wisdom\App\Api\Controller\WebController.class.php 第 194 行.
NOTIC: [8192] Function ereg_replace() is deprecated D:\wamp\www\wisdom\App\Api\Controller\WebController.class.php 第 195 行.
NOTIC: [8192] Function ereg_replace() is deprecated D:\wamp\www\wisdom\App\Api\Controller\WebController.class.php 第 196 行.
NOTIC: [8192] Function ereg_replace() is deprecated D:\wamp\www\wisdom\App\Api\Controller\WebController.class.php 第 197 行.
NOTIC: [8192] Function ereg_replace() is deprecated D:\wamp\www\wisdom\App\Api\Controller\WebController.class.php 第 194 行.
NOTIC: [8192] Function ereg_replace() is deprecated D:\wamp\www\wisdom\App\Api\Controller\WebController.class.php 第 195 行.
NOTIC: [8192] Function ereg_replace() is deprecated D:\wamp\www\wisdom\App\Api\Controller\WebController.class.php 第 196 行.
NOTIC: [8192] Function ereg_replace() is deprecated D:\wamp\www\wisdom\App\Api\Controller\WebController.class.php 第 197 行.
NOTIC: [8192] Function ereg_replace() is deprecated D:\wamp\www\wisdom\App\Api\Controller\WebController.class.php 第 194 行.
NOTIC: [8192] Function ereg_replace() is deprecated D:\wamp\www\wisdom\App\Api\Controller\WebController.class.php 第 195 行.
NOTIC: [8192] Function ereg_replace() is deprecated D:\wamp\www\wisdom\App\Api\Controller\WebController.class.php 第 196 行.
NOTIC: [8192] Function ereg_replace() is deprecated D:\wamp\www\wisdom\App\Api\Controller\WebController.class.php 第 197 行.
NOTIC: [8192] Function ereg_replace() is deprecated D:\wamp\www\wisdom\App\Api\Controller\WebController.class.php 第 194 行.
NOTIC: [8192] Function ereg_replace() is deprecated D:\wamp\www\wisdom\App\Api\Controller\WebController.class.php 第 195 行.
NOTIC: [8192] Function ereg_replace() is deprecated D:\wamp\www\wisdom\App\Api\Controller\WebController.class.php 第 196 行.
NOTIC: [8192] Function ereg_replace() is deprecated D:\wamp\www\wisdom\App\Api\Controller\WebController.class.php 第 197 行.
NOTIC: [8192] Function ereg_replace() is deprecated D:\wamp\www\wisdom\App\Api\Controller\WebController.class.php 第 194 行.
NOTIC: [8192] Function ereg_replace() is deprecated D:\wamp\www\wisdom\App\Api\Controller\WebController.class.php 第 195 行.
NOTIC: [8192] Function ereg_replace() is deprecated D:\wamp\www\wisdom\App\Api\Controller\WebController.class.php 第 196 行.
NOTIC: [8192] Function ereg_replace() is deprecated D:\wamp\www\wisdom\App\Api\Controller\WebController.class.php 第 197 行.
NOTIC: [8192] Function ereg_replace() is deprecated D:\wamp\www\wisdom\App\Api\Controller\WebController.class.php 第 194 行.
NOTIC: [8192] Function ereg_replace() is deprecated D:\wamp\www\wisdom\App\Api\Controller\WebController.class.php 第 195 行.
NOTIC: [8192] Function ereg_replace() is deprecated D:\wamp\www\wisdom\App\Api\Controller\WebController.class.php 第 196 行.
NOTIC: [8192] Function ereg_replace() is deprecated D:\wamp\www\wisdom\App\Api\Controller\WebController.class.php 第 197 行.
NOTIC: [8192] Function ereg_replace() is deprecated D:\wamp\www\wisdom\App\Api\Controller\WebController.class.php 第 194 行.
NOTIC: [8192] Function ereg_replace() is deprecated D:\wamp\www\wisdom\App\Api\Controller\WebController.class.php 第 195 行.
NOTIC: [8192] Function ereg_replace() is deprecated D:\wamp\www\wisdom\App\Api\Controller\WebController.class.php 第 196 行.
NOTIC: [8192] Function ereg_replace() is deprecated D:\wamp\www\wisdom\App\Api\Controller\WebController.class.php 第 197 行.
NOTIC: [8192] Function ereg_replace() is deprecated D:\wamp\www\wisdom\App\Api\Controller\WebController.class.php 第 194 行.
NOTIC: [8192] Function ereg_replace() is deprecated D:\wamp\www\wisdom\App\Api\Controller\WebController.class.php 第 195 行.
NOTIC: [8192] Function ereg_replace() is deprecated D:\wamp\www\wisdom\App\Api\Controller\WebController.class.php 第 196 行.
NOTIC: [8192] Function ereg_replace() is deprecated D:\wamp\www\wisdom\App\Api\Controller\WebController.class.php 第 197 行.
NOTIC: [8192] Function ereg_replace() is deprecated D:\wamp\www\wisdom\App\Api\Controller\WebController.class.php 第 194 行.
NOTIC: [8192] Function ereg_replace() is deprecated D:\wamp\www\wisdom\App\Api\Controller\WebController.class.php 第 195 行.
NOTIC: [8192] Function ereg_replace() is deprecated D:\wamp\www\wisdom\App\Api\Controller\WebController.class.php 第 196 行.
NOTIC: [8192] Function ereg_replace() is deprecated D:\wamp\www\wisdom\App\Api\Controller\WebController.class.php 第 197 行.
NOTIC: [8192] Function ereg_replace() is deprecated D:\wamp\www\wisdom\App\Api\Controller\WebController.class.php 第 194 行.
NOTIC: [8192] Function ereg_replace() is deprecated D:\wamp\www\wisdom\App\Api\Controller\WebController.class.php 第 195 行.
NOTIC: [8192] Function ereg_replace() is deprecated D:\wamp\www\wisdom\App\Api\Controller\WebController.class.php 第 196 行.
NOTIC: [8192] Function ereg_replace() is deprecated D:\wamp\www\wisdom\App\Api\Controller\WebController.class.php 第 197 行.
NOTIC: [8192] Function ereg_replace() is deprecated D:\wamp\www\wisdom\App\Api\Controller\WebController.class.php 第 194 行.
NOTIC: [8192] Function ereg_replace() is deprecated D:\wamp\www\wisdom\App\Api\Controller\WebController.class.php 第 195 行.
NOTIC: [8192] Function ereg_replace() is deprecated D:\wamp\www\wisdom\App\Api\Controller\WebController.class.php 第 196 行.
NOTIC: [8192] Function ereg_replace() is deprecated D:\wamp\www\wisdom\App\Api\Controller\WebController.class.php 第 197 行.
NOTIC: [8192] Function ereg_replace() is deprecated D:\wamp\www\wisdom\App\Api\Controller\WebController.class.php 第 194 行.
NOTIC: [8192] Function ereg_replace() is deprecated D:\wamp\www\wisdom\App\Api\Controller\WebController.class.php 第 195 行.
NOTIC: [8192] Function ereg_replace() is deprecated D:\wamp\www\wisdom\App\Api\Controller\WebController.class.php 第 196 行.
NOTIC: [8192] Function ereg_replace() is deprecated D:\wamp\www\wisdom\App\Api\Controller\WebController.class.php 第 197 行.
NOTIC: [8192] Function ereg_replace() is deprecated D:\wamp\www\wisdom\App\Api\Controller\WebController.class.php 第 194 行.
NOTIC: [8192] Function ereg_replace() is deprecated D:\wamp\www\wisdom\App\Api\Controller\WebController.class.php 第 195 行.
NOTIC: [8192] Function ereg_replace() is deprecated D:\wamp\www\wisdom\App\Api\Controller\WebController.class.php 第 196 行.
NOTIC: [8192] Function ereg_replace() is deprecated D:\wamp\www\wisdom\App\Api\Controller\WebController.class.php 第 197 行.
NOTIC: [8192] Function ereg_replace() is deprecated D:\wamp\www\wisdom\App\Api\Controller\WebController.class.php 第 194 行.
NOTIC: [8192] Function ereg_replace() is deprecated D:\wamp\www\wisdom\App\Api\Controller\WebController.class.php 第 195 行.
NOTIC: [8192] Function ereg_replace() is deprecated D:\wamp\www\wisdom\App\Api\Controller\WebController.class.php 第 196 行.
NOTIC: [8192] Function ereg_replace() is deprecated D:\wamp\www\wisdom\App\Api\Controller\WebController.class.php 第 197 行.
NOTIC: [8192] Function ereg_replace() is deprecated D:\wamp\www\wisdom\App\Api\Controller\WebController.class.php 第 194 行.
NOTIC: [8192] Function ereg_replace() is deprecated D:\wamp\www\wisdom\App\Api\Controller\WebController.class.php 第 195 行.
NOTIC: [8192] Function ereg_replace() is deprecated D:\wamp\www\wisdom\App\Api\Controller\WebController.class.php 第 196 行.
NOTIC: [8192] Function ereg_replace() is deprecated D:\wamp\www\wisdom\App\Api\Controller\WebController.class.php 第 197 行.
NOTIC: [8192] Function ereg_replace() is deprecated D:\wamp\www\wisdom\App\Api\Controller\WebController.class.php 第 194 行.
NOTIC: [8192] Function ereg_replace() is deprecated D:\wamp\www\wisdom\App\Api\Controller\WebController.class.php 第 195 行.
NOTIC: [8192] Function ereg_replace() is deprecated D:\wamp\www\wisdom\App\Api\Controller\WebController.class.php 第 196 行.
NOTIC: [8192] Function ereg_replace() is deprecated D:\wamp\www\wisdom\App\Api\Controller\WebController.class.php 第 197 行.
INFO: [ app_end ] --START--
INFO: Run Behavior\ShowPageTraceBehavior [ RunTime:0.001000s ]
INFO: [ app_end ] --END-- [ RunTime:0.001000s ]

[ 2015-10-08T14:23:25+08:00 ] 127.0.0.1 /wisdom/index.php/Api/Web/getDealer_ListNo?area=&industrytype=&dealername=&status=&page=1
INFO: [ app_init ] --START--
INFO: Run Behavior\BuildLiteBehavior [ RunTime:0.000000s ]
INFO: [ app_init ] --END-- [ RunTime:0.001000s ]
INFO: [ app_begin ] --START--
INFO: Run Behavior\ReadHtmlCacheBehavior [ RunTime:0.000000s ]
INFO: [ app_begin ] --END-- [ RunTime:0.001000s ]
SQL: SHOW COLUMNS FROM `t_dealerlibrary` [ RunTime:0.0270s ]
SQL: SELECT COUNT(f_indexid) AS tp_count FROM `t_dealerlibrary` LIMIT 1   [ RunTime:0.0110s ]
INFO: [ app_end ] --START--
INFO: Run Behavior\ShowPageTraceBehavior [ RunTime:0.000000s ]
INFO: [ app_end ] --END-- [ RunTime:0.000000s ]

[ 2015-10-08T14:23:26+08:00 ] 127.0.0.1 /wisdom/index.php/Api/Web/getDealer_List?area=&industrytype=&dealername=&status=&page=1
INFO: [ app_init ] --START--
INFO: Run Behavior\BuildLiteBehavior [ RunTime:0.000000s ]
INFO: [ app_init ] --END-- [ RunTime:0.001000s ]
INFO: [ app_begin ] --START--
INFO: Run Behavior\ReadHtmlCacheBehavior [ RunTime:0.001000s ]
INFO: [ app_begin ] --END-- [ RunTime:0.001000s ]
SQL: SHOW COLUMNS FROM `t_dealerlibrary` [ RunTime:0.0060s ]
SQL: SELECT COUNT(f_indexid) AS tp_count FROM `t_dealerlibrary` LIMIT 1   [ RunTime:0.3020s ]
SQL: SHOW COLUMNS FROM `t_dealerlibrary` [ RunTime:0.0050s ]
SQL: SELECT * FROM `t_dealerlibrary` ORDER BY f_indexid desc LIMIT 0,18   [ RunTime:0.0060s ]
INFO: [ app_end ] --START--
INFO: Run Behavior\ShowPageTraceBehavior [ RunTime:0.001000s ]
INFO: [ app_end ] --END-- [ RunTime:0.001000s ]

[ 2015-10-08T17:24:21+08:00 ] 127.0.0.1 /wisdom/index.php/Api/Web/getDealer_ListNo?area=%E6%B5%99%E6%B1%9F&industrytype=%E9%85%92%E6%B0%B4&dealername=&status=0&page=1
INFO: [ app_init ] --START--
INFO: Run Behavior\BuildLiteBehavior [ RunTime:0.000000s ]
INFO: [ app_init ] --END-- [ RunTime:0.000000s ]
INFO: [ app_begin ] --START--
INFO: Run Behavior\ReadHtmlCacheBehavior [ RunTime:0.001000s ]
INFO: [ app_begin ] --END-- [ RunTime:0.001000s ]
SQL: SHOW COLUMNS FROM `t_dealerlibrary` [ RunTime:0.0070s ]
SQL: SELECT COUNT(f_indexid) AS tp_count FROM `t_dealerlibrary` WHERE `f_area` LIKE '%浙江%' AND `f_industrytype` = '酒水' LIMIT 1   [ RunTime:0.0610s ]
INFO: [ app_end ] --START--
INFO: Run Behavior\ShowPageTraceBehavior [ RunTime:0.001000s ]
INFO: [ app_end ] --END-- [ RunTime:0.001000s ]

[ 2015-10-08T17:24:21+08:00 ] 127.0.0.1 /wisdom/index.php/Api/Web/getDealer_List?area=%E6%B5%99%E6%B1%9F&industrytype=%E9%85%92%E6%B0%B4&dealername=&status=0&page=1
INFO: [ app_init ] --START--
INFO: Run Behavior\BuildLiteBehavior [ RunTime:0.000000s ]
INFO: [ app_init ] --END-- [ RunTime:0.000000s ]
INFO: [ app_begin ] --START--
INFO: Run Behavior\ReadHtmlCacheBehavior [ RunTime:0.001000s ]
INFO: [ app_begin ] --END-- [ RunTime:0.001000s ]
SQL: SHOW COLUMNS FROM `t_dealerlibrary` [ RunTime:0.0040s ]
SQL: SELECT COUNT(f_indexid) AS tp_count FROM `t_dealerlibrary` WHERE `f_area` LIKE '%浙江%' AND `f_industrytype` = '酒水' LIMIT 1   [ RunTime:0.0650s ]
SQL: SHOW COLUMNS FROM `t_dealerlibrary` [ RunTime:0.0070s ]
SQL: SELECT * FROM `t_dealerlibrary` WHERE `f_area` LIKE '%浙江%' AND `f_industrytype` = '酒水' ORDER BY f_indexid desc LIMIT 0,18   [ RunTime:0.4060s ]
INFO: [ app_end ] --START--
INFO: Run Behavior\ShowPageTraceBehavior [ RunTime:0.001000s ]
INFO: [ app_end ] --END-- [ RunTime:0.002000s ]

[ 2015-10-08T17:28:01+08:00 ] 127.0.0.1 /wisdom/index.php/Api/Web/getDealer_ListNo?area=&industrytype=%E9%85%92%E6%B0%B4&dealername=&status=0&page=1
INFO: [ app_init ] --START--
INFO: Run Behavior\BuildLiteBehavior [ RunTime:0.000000s ]
INFO: [ app_init ] --END-- [ RunTime:0.000000s ]
INFO: [ app_begin ] --START--
INFO: Run Behavior\ReadHtmlCacheBehavior [ RunTime:0.001000s ]
INFO: [ app_begin ] --END-- [ RunTime:0.001000s ]
SQL: SHOW COLUMNS FROM `t_dealerlibrary` [ RunTime:0.0150s ]
SQL: SELECT COUNT(f_indexid) AS tp_count FROM `t_dealerlibrary` WHERE `f_industrytype` = '酒水' LIMIT 1   [ RunTime:0.0750s ]
INFO: [ app_end ] --START--
INFO: Run Behavior\ShowPageTraceBehavior [ RunTime:0.003000s ]
INFO: [ app_end ] --END-- [ RunTime:0.003000s ]

[ 2015-10-08T17:28:01+08:00 ] 127.0.0.1 /wisdom/index.php/Api/Web/getDealer_List?area=&industrytype=%E9%85%92%E6%B0%B4&dealername=&status=0&page=1
INFO: [ app_init ] --START--
INFO: Run Behavior\BuildLiteBehavior [ RunTime:0.000000s ]
INFO: [ app_init ] --END-- [ RunTime:0.001000s ]
INFO: [ app_begin ] --START--
INFO: Run Behavior\ReadHtmlCacheBehavior [ RunTime:0.001000s ]
INFO: [ app_begin ] --END-- [ RunTime:0.001000s ]
SQL: SHOW COLUMNS FROM `t_dealerlibrary` [ RunTime:0.0050s ]
SQL: SELECT COUNT(f_indexid) AS tp_count FROM `t_dealerlibrary` WHERE `f_industrytype` = '酒水' LIMIT 1   [ RunTime:0.0560s ]
SQL: SHOW COLUMNS FROM `t_dealerlibrary` [ RunTime:0.0060s ]
SQL: SELECT * FROM `t_dealerlibrary` WHERE `f_industrytype` = '酒水' ORDER BY f_indexid desc LIMIT 0,18   [ RunTime:0.1590s ]
INFO: [ app_end ] --START--
INFO: Run Behavior\ShowPageTraceBehavior [ RunTime:0.001000s ]
INFO: [ app_end ] --END-- [ RunTime:0.001000s ]

[ 2015-10-08T17:28:55+08:00 ] 127.0.0.1 /wisdom/index.php/Api/Web/getDealer_ListNo?area=&industrytype=&dealername=&status=&page=1
INFO: [ app_init ] --START--
INFO: Run Behavior\BuildLiteBehavior [ RunTime:0.000000s ]
INFO: [ app_init ] --END-- [ RunTime:0.000000s ]
INFO: [ app_begin ] --START--
INFO: Run Behavior\ReadHtmlCacheBehavior [ RunTime:0.001000s ]
INFO: [ app_begin ] --END-- [ RunTime:0.001000s ]
SQL: SHOW COLUMNS FROM `t_dealerlibrary` [ RunTime:0.0110s ]
SQL: SELECT COUNT(f_indexid) AS tp_count FROM `t_dealerlibrary` LIMIT 1   [ RunTime:0.0100s ]
INFO: [ app_end ] --START--
INFO: Run Behavior\ShowPageTraceBehavior [ RunTime:0.000000s ]
INFO: [ app_end ] --END-- [ RunTime:0.000000s ]

[ 2015-10-08T17:28:55+08:00 ] 127.0.0.1 /wisdom/index.php/Api/Web/getDealer_List?area=&industrytype=&dealername=&status=&page=1
INFO: [ app_init ] --START--
INFO: Run Behavior\BuildLiteBehavior [ RunTime:0.000000s ]
INFO: [ app_init ] --END-- [ RunTime:0.001000s ]
INFO: [ app_begin ] --START--
INFO: Run Behavior\ReadHtmlCacheBehavior [ RunTime:0.001000s ]
INFO: [ app_begin ] --END-- [ RunTime:0.001000s ]
SQL: SHOW COLUMNS FROM `t_dealerlibrary` [ RunTime:0.0150s ]
SQL: SELECT COUNT(f_indexid) AS tp_count FROM `t_dealerlibrary` LIMIT 1   [ RunTime:0.0090s ]
SQL: SHOW COLUMNS FROM `t_dealerlibrary` [ RunTime:0.0110s ]
SQL: SELECT * FROM `t_dealerlibrary` ORDER BY f_indexid desc LIMIT 0,18   [ RunTime:0.0100s ]
INFO: [ app_end ] --START--
INFO: Run Behavior\ShowPageTraceBehavior [ RunTime:0.001000s ]
INFO: [ app_end ] --END-- [ RunTime:0.001000s ]

[ 2015-10-08T17:29:06+08:00 ] 127.0.0.1 /wisdom/index.php/Api/Web/getDealer_ListNo?area=%E6%B5%99%E6%B1%9F&industrytype=%E9%85%92%E6%B0%B4&dealername=&status=0&page=1
INFO: [ app_init ] --START--
INFO: Run Behavior\BuildLiteBehavior [ RunTime:0.000000s ]
INFO: [ app_init ] --END-- [ RunTime:0.000000s ]
INFO: [ app_begin ] --START--
INFO: Run Behavior\ReadHtmlCacheBehavior [ RunTime:0.001000s ]
INFO: [ app_begin ] --END-- [ RunTime:0.001000s ]
SQL: SHOW COLUMNS FROM `t_dealerlibrary` [ RunTime:0.0110s ]
SQL: SELECT COUNT(f_indexid) AS tp_count FROM `t_dealerlibrary` WHERE `f_area` LIKE '%浙江%' AND `f_industrytype` = '酒水' LIMIT 1   [ RunTime:0.0690s ]
INFO: [ app_end ] --START--
INFO: Run Behavior\ShowPageTraceBehavior [ RunTime:0.001001s ]
INFO: [ app_end ] --END-- [ RunTime:0.001001s ]

[ 2015-10-08T17:29:07+08:00 ] 127.0.0.1 /wisdom/index.php/Api/Web/getDealer_List?area=%E6%B5%99%E6%B1%9F&industrytype=%E9%85%92%E6%B0%B4&dealername=&status=0&page=1
INFO: [ app_init ] --START--
INFO: Run Behavior\BuildLiteBehavior [ RunTime:0.000000s ]
INFO: [ app_init ] --END-- [ RunTime:0.001000s ]
INFO: [ app_begin ] --START--
INFO: Run Behavior\ReadHtmlCacheBehavior [ RunTime:0.001000s ]
INFO: [ app_begin ] --END-- [ RunTime:0.001000s ]
SQL: SHOW COLUMNS FROM `t_dealerlibrary` [ RunTime:0.0140s ]
SQL: SELECT COUNT(f_indexid) AS tp_count FROM `t_dealerlibrary` WHERE `f_area` LIKE '%浙江%' AND `f_industrytype` = '酒水' LIMIT 1   [ RunTime:0.0660s ]
SQL: SHOW COLUMNS FROM `t_dealerlibrary` [ RunTime:0.0100s ]
SQL: SELECT * FROM `t_dealerlibrary` WHERE `f_area` LIKE '%浙江%' AND `f_industrytype` = '酒水' ORDER BY f_indexid desc LIMIT 0,18   [ RunTime:0.1440s ]
INFO: [ app_end ] --START--
INFO: Run Behavior\ShowPageTraceBehavior [ RunTime:0.000000s ]
INFO: [ app_end ] --END-- [ RunTime:0.000000s ]

[ 2015-10-08T17:29:19+08:00 ] 127.0.0.1 /wisdom/index.php/Api/Web/getDealer_ListNo?area=%E6%AD%A6%E4%B9%89&industrytype=%E9%85%92%E6%B0%B4&dealername=&status=0&page=1
INFO: [ app_init ] --START--
INFO: Run Behavior\BuildLiteBehavior [ RunTime:0.000000s ]
INFO: [ app_init ] --END-- [ RunTime:0.000000s ]
INFO: [ app_begin ] --START--
INFO: Run Behavior\ReadHtmlCacheBehavior [ RunTime:0.001000s ]
INFO: [ app_begin ] --END-- [ RunTime:0.001000s ]
SQL: SHOW COLUMNS FROM `t_dealerlibrary` [ RunTime:0.0040s ]
SQL: SELECT COUNT(f_indexid) AS tp_count FROM `t_dealerlibrary` WHERE `f_area` LIKE '%武义%' AND `f_industrytype` = '酒水' LIMIT 1   [ RunTime:0.0620s ]
INFO: [ app_end ] --START--
INFO: Run Behavior\ShowPageTraceBehavior [ RunTime:0.001000s ]
INFO: [ app_end ] --END-- [ RunTime:0.002000s ]

[ 2015-10-08T17:29:19+08:00 ] 127.0.0.1 /wisdom/index.php/Api/Web/getDealer_List?area=%E6%AD%A6%E4%B9%89&industrytype=%E9%85%92%E6%B0%B4&dealername=&status=0&page=1
INFO: [ app_init ] --START--
INFO: Run Behavior\BuildLiteBehavior [ RunTime:0.000000s ]
INFO: [ app_init ] --END-- [ RunTime:0.001000s ]
INFO: [ app_begin ] --START--
INFO: Run Behavior\ReadHtmlCacheBehavior [ RunTime:0.002000s ]
INFO: [ app_begin ] --END-- [ RunTime:0.002000s ]
SQL: SHOW COLUMNS FROM `t_dealerlibrary` [ RunTime:0.0080s ]
SQL: SELECT COUNT(f_indexid) AS tp_count FROM `t_dealerlibrary` WHERE `f_area` LIKE '%武义%' AND `f_industrytype` = '酒水' LIMIT 1   [ RunTime:0.0700s ]
SQL: SHOW COLUMNS FROM `t_dealerlibrary` [ RunTime:0.0090s ]
SQL: SELECT * FROM `t_dealerlibrary` WHERE `f_area` LIKE '%武义%' AND `f_industrytype` = '酒水' ORDER BY f_indexid desc LIMIT 0,18   [ RunTime:0.2150s ]
INFO: [ app_end ] --START--
INFO: Run Behavior\ShowPageTraceBehavior [ RunTime:0.000000s ]
INFO: [ app_end ] --END-- [ RunTime:0.001000s ]

[ 2015-10-08T17:29:25+08:00 ] 127.0.0.1 /wisdom/index.php/Api/Web/getDealer_ListNo?area=&industrytype=%E9%85%92%E6%B0%B4&dealername=&status=0&page=1
INFO: [ app_init ] --START--
INFO: Run Behavior\BuildLiteBehavior [ RunTime:0.000000s ]
INFO: [ app_init ] --END-- [ RunTime:0.000000s ]
INFO: [ app_begin ] --START--
INFO: Run Behavior\ReadHtmlCacheBehavior [ RunTime:0.000000s ]
INFO: [ app_begin ] --END-- [ RunTime:0.000000s ]
SQL: SHOW COLUMNS FROM `t_dealerlibrary` [ RunTime:0.0060s ]
SQL: SELECT COUNT(f_indexid) AS tp_count FROM `t_dealerlibrary` WHERE `f_industrytype` = '酒水' LIMIT 1   [ RunTime:0.0570s ]
INFO: [ app_end ] --START--
INFO: Run Behavior\ShowPageTraceBehavior [ RunTime:0.000000s ]
INFO: [ app_end ] --END-- [ RunTime:0.000000s ]

[ 2015-10-08T17:29:25+08:00 ] 127.0.0.1 /wisdom/index.php/Api/Web/getDealer_List?area=&industrytype=%E9%85%92%E6%B0%B4&dealername=&status=0&page=1
INFO: [ app_init ] --START--
INFO: Run Behavior\BuildLiteBehavior [ RunTime:0.000000s ]
INFO: [ app_init ] --END-- [ RunTime:0.000000s ]
INFO: [ app_begin ] --START--
INFO: Run Behavior\ReadHtmlCacheBehavior [ RunTime:0.001000s ]
INFO: [ app_begin ] --END-- [ RunTime:0.001000s ]
SQL: SHOW COLUMNS FROM `t_dealerlibrary` [ RunTime:0.0100s ]
SQL: SELECT COUNT(f_indexid) AS tp_count FROM `t_dealerlibrary` WHERE `f_industrytype` = '酒水' LIMIT 1   [ RunTime:0.0580s ]
SQL: SHOW COLUMNS FROM `t_dealerlibrary` [ RunTime:0.0110s ]
SQL: SELECT * FROM `t_dealerlibrary` WHERE `f_industrytype` = '酒水' ORDER BY f_indexid desc LIMIT 0,18   [ RunTime:0.1510s ]
INFO: [ app_end ] --START--
INFO: Run Behavior\ShowPageTraceBehavior [ RunTime:0.001000s ]
INFO: [ app_end ] --END-- [ RunTime:0.001000s ]

[ 2015-10-08T17:31:38+08:00 ] 127.0.0.1 /wisdom/index.php/Api/Web/getDealer_ListNo?area=&industrytype=&dealername=&status=&page=1
INFO: [ app_init ] --START--
INFO: Run Behavior\BuildLiteBehavior [ RunTime:0.000000s ]
INFO: [ app_init ] --END-- [ RunTime:0.000000s ]
INFO: [ app_begin ] --START--
INFO: Run Behavior\ReadHtmlCacheBehavior [ RunTime:0.001000s ]
INFO: [ app_begin ] --END-- [ RunTime:0.001000s ]
SQL: SHOW COLUMNS FROM `t_dealerlibrary` [ RunTime:0.0090s ]
SQL: SELECT COUNT(f_indexid) AS tp_count FROM `t_dealerlibrary` LIMIT 1   [ RunTime:0.0070s ]
INFO: [ app_end ] --START--
INFO: Run Behavior\ShowPageTraceBehavior [ RunTime:0.000000s ]
INFO: [ app_end ] --END-- [ RunTime:0.000000s ]

[ 2015-10-08T17:31:38+08:00 ] 127.0.0.1 /wisdom/index.php/Api/Web/getDealer_List?area=&industrytype=&dealername=&status=&page=1
INFO: [ app_init ] --START--
INFO: Run Behavior\BuildLiteBehavior [ RunTime:0.000000s ]
INFO: [ app_init ] --END-- [ RunTime:0.000000s ]
INFO: [ app_begin ] --START--
INFO: Run Behavior\ReadHtmlCacheBehavior [ RunTime:0.000000s ]
INFO: [ app_begin ] --END-- [ RunTime:0.000000s ]
SQL: SHOW COLUMNS FROM `t_dealerlibrary` [ RunTime:0.0090s ]
SQL: SELECT COUNT(f_indexid) AS tp_count FROM `t_dealerlibrary` LIMIT 1   [ RunTime:0.0020s ]
SQL: SHOW COLUMNS FROM `t_dealerlibrary` [ RunTime:0.0070s ]
SQL: SELECT * FROM `t_dealerlibrary` ORDER BY f_indexid desc LIMIT 0,18   [ RunTime:0.0040s ]
INFO: [ app_end ] --START--
INFO: Run Behavior\ShowPageTraceBehavior [ RunTime:0.001000s ]
INFO: [ app_end ] --END-- [ RunTime:0.001000s ]

[ 2015-10-08T17:33:34+08:00 ] 127.0.0.1 /wisdom/index.php/Api/Web/getDealer_ListNo?area=&industrytype=&dealername=&status=&page=1
INFO: [ app_init ] --START--
INFO: Run Behavior\BuildLiteBehavior [ RunTime:0.000000s ]
INFO: [ app_init ] --END-- [ RunTime:0.001000s ]
INFO: [ app_begin ] --START--
INFO: Run Behavior\ReadHtmlCacheBehavior [ RunTime:0.000000s ]
INFO: [ app_begin ] --END-- [ RunTime:0.000000s ]
SQL: SHOW COLUMNS FROM `t_dealerlibrary` [ RunTime:0.0040s ]
SQL: SELECT COUNT(f_indexid) AS tp_count FROM `t_dealerlibrary` LIMIT 1   [ RunTime:0.0030s ]
INFO: [ app_end ] --START--
INFO: Run Behavior\ShowPageTraceBehavior [ RunTime:0.001000s ]
INFO: [ app_end ] --END-- [ RunTime:0.001000s ]

[ 2015-10-08T17:33:34+08:00 ] 127.0.0.1 /wisdom/index.php/Api/Web/getDealer_List?area=&industrytype=&dealername=&status=&page=1
INFO: [ app_init ] --START--
INFO: Run Behavior\BuildLiteBehavior [ RunTime:0.000000s ]
INFO: [ app_init ] --END-- [ RunTime:0.001000s ]
INFO: [ app_begin ] --START--
INFO: Run Behavior\ReadHtmlCacheBehavior [ RunTime:0.001000s ]
INFO: [ app_begin ] --END-- [ RunTime:0.001000s ]

[ 2015-10-08T17:33:36+08:00 ] 127.0.0.1 /wisdom/index.php/Api/Web/getDealer_ListNo?area=&industrytype=&dealername=&status=&page=1
INFO: [ app_init ] --START--
INFO: Run Behavior\BuildLiteBehavior [ RunTime:0.000000s ]
INFO: [ app_init ] --END-- [ RunTime:0.000000s ]
INFO: [ app_begin ] --START--
INFO: Run Behavior\ReadHtmlCacheBehavior [ RunTime:0.001000s ]
INFO: [ app_begin ] --END-- [ RunTime:0.001000s ]
SQL: SHOW COLUMNS FROM `t_dealerlibrary` [ RunTime:0.0040s ]
SQL: SELECT COUNT(f_indexid) AS tp_count FROM `t_dealerlibrary` LIMIT 1   [ RunTime:0.0040s ]
INFO: [ app_end ] --START--
INFO: Run Behavior\ShowPageTraceBehavior [ RunTime:0.001000s ]
INFO: [ app_end ] --END-- [ RunTime:0.001000s ]

[ 2015-10-08T17:33:36+08:00 ] 127.0.0.1 /wisdom/index.php/Api/Web/getDealer_List?area=&industrytype=&dealername=&status=&page=1
INFO: [ app_init ] --START--
INFO: Run Behavior\BuildLiteBehavior [ RunTime:0.000000s ]
INFO: [ app_init ] --END-- [ RunTime:0.001000s ]
INFO: [ app_begin ] --START--
INFO: Run Behavior\ReadHtmlCacheBehavior [ RunTime:0.001000s ]
INFO: [ app_begin ] --END-- [ RunTime:0.001000s ]

[ 2015-10-08T17:33:39+08:00 ] 127.0.0.1 /wisdom/index.php/Api/Web/getDealer_ListNo?area=&industrytype=&dealername=&status=&page=1
INFO: [ app_init ] --START--
INFO: Run Behavior\BuildLiteBehavior [ RunTime:0.000000s ]
INFO: [ app_init ] --END-- [ RunTime:0.000000s ]
INFO: [ app_begin ] --START--
INFO: Run Behavior\ReadHtmlCacheBehavior [ RunTime:0.001000s ]
INFO: [ app_begin ] --END-- [ RunTime:0.001000s ]
SQL: SHOW COLUMNS FROM `t_dealerlibrary` [ RunTime:0.0050s ]
SQL: SELECT COUNT(f_indexid) AS tp_count FROM `t_dealerlibrary` LIMIT 1   [ RunTime:0.0040s ]
INFO: [ app_end ] --START--
INFO: Run Behavior\ShowPageTraceBehavior [ RunTime:0.001000s ]
INFO: [ app_end ] --END-- [ RunTime:0.001000s ]

[ 2015-10-08T17:33:39+08:00 ] 127.0.0.1 /wisdom/index.php/Api/Web/getDealer_List?area=&industrytype=&dealername=&status=&page=1
INFO: [ app_init ] --START--
INFO: Run Behavior\BuildLiteBehavior [ RunTime:0.000000s ]
INFO: [ app_init ] --END-- [ RunTime:0.001000s ]
INFO: [ app_begin ] --START--
INFO: Run Behavior\ReadHtmlCacheBehavior [ RunTime:0.001000s ]
INFO: [ app_begin ] --END-- [ RunTime:0.001000s ]
SQL: SHOW COLUMNS FROM `t_dealerlibrary` [ RunTime:0.0110s ]
SQL: SELECT COUNT(f_indexid) AS tp_count FROM `t_dealerlibrary` LIMIT 1   [ RunTime:0.0100s ]
SQL: SHOW COLUMNS FROM `t_dealerlibrary` [ RunTime:0.0110s ]
SQL: SELECT * FROM `t_dealerlibrary` ORDER BY f_indexid desc LIMIT 0,18   [ RunTime:0.0110s ]
INFO: [ app_end ] --START--
INFO: Run Behavior\ShowPageTraceBehavior [ RunTime:0.000000s ]
INFO: [ app_end ] --END-- [ RunTime:0.000000s ]

[ 2015-10-08T17:33:46+08:00 ] 127.0.0.1 /wisdom/index.php/Api/Web/getDealer_ListNo?area=&industrytype=&dealername=&status=&page=1
INFO: [ app_init ] --START--
INFO: Run Behavior\BuildLiteBehavior [ RunTime:0.000000s ]
INFO: [ app_init ] --END-- [ RunTime:0.001000s ]
INFO: [ app_begin ] --START--
INFO: Run Behavior\ReadHtmlCacheBehavior [ RunTime:0.001000s ]
INFO: [ app_begin ] --END-- [ RunTime:0.001000s ]
SQL: SHOW COLUMNS FROM `t_dealerlibrary` [ RunTime:0.0100s ]
SQL: SELECT COUNT(f_indexid) AS tp_count FROM `t_dealerlibrary` LIMIT 1   [ RunTime:0.0100s ]
INFO: [ app_end ] --START--
INFO: Run Behavior\ShowPageTraceBehavior [ RunTime:0.000000s ]
INFO: [ app_end ] --END-- [ RunTime:0.002000s ]

[ 2015-10-08T17:33:46+08:00 ] 127.0.0.1 /wisdom/index.php/Api/Web/getDealer_List?area=&industrytype=&dealername=&status=&page=1
INFO: [ app_init ] --START--
INFO: Run Behavior\BuildLiteBehavior [ RunTime:0.000000s ]
INFO: [ app_init ] --END-- [ RunTime:0.000000s ]
INFO: [ app_begin ] --START--
INFO: Run Behavior\ReadHtmlCacheBehavior [ RunTime:0.001000s ]
INFO: [ app_begin ] --END-- [ RunTime:0.001000s ]
SQL: SHOW COLUMNS FROM `t_dealerlibrary` [ RunTime:0.0050s ]
SQL: SELECT COUNT(f_indexid) AS tp_count FROM `t_dealerlibrary` LIMIT 1   [ RunTime:0.0030s ]
SQL: SHOW COLUMNS FROM `t_dealerlibrary` [ RunTime:0.0050s ]
SQL: SELECT * FROM `t_dealerlibrary` ORDER BY f_indexid desc LIMIT 0,18   [ RunTime:0.0040s ]
INFO: [ app_end ] --START--
INFO: Run Behavior\ShowPageTraceBehavior [ RunTime:0.001000s ]
INFO: [ app_end ] --END-- [ RunTime:0.001000s ]

[ 2015-10-08T17:33:54+08:00 ] 127.0.0.1 /wisdom/index.php/Api/Web/getDealer_ListNo?area=&industrytype=%E9%85%92%E6%B0%B4&dealername=&status=0&page=1
INFO: [ app_init ] --START--
INFO: Run Behavior\BuildLiteBehavior [ RunTime:0.000000s ]
INFO: [ app_init ] --END-- [ RunTime:0.000000s ]
INFO: [ app_begin ] --START--
INFO: Run Behavior\ReadHtmlCacheBehavior [ RunTime:0.000000s ]
INFO: [ app_begin ] --END-- [ RunTime:0.000000s ]
SQL: SHOW COLUMNS FROM `t_dealerlibrary` [ RunTime:0.0050s ]
SQL: SELECT COUNT(f_indexid) AS tp_count FROM `t_dealerlibrary` WHERE `f_industrytype` = '酒水' LIMIT 1   [ RunTime:0.0570s ]
INFO: [ app_end ] --START--
INFO: Run Behavior\ShowPageTraceBehavior [ RunTime:0.000000s ]
INFO: [ app_end ] --END-- [ RunTime:0.000000s ]

[ 2015-10-08T17:33:54+08:00 ] 127.0.0.1 /wisdom/index.php/Api/Web/getDealer_List?area=&industrytype=%E9%85%92%E6%B0%B4&dealername=&status=0&page=1
INFO: [ app_init ] --START--
INFO: Run Behavior\BuildLiteBehavior [ RunTime:0.000000s ]
INFO: [ app_init ] --END-- [ RunTime:0.001000s ]
INFO: [ app_begin ] --START--
INFO: Run Behavior\ReadHtmlCacheBehavior [ RunTime:0.001000s ]
INFO: [ app_begin ] --END-- [ RunTime:0.001000s ]

[ 2015-10-08T20:34:19+08:00 ] 127.0.0.1 /wisdom/index.php/Api/Web/getDealer_ListNo?area=&industrytype=&dealername=&status=&page=1
INFO: [ app_init ] --START--
INFO: Run Behavior\BuildLiteBehavior [ RunTime:0.000000s ]
INFO: [ app_init ] --END-- [ RunTime:0.001000s ]
INFO: [ app_begin ] --START--
INFO: Run Behavior\ReadHtmlCacheBehavior [ RunTime:0.001000s ]
INFO: [ app_begin ] --END-- [ RunTime:0.001000s ]
SQL: SHOW COLUMNS FROM `t_dealerlibrary` [ RunTime:0.0040s ]
SQL: SELECT COUNT(f_indexid) AS tp_count FROM `t_dealerlibrary` LIMIT 1   [ RunTime:0.0070s ]
INFO: [ app_end ] --START--
INFO: Run Behavior\ShowPageTraceBehavior [ RunTime:0.001000s ]
INFO: [ app_end ] --END-- [ RunTime:0.001000s ]

[ 2015-10-08T20:34:20+08:00 ] 127.0.0.1 /wisdom/index.php/Api/Web/getDealer_List?area=&industrytype=&dealername=&status=&page=1
INFO: [ app_init ] --START--
INFO: Run Behavior\BuildLiteBehavior [ RunTime:0.000000s ]
INFO: [ app_init ] --END-- [ RunTime:0.001000s ]
INFO: [ app_begin ] --START--
INFO: Run Behavior\ReadHtmlCacheBehavior [ RunTime:0.001000s ]
INFO: [ app_begin ] --END-- [ RunTime:0.001000s ]
SQL: SHOW COLUMNS FROM `t_dealerlibrary` [ RunTime:0.0100s ]
SQL: SELECT COUNT(f_indexid) AS tp_count FROM `t_dealerlibrary` LIMIT 1   [ RunTime:0.0060s ]
SQL: SHOW COLUMNS FROM `t_dealerlibrary` [ RunTime:0.0120s ]
SQL: SELECT * FROM `t_dealerlibrary` ORDER BY f_indexid desc LIMIT 0,18   [ RunTime:0.0040s ]
INFO: [ app_end ] --START--
INFO: Run Behavior\ShowPageTraceBehavior [ RunTime:0.001000s ]
INFO: [ app_end ] --END-- [ RunTime:0.002000s ]

